2017-12-01 17:11:09,872 [1] U.Logging.ULog4netLogger - (null) - Loading UPrimes...
2017-12-01 17:11:10,280 [1] U.Logging.ULog4netLogger - (null) - Found 11 UPrimes in total.
2017-12-01 17:11:10,287 [1] U.Logging.ULog4netLogger - (null) - Loaded UPrime: UZeroConsole.UZeroConsoleUPrime, UZeroConsole, Version=0.1.4.2, Culture=neutral, PublicKeyToken=null
2017-12-01 17:11:10,287 [1] U.Logging.ULog4netLogger - (null) - Loaded UPrime: U.ULeadershipUPrime, U, Version=0.5.7.4, Culture=neutral, PublicKeyToken=null
2017-12-01 17:11:10,288 [1] U.Logging.ULog4netLogger - (null) - Loaded UPrime: UZeroConsole.Web.UZeroConsoleWebUPrime, UZeroConsole.Web, Version=0.1.4.2, Culture=neutral, PublicKeyToken=null
2017-12-01 17:11:10,288 [1] U.Logging.ULog4netLogger - (null) - Loaded UPrime: U.FakeMvc.UFakeMvcUPrime, U.FakeMvc, Version=0.5.7.4, Culture=neutral, PublicKeyToken=null
2017-12-01 17:11:10,290 [1] U.Logging.ULog4netLogger - (null) - Loaded UPrime: U.Hangfire.UHangfireUPrime, U.HangFire, Version=0.5.7.4, Culture=neutral, PublicKeyToken=null
2017-12-01 17:11:10,291 [1] U.Logging.ULog4netLogger - (null) - Loaded UPrime: UZeroConsole.Logging.UZeroConsoleLoggingUPrime, UZeroConsole.Logging, Version=0.1.4.2, Culture=neutral, PublicKeyToken=null
2017-12-01 17:11:10,292 [1] U.Logging.ULog4netLogger - (null) - Loaded UPrime: U.Web.UWebUPrime, U.Web, Version=0.5.7.4, Culture=neutral, PublicKeyToken=null
2017-12-01 17:11:10,292 [1] U.Logging.ULog4netLogger - (null) - Loaded UPrime: U.EntityFramework.UEntityFrameworkUPrime, U.EntityFramework, Version=0.5.7.4, Culture=neutral, PublicKeyToken=null
2017-12-01 17:11:10,293 [1] U.Logging.ULog4netLogger - (null) - Loaded UPrime: U.AutoMapper.UAutoMapperUPrime, U.AutoMapper, Version=0.5.7.4, Culture=neutral, PublicKeyToken=null
2017-12-01 17:11:10,294 [1] U.Logging.ULog4netLogger - (null) - Loaded UPrime: U.WebApi.UWebApiUPrime, U.Web.Api, Version=0.5.7.4, Culture=neutral, PublicKeyToken=null
2017-12-01 17:11:10,294 [1] U.Logging.ULog4netLogger - (null) - Loaded UPrime: UZeroConsole.EntityFramework.UZeroConsoleEntityFrameworkUPrime, UZeroConsole.EntityFramework, Version=0.1.4.2, Culture=neutral, PublicKeyToken=null
2017-12-01 17:11:10,299 [1] U.Logging.ULog4netLogger - (null) - 11 UPrime loaded.
2017-12-01 17:11:10,518 [1] Hangfire.SqlServer.SqlServerStorage - (null) - Start installing Hangfire SQL objects...
2017-12-01 17:11:10,690 [1] Hangfire.SqlServer.SqlServerStorage - (null) - Hangfire SQL objects installed.
2017-12-01 17:11:10,946 [1] U.Logging.ULog4netLogger - (null) - Start background worker£ºU.Hangfire.HangfireBackgroundJobManager
2017-12-01 17:11:10,955 [1] Hangfire.BackgroundJobServer - (null) - Starting Hangfire Server
2017-12-01 17:11:10,958 [1] Hangfire.BackgroundJobServer - (null) - Using job storage: 'SQL Server: 120.132.57.7,1444@UZeroConsole.Tests'.
2017-12-01 17:11:10,958 [1] Hangfire.BackgroundJobServer - (null) - Using the following options for SQL Server job storage:
2017-12-01 17:11:10,958 [1] Hangfire.BackgroundJobServer - (null) -     Queue poll interval: 00:00:15.
2017-12-01 17:11:10,958 [1] Hangfire.BackgroundJobServer - (null) - Using the following options for Hangfire Server:
2017-12-01 17:11:10,959 [1] Hangfire.BackgroundJobServer - (null) -     Worker count: 40.
2017-12-01 17:11:10,959 [1] Hangfire.BackgroundJobServer - (null) -     Listening queues: 'default'.
2017-12-01 17:11:10,959 [1] Hangfire.BackgroundJobServer - (null) -     Shutdown timeout: 00:00:15.
2017-12-01 17:11:10,959 [1] Hangfire.BackgroundJobServer - (null) -     Schedule polling interval: 00:00:15.
2017-12-01 17:11:10,967 [BackgroundProcessingServer] Hangfire.Server.BackgroundProcessingServer - (null) - Background process 'BackgroundProcessingServer' started.
2017-12-01 17:11:11,020 [ServerHeartbeat] Hangfire.Server.ServerHeartbeat - (null) - Background process 'ServerHeartbeat' started.
2017-12-01 17:11:11,021 [ServerWatchdog] Hangfire.Server.ServerWatchdog - (null) - Background process 'ServerWatchdog' started.
2017-12-01 17:11:11,023 [Hangfire.SqlServer.ExpirationManager] Hangfire.SqlServer.ExpirationManager - (null) - Background process 'Hangfire.SqlServer.ExpirationManager' started.
2017-12-01 17:11:11,025 [Hangfire.SqlServer.CountersAggregator] Hangfire.SqlServer.CountersAggregator - (null) - Background process 'Hangfire.SqlServer.CountersAggregator' started.
2017-12-01 17:11:11,025 [Worker #6f497b18] Hangfire.Server.Worker - (null) - Background process 'Worker #6f497b18' started.
2017-12-01 17:11:11,026 [Hangfire.SqlServer.CountersAggregator] Hangfire.SqlServer.CountersAggregator - (null) - Aggregating records in 'Counter' table...
2017-12-01 17:11:11,026 [Worker #bd1a0c08] Hangfire.Server.Worker - (null) - Background process 'Worker #bd1a0c08' started.
2017-12-01 17:11:11,026 [Hangfire.SqlServer.ExpirationManager] Hangfire.SqlServer.ExpirationManager - (null) - Removing outdated records from table 'AggregatedCounter'...
2017-12-01 17:11:11,027 [Worker #5b1c53dc] Hangfire.Server.Worker - (null) - Background process 'Worker #5b1c53dc' started.
2017-12-01 17:11:11,028 [Worker #d2e203ad] Hangfire.Server.Worker - (null) - Background process 'Worker #d2e203ad' started.
2017-12-01 17:11:11,030 [Worker #2eb69de1] Hangfire.Server.Worker - (null) - Background process 'Worker #2eb69de1' started.
2017-12-01 17:11:11,031 [Worker #c325815c] Hangfire.Server.Worker - (null) - Background process 'Worker #c325815c' started.
2017-12-01 17:11:11,031 [Worker #16838ab0] Hangfire.Server.Worker - (null) - Background process 'Worker #16838ab0' started.
2017-12-01 17:11:11,032 [Worker #0b410066] Hangfire.Server.Worker - (null) - Background process 'Worker #0b410066' started.
2017-12-01 17:11:11,033 [Worker #1b0c0bf6] Hangfire.Server.Worker - (null) - Background process 'Worker #1b0c0bf6' started.
2017-12-01 17:11:11,033 [Worker #aac657cb] Hangfire.Server.Worker - (null) - Background process 'Worker #aac657cb' started.
2017-12-01 17:11:11,034 [Worker #9d39d545] Hangfire.Server.Worker - (null) - Background process 'Worker #9d39d545' started.
2017-12-01 17:11:11,035 [Worker #bd9913f0] Hangfire.Server.Worker - (null) - Background process 'Worker #bd9913f0' started.
2017-12-01 17:11:11,035 [Worker #f9ec3c70] Hangfire.Server.Worker - (null) - Background process 'Worker #f9ec3c70' started.
2017-12-01 17:11:11,035 [Worker #8af47950] Hangfire.Server.Worker - (null) - Background process 'Worker #8af47950' started.
2017-12-01 17:11:11,036 [Worker #3752120a] Hangfire.Server.Worker - (null) - Background process 'Worker #3752120a' started.
2017-12-01 17:11:11,036 [Worker #d364713e] Hangfire.Server.Worker - (null) - Background process 'Worker #d364713e' started.
2017-12-01 17:11:11,037 [Worker #4b089244] Hangfire.Server.Worker - (null) - Background process 'Worker #4b089244' started.
2017-12-01 17:11:11,037 [Worker #2938fd4d] Hangfire.Server.Worker - (null) - Background process 'Worker #2938fd4d' started.
2017-12-01 17:11:11,038 [Worker #f6aba7bb] Hangfire.Server.Worker - (null) - Background process 'Worker #f6aba7bb' started.
2017-12-01 17:11:11,038 [Worker #c330a19f] Hangfire.Server.Worker - (null) - Background process 'Worker #c330a19f' started.
2017-12-01 17:11:11,039 [Worker #9979eecd] Hangfire.Server.Worker - (null) - Background process 'Worker #9979eecd' started.
2017-12-01 17:11:11,039 [Worker #381666ff] Hangfire.Server.Worker - (null) - Background process 'Worker #381666ff' started.
2017-12-01 17:11:11,040 [Worker #63b7badf] Hangfire.Server.Worker - (null) - Background process 'Worker #63b7badf' started.
2017-12-01 17:11:11,041 [Worker #d12c26a2] Hangfire.Server.Worker - (null) - Background process 'Worker #d12c26a2' started.
2017-12-01 17:11:11,041 [Worker #5fcd266a] Hangfire.Server.Worker - (null) - Background process 'Worker #5fcd266a' started.
2017-12-01 17:11:11,042 [Worker #880ae024] Hangfire.Server.Worker - (null) - Background process 'Worker #880ae024' started.
2017-12-01 17:11:11,042 [Worker #a5285926] Hangfire.Server.Worker - (null) - Background process 'Worker #a5285926' started.
2017-12-01 17:11:11,043 [Worker #2bfa99b1] Hangfire.Server.Worker - (null) - Background process 'Worker #2bfa99b1' started.
2017-12-01 17:11:11,043 [Worker #4072ca22] Hangfire.Server.Worker - (null) - Background process 'Worker #4072ca22' started.
2017-12-01 17:11:11,044 [Worker #b1b50e19] Hangfire.Server.Worker - (null) - Background process 'Worker #b1b50e19' started.
2017-12-01 17:11:11,044 [Worker #f9f22976] Hangfire.Server.Worker - (null) - Background process 'Worker #f9f22976' started.
2017-12-01 17:11:11,045 [Worker #1bc56625] Hangfire.Server.Worker - (null) - Background process 'Worker #1bc56625' started.
2017-12-01 17:11:11,045 [Worker #f7176069] Hangfire.Server.Worker - (null) - Background process 'Worker #f7176069' started.
2017-12-01 17:11:11,045 [Worker #6f6be8a7] Hangfire.Server.Worker - (null) - Background process 'Worker #6f6be8a7' started.
2017-12-01 17:11:11,046 [Worker #46353d45] Hangfire.Server.Worker - (null) - Background process 'Worker #46353d45' started.
2017-12-01 17:11:11,046 [Worker #5419e3bd] Hangfire.Server.Worker - (null) - Background process 'Worker #5419e3bd' started.
2017-12-01 17:11:11,047 [Worker #cec86fa7] Hangfire.Server.Worker - (null) - Background process 'Worker #cec86fa7' started.
2017-12-01 17:11:11,047 [Worker #baa8199b] Hangfire.Server.Worker - (null) - Background process 'Worker #baa8199b' started.
2017-12-01 17:11:11,047 [Worker #e6ed07b7] Hangfire.Server.Worker - (null) - Background process 'Worker #e6ed07b7' started.
2017-12-01 17:11:11,048 [Worker #1b233974] Hangfire.Server.Worker - (null) - Background process 'Worker #1b233974' started.
2017-12-01 17:11:11,049 [DelayedJobScheduler] Hangfire.Server.DelayedJobScheduler - (null) - Background process 'DelayedJobScheduler' started.
2017-12-01 17:11:11,049 [RecurringJobScheduler] Hangfire.Server.RecurringJobScheduler - (null) - Background process 'RecurringJobScheduler' started.
2017-12-01 17:11:11,186 [Hangfire.SqlServer.ExpirationManager] Hangfire.SqlServer.ExpirationManager - (null) - Removing outdated records from table 'Job'...
2017-12-01 17:11:11,190 [ServerWatchdog] Hangfire.Server.ServerWatchdog - (null) - 1 servers were removed due to timeout
2017-12-01 17:11:11,309 [1] U.Logging.ULog4netLogger - (null) - Found 0 classes defines auto mapping attributes
2017-12-01 17:11:11,310 [1] U.Logging.ULog4netLogger - (null) - (^_^)(^_^)(^_^) UStarter startup completed.
2017-12-01 17:11:12,001 [Hangfire.SqlServer.ExpirationManager] Hangfire.SqlServer.ExpirationManager - (null) - Removing outdated records from table 'List'...
2017-12-01 17:11:12,096 [Hangfire.SqlServer.ExpirationManager] Hangfire.SqlServer.ExpirationManager - (null) - Removing outdated records from table 'Set'...
2017-12-01 17:11:12,192 [Hangfire.SqlServer.ExpirationManager] Hangfire.SqlServer.ExpirationManager - (null) - Removing outdated records from table 'Hash'...
2017-12-01 17:16:11,085 [Hangfire.SqlServer.CountersAggregator] Hangfire.SqlServer.CountersAggregator - (null) - Aggregating records in 'Counter' table...
2017-12-01 17:21:11,118 [Hangfire.SqlServer.CountersAggregator] Hangfire.SqlServer.CountersAggregator - (null) - Aggregating records in 'Counter' table...
2017-12-01 17:26:11,160 [Hangfire.SqlServer.CountersAggregator] Hangfire.SqlServer.CountersAggregator - (null) - Aggregating records in 'Counter' table...
2017-12-01 17:31:11,193 [Hangfire.SqlServer.CountersAggregator] Hangfire.SqlServer.CountersAggregator - (null) - Aggregating records in 'Counter' table...
2017-12-01 17:36:11,230 [Hangfire.SqlServer.CountersAggregator] Hangfire.SqlServer.CountersAggregator - (null) - Aggregating records in 'Counter' table...
2017-12-01 17:41:11,263 [Hangfire.SqlServer.CountersAggregator] Hangfire.SqlServer.CountersAggregator - (null) - Aggregating records in 'Counter' table...
2017-12-01 17:46:11,295 [Hangfire.SqlServer.CountersAggregator] Hangfire.SqlServer.CountersAggregator - (null) - Aggregating records in 'Counter' table...
2017-12-01 17:51:11,329 [Hangfire.SqlServer.CountersAggregator] Hangfire.SqlServer.CountersAggregator - (null) - Aggregating records in 'Counter' table...
2017-12-01 17:56:11,364 [Hangfire.SqlServer.CountersAggregator] Hangfire.SqlServer.CountersAggregator - (null) - Aggregating records in 'Counter' table...
2017-12-01 18:01:11,397 [Hangfire.SqlServer.CountersAggregator] Hangfire.SqlServer.CountersAggregator - (null) - Aggregating records in 'Counter' table...
2017-12-01 18:06:11,432 [Hangfire.SqlServer.CountersAggregator] Hangfire.SqlServer.CountersAggregator - (null) - Aggregating records in 'Counter' table...
2017-12-01 18:11:11,464 [Hangfire.SqlServer.CountersAggregator] Hangfire.SqlServer.CountersAggregator - (null) - Aggregating records in 'Counter' table...
2017-12-01 18:11:12,289 [Hangfire.SqlServer.ExpirationManager] Hangfire.SqlServer.ExpirationManager - (null) - Removing outdated records from table 'AggregatedCounter'...
2017-12-01 18:11:12,376 [Hangfire.SqlServer.ExpirationManager] Hangfire.SqlServer.ExpirationManager - (null) - Removing outdated records from table 'Job'...
2017-12-01 18:11:12,464 [Hangfire.SqlServer.ExpirationManager] Hangfire.SqlServer.ExpirationManager - (null) - Removing outdated records from table 'List'...
2017-12-01 18:11:12,552 [Hangfire.SqlServer.ExpirationManager] Hangfire.SqlServer.ExpirationManager - (null) - Removing outdated records from table 'Set'...
2017-12-01 18:11:12,640 [Hangfire.SqlServer.ExpirationManager] Hangfire.SqlServer.ExpirationManager - (null) - Removing outdated records from table 'Hash'...
2017-12-01 18:16:11,498 [Hangfire.SqlServer.CountersAggregator] Hangfire.SqlServer.CountersAggregator - (null) - Aggregating records in 'Counter' table...
2017-12-01 18:21:11,532 [Hangfire.SqlServer.CountersAggregator] Hangfire.SqlServer.CountersAggregator - (null) - Aggregating records in 'Counter' table...
2017-12-01 18:26:11,564 [Hangfire.SqlServer.CountersAggregator] Hangfire.SqlServer.CountersAggregator - (null) - Aggregating records in 'Counter' table...
2017-12-01 18:31:11,597 [Hangfire.SqlServer.CountersAggregator] Hangfire.SqlServer.CountersAggregator - (null) - Aggregating records in 'Counter' table...
2017-12-01 18:36:11,630 [Hangfire.SqlServer.CountersAggregator] Hangfire.SqlServer.CountersAggregator - (null) - Aggregating records in 'Counter' table...
2017-12-01 18:41:11,662 [Hangfire.SqlServer.CountersAggregator] Hangfire.SqlServer.CountersAggregator - (null) - Aggregating records in 'Counter' table...
2017-12-01 18:46:11,694 [Hangfire.SqlServer.CountersAggregator] Hangfire.SqlServer.CountersAggregator - (null) - Aggregating records in 'Counter' table...
2017-12-01 18:51:11,726 [Hangfire.SqlServer.CountersAggregator] Hangfire.SqlServer.CountersAggregator - (null) - Aggregating records in 'Counter' table...
2017-12-01 18:56:11,758 [Hangfire.SqlServer.CountersAggregator] Hangfire.SqlServer.CountersAggregator - (null) - Aggregating records in 'Counter' table...
2017-12-01 19:01:11,794 [Hangfire.SqlServer.CountersAggregator] Hangfire.SqlServer.CountersAggregator - (null) - Aggregating records in 'Counter' table...
