2017-12-05 08:55:02,823 [1] U.Logging.ULog4netLogger - (null) - Loading UPrimes...
2017-12-05 08:55:03,171 [1] U.Logging.ULog4netLogger - (null) - Found 11 UPrimes in total.
2017-12-05 08:55:03,176 [1] U.Logging.ULog4netLogger - (null) - Loaded UPrime: UZeroConsole.UZeroConsoleUPrime, UZeroConsole, Version=0.1.5.2, Culture=neutral, PublicKeyToken=null
2017-12-05 08:55:03,177 [1] U.Logging.ULog4netLogger - (null) - Loaded UPrime: U.ULeadershipUPrime, U, Version=0.5.7.4, Culture=neutral, PublicKeyToken=null
2017-12-05 08:55:03,177 [1] U.Logging.ULog4netLogger - (null) - Loaded UPrime: UZeroConsole.Web.UZeroConsoleWebUPrime, UZeroConsole.Web, Version=0.1.5.2, Culture=neutral, PublicKeyToken=null
2017-12-05 08:55:03,178 [1] U.Logging.ULog4netLogger - (null) - Loaded UPrime: U.FakeMvc.UFakeMvcUPrime, U.FakeMvc, Version=0.5.7.4, Culture=neutral, PublicKeyToken=null
2017-12-05 08:55:03,179 [1] U.Logging.ULog4netLogger - (null) - Loaded UPrime: U.Hangfire.UHangfireUPrime, U.HangFire, Version=0.5.7.4, Culture=neutral, PublicKeyToken=null
2017-12-05 08:55:03,179 [1] U.Logging.ULog4netLogger - (null) - Loaded UPrime: UZeroConsole.Logging.UZeroConsoleLoggingUPrime, UZeroConsole.Logging, Version=0.1.5.2, Culture=neutral, PublicKeyToken=null
2017-12-05 08:55:03,179 [1] U.Logging.ULog4netLogger - (null) - Loaded UPrime: U.Web.UWebUPrime, U.Web, Version=0.5.7.4, Culture=neutral, PublicKeyToken=null
2017-12-05 08:55:03,180 [1] U.Logging.ULog4netLogger - (null) - Loaded UPrime: U.EntityFramework.UEntityFrameworkUPrime, U.EntityFramework, Version=0.5.7.4, Culture=neutral, PublicKeyToken=null
2017-12-05 08:55:03,181 [1] U.Logging.ULog4netLogger - (null) - Loaded UPrime: U.AutoMapper.UAutoMapperUPrime, U.AutoMapper, Version=0.5.7.4, Culture=neutral, PublicKeyToken=null
2017-12-05 08:55:03,181 [1] U.Logging.ULog4netLogger - (null) - Loaded UPrime: U.WebApi.UWebApiUPrime, U.Web.Api, Version=0.5.7.4, Culture=neutral, PublicKeyToken=null
2017-12-05 08:55:03,182 [1] U.Logging.ULog4netLogger - (null) - Loaded UPrime: UZeroConsole.EntityFramework.UZeroConsoleEntityFrameworkUPrime, UZeroConsole.EntityFramework, Version=0.1.5.2, Culture=neutral, PublicKeyToken=null
2017-12-05 08:55:03,184 [1] U.Logging.ULog4netLogger - (null) - 11 UPrime loaded.
2017-12-05 08:55:03,417 [1] Hangfire.SqlServer.SqlServerStorage - (null) - Start installing Hangfire SQL objects...
2017-12-05 08:55:03,606 [1] Hangfire.SqlServer.SqlServerStorage - (null) - Hangfire SQL objects installed.
2017-12-05 08:55:03,839 [1] U.Logging.ULog4netLogger - (null) - Start background worker£ºU.Hangfire.HangfireBackgroundJobManager
2017-12-05 08:55:03,847 [1] Hangfire.BackgroundJobServer - (null) - Starting Hangfire Server
2017-12-05 08:55:03,850 [1] Hangfire.BackgroundJobServer - (null) - Using job storage: 'SQL Server: 120.132.57.7,1444@UZeroConsole.Tests'.
2017-12-05 08:55:03,850 [1] Hangfire.BackgroundJobServer - (null) - Using the following options for SQL Server job storage:
2017-12-05 08:55:03,851 [1] Hangfire.BackgroundJobServer - (null) -     Queue poll interval: 00:00:15.
2017-12-05 08:55:03,851 [1] Hangfire.BackgroundJobServer - (null) - Using the following options for Hangfire Server:
2017-12-05 08:55:03,851 [1] Hangfire.BackgroundJobServer - (null) -     Worker count: 40.
2017-12-05 08:55:03,851 [1] Hangfire.BackgroundJobServer - (null) -     Listening queues: 'default'.
2017-12-05 08:55:03,852 [1] Hangfire.BackgroundJobServer - (null) -     Shutdown timeout: 00:00:15.
2017-12-05 08:55:03,852 [1] Hangfire.BackgroundJobServer - (null) -     Schedule polling interval: 00:00:15.
2017-12-05 08:55:03,858 [BackgroundProcessingServer] Hangfire.Server.BackgroundProcessingServer - (null) - Background process 'BackgroundProcessingServer' started.
2017-12-05 08:55:03,910 [ServerHeartbeat] Hangfire.Server.ServerHeartbeat - (null) - Background process 'ServerHeartbeat' started.
2017-12-05 08:55:03,910 [ServerWatchdog] Hangfire.Server.ServerWatchdog - (null) - Background process 'ServerWatchdog' started.
2017-12-05 08:55:03,911 [Hangfire.SqlServer.ExpirationManager] Hangfire.SqlServer.ExpirationManager - (null) - Background process 'Hangfire.SqlServer.ExpirationManager' started.
2017-12-05 08:55:03,912 [Hangfire.SqlServer.ExpirationManager] Hangfire.SqlServer.ExpirationManager - (null) - Removing outdated records from table 'AggregatedCounter'...
2017-12-05 08:55:03,913 [Worker #45d853b7] Hangfire.Server.Worker - (null) - Background process 'Worker #45d853b7' started.
2017-12-05 08:55:03,912 [Hangfire.SqlServer.CountersAggregator] Hangfire.SqlServer.CountersAggregator - (null) - Background process 'Hangfire.SqlServer.CountersAggregator' started.
2017-12-05 08:55:03,913 [Worker #47545fcc] Hangfire.Server.Worker - (null) - Background process 'Worker #47545fcc' started.
2017-12-05 08:55:03,914 [Hangfire.SqlServer.CountersAggregator] Hangfire.SqlServer.CountersAggregator - (null) - Aggregating records in 'Counter' table...
2017-12-05 08:55:03,915 [Worker #42874347] Hangfire.Server.Worker - (null) - Background process 'Worker #42874347' started.
2017-12-05 08:55:03,917 [Worker #1b09cebc] Hangfire.Server.Worker - (null) - Background process 'Worker #1b09cebc' started.
2017-12-05 08:55:03,918 [Worker #1ceb338f] Hangfire.Server.Worker - (null) - Background process 'Worker #1ceb338f' started.
2017-12-05 08:55:03,918 [Worker #1ad18b85] Hangfire.Server.Worker - (null) - Background process 'Worker #1ad18b85' started.
2017-12-05 08:55:03,919 [Worker #0c7e33cd] Hangfire.Server.Worker - (null) - Background process 'Worker #0c7e33cd' started.
2017-12-05 08:55:03,919 [Worker #2de58755] Hangfire.Server.Worker - (null) - Background process 'Worker #2de58755' started.
2017-12-05 08:55:03,920 [Worker #b5fb91b0] Hangfire.Server.Worker - (null) - Background process 'Worker #b5fb91b0' started.
2017-12-05 08:55:03,920 [Worker #7e1264aa] Hangfire.Server.Worker - (null) - Background process 'Worker #7e1264aa' started.
2017-12-05 08:55:03,920 [Worker #d87b943b] Hangfire.Server.Worker - (null) - Background process 'Worker #d87b943b' started.
2017-12-05 08:55:03,921 [Worker #116c7f61] Hangfire.Server.Worker - (null) - Background process 'Worker #116c7f61' started.
2017-12-05 08:55:03,921 [Worker #b5697e14] Hangfire.Server.Worker - (null) - Background process 'Worker #b5697e14' started.
2017-12-05 08:55:03,922 [Worker #2d98c2a0] Hangfire.Server.Worker - (null) - Background process 'Worker #2d98c2a0' started.
2017-12-05 08:55:03,922 [Worker #20eb5e69] Hangfire.Server.Worker - (null) - Background process 'Worker #20eb5e69' started.
2017-12-05 08:55:03,923 [Worker #42e7f4ed] Hangfire.Server.Worker - (null) - Background process 'Worker #42e7f4ed' started.
2017-12-05 08:55:03,923 [Worker #65f06eb0] Hangfire.Server.Worker - (null) - Background process 'Worker #65f06eb0' started.
2017-12-05 08:55:03,924 [Worker #0eff5516] Hangfire.Server.Worker - (null) - Background process 'Worker #0eff5516' started.
2017-12-05 08:55:03,924 [Worker #40cea592] Hangfire.Server.Worker - (null) - Background process 'Worker #40cea592' started.
2017-12-05 08:55:03,924 [Worker #5992ad94] Hangfire.Server.Worker - (null) - Background process 'Worker #5992ad94' started.
2017-12-05 08:55:03,925 [Worker #edc27e7a] Hangfire.Server.Worker - (null) - Background process 'Worker #edc27e7a' started.
2017-12-05 08:55:03,925 [Worker #fe44f55c] Hangfire.Server.Worker - (null) - Background process 'Worker #fe44f55c' started.
2017-12-05 08:55:03,926 [Worker #797f364c] Hangfire.Server.Worker - (null) - Background process 'Worker #797f364c' started.
2017-12-05 08:55:03,926 [Worker #bc17e982] Hangfire.Server.Worker - (null) - Background process 'Worker #bc17e982' started.
2017-12-05 08:55:03,927 [Worker #b0a39bc1] Hangfire.Server.Worker - (null) - Background process 'Worker #b0a39bc1' started.
2017-12-05 08:55:03,927 [Worker #5e1d570e] Hangfire.Server.Worker - (null) - Background process 'Worker #5e1d570e' started.
2017-12-05 08:55:03,928 [Worker #94f3f866] Hangfire.Server.Worker - (null) - Background process 'Worker #94f3f866' started.
2017-12-05 08:55:03,928 [Worker #6bdb97d8] Hangfire.Server.Worker - (null) - Background process 'Worker #6bdb97d8' started.
2017-12-05 08:55:03,928 [Worker #a3ba64fb] Hangfire.Server.Worker - (null) - Background process 'Worker #a3ba64fb' started.
2017-12-05 08:55:03,929 [Worker #dae8fb22] Hangfire.Server.Worker - (null) - Background process 'Worker #dae8fb22' started.
2017-12-05 08:55:03,930 [Worker #03544b9e] Hangfire.Server.Worker - (null) - Background process 'Worker #03544b9e' started.
2017-12-05 08:55:03,930 [Worker #e7a60078] Hangfire.Server.Worker - (null) - Background process 'Worker #e7a60078' started.
2017-12-05 08:55:03,930 [Worker #c49c75e0] Hangfire.Server.Worker - (null) - Background process 'Worker #c49c75e0' started.
2017-12-05 08:55:03,931 [Worker #66105efe] Hangfire.Server.Worker - (null) - Background process 'Worker #66105efe' started.
2017-12-05 08:55:03,933 [Worker #81717ef0] Hangfire.Server.Worker - (null) - Background process 'Worker #81717ef0' started.
2017-12-05 08:55:03,933 [Worker #ff2ef60a] Hangfire.Server.Worker - (null) - Background process 'Worker #ff2ef60a' started.
2017-12-05 08:55:03,934 [Worker #110ab182] Hangfire.Server.Worker - (null) - Background process 'Worker #110ab182' started.
2017-12-05 08:55:03,935 [Worker #b9c98d20] Hangfire.Server.Worker - (null) - Background process 'Worker #b9c98d20' started.
2017-12-05 08:55:03,935 [Worker #0e87b698] Hangfire.Server.Worker - (null) - Background process 'Worker #0e87b698' started.
2017-12-05 08:55:03,936 [Worker #1ac0af22] Hangfire.Server.Worker - (null) - Background process 'Worker #1ac0af22' started.
2017-12-05 08:55:03,936 [DelayedJobScheduler] Hangfire.Server.DelayedJobScheduler - (null) - Background process 'DelayedJobScheduler' started.
2017-12-05 08:55:03,937 [RecurringJobScheduler] Hangfire.Server.RecurringJobScheduler - (null) - Background process 'RecurringJobScheduler' started.
2017-12-05 08:55:04,053 [Hangfire.SqlServer.ExpirationManager] Hangfire.SqlServer.ExpirationManager - (null) - Removing outdated records from table 'Job'...
2017-12-05 08:55:04,133 [1] U.Logging.ULog4netLogger - (null) - Found 0 classes defines auto mapping attributes
2017-12-05 08:55:04,133 [1] U.Logging.ULog4netLogger - (null) - (^_^)(^_^)(^_^) UStarter startup completed.
2017-12-05 08:55:05,085 [Hangfire.SqlServer.ExpirationManager] Hangfire.SqlServer.ExpirationManager - (null) - Removing outdated records from table 'List'...
2017-12-05 08:55:05,197 [Hangfire.SqlServer.ExpirationManager] Hangfire.SqlServer.ExpirationManager - (null) - Removing outdated records from table 'Set'...
2017-12-05 08:55:05,304 [Hangfire.SqlServer.ExpirationManager] Hangfire.SqlServer.ExpirationManager - (null) - Removing outdated records from table 'Hash'...
