2018-01-30 00:00:03,179 [Hangfire.SqlServer.CountersAggregator] Hangfire.SqlServer.CountersAggregator - (null) - Aggregating records in 'Counter' table...
2018-01-30 00:05:03,220 [Hangfire.SqlServer.CountersAggregator] Hangfire.SqlServer.CountersAggregator - (null) - Aggregating records in 'Counter' table...
2018-01-30 00:10:03,253 [Hangfire.SqlServer.CountersAggregator] Hangfire.SqlServer.CountersAggregator - (null) - Aggregating records in 'Counter' table...
2018-01-30 00:15:03,288 [Hangfire.SqlServer.CountersAggregator] Hangfire.SqlServer.CountersAggregator - (null) - Aggregating records in 'Counter' table...
2018-01-30 00:20:03,321 [Hangfire.SqlServer.CountersAggregator] Hangfire.SqlServer.CountersAggregator - (null) - Aggregating records in 'Counter' table...
2018-01-30 00:25:03,357 [Hangfire.SqlServer.CountersAggregator] Hangfire.SqlServer.CountersAggregator - (null) - Aggregating records in 'Counter' table...
2018-01-30 00:30:03,391 [Hangfire.SqlServer.CountersAggregator] Hangfire.SqlServer.CountersAggregator - (null) - Aggregating records in 'Counter' table...
2018-01-30 00:35:03,424 [Hangfire.SqlServer.CountersAggregator] Hangfire.SqlServer.CountersAggregator - (null) - Aggregating records in 'Counter' table...
2018-01-30 00:40:03,458 [Hangfire.SqlServer.CountersAggregator] Hangfire.SqlServer.CountersAggregator - (null) - Aggregating records in 'Counter' table...
2018-01-30 00:40:04,497 [Hangfire.SqlServer.ExpirationManager] Hangfire.SqlServer.ExpirationManager - (null) - Removing outdated records from table 'AggregatedCounter'...
2018-01-30 00:40:04,588 [Hangfire.SqlServer.ExpirationManager] Hangfire.SqlServer.ExpirationManager - (null) - Removing outdated records from table 'Job'...
2018-01-30 00:40:04,679 [Hangfire.SqlServer.ExpirationManager] Hangfire.SqlServer.ExpirationManager - (null) - Removing outdated records from table 'List'...
2018-01-30 00:40:04,770 [Hangfire.SqlServer.ExpirationManager] Hangfire.SqlServer.ExpirationManager - (null) - Removing outdated records from table 'Set'...
2018-01-30 00:40:04,861 [Hangfire.SqlServer.ExpirationManager] Hangfire.SqlServer.ExpirationManager - (null) - Removing outdated records from table 'Hash'...
2018-01-30 00:45:03,492 [Hangfire.SqlServer.CountersAggregator] Hangfire.SqlServer.CountersAggregator - (null) - Aggregating records in 'Counter' table...
2018-01-30 00:50:03,525 [Hangfire.SqlServer.CountersAggregator] Hangfire.SqlServer.CountersAggregator - (null) - Aggregating records in 'Counter' table...
2018-01-30 00:55:03,557 [Hangfire.SqlServer.CountersAggregator] Hangfire.SqlServer.CountersAggregator - (null) - Aggregating records in 'Counter' table...
2018-01-30 01:00:03,590 [Hangfire.SqlServer.CountersAggregator] Hangfire.SqlServer.CountersAggregator - (null) - Aggregating records in 'Counter' table...
2018-01-30 01:05:03,624 [Hangfire.SqlServer.CountersAggregator] Hangfire.SqlServer.CountersAggregator - (null) - Aggregating records in 'Counter' table...
2018-01-30 01:10:03,659 [Hangfire.SqlServer.CountersAggregator] Hangfire.SqlServer.CountersAggregator - (null) - Aggregating records in 'Counter' table...
2018-01-30 01:15:03,693 [Hangfire.SqlServer.CountersAggregator] Hangfire.SqlServer.CountersAggregator - (null) - Aggregating records in 'Counter' table...
2018-01-30 01:20:03,726 [Hangfire.SqlServer.CountersAggregator] Hangfire.SqlServer.CountersAggregator - (null) - Aggregating records in 'Counter' table...
2018-01-30 01:25:03,759 [Hangfire.SqlServer.CountersAggregator] Hangfire.SqlServer.CountersAggregator - (null) - Aggregating records in 'Counter' table...
2018-01-30 01:30:03,795 [Hangfire.SqlServer.CountersAggregator] Hangfire.SqlServer.CountersAggregator - (null) - Aggregating records in 'Counter' table...
2018-01-30 01:35:03,828 [Hangfire.SqlServer.CountersAggregator] Hangfire.SqlServer.CountersAggregator - (null) - Aggregating records in 'Counter' table...
2018-01-30 01:40:03,863 [Hangfire.SqlServer.CountersAggregator] Hangfire.SqlServer.CountersAggregator - (null) - Aggregating records in 'Counter' table...
2018-01-30 01:40:04,953 [Hangfire.SqlServer.ExpirationManager] Hangfire.SqlServer.ExpirationManager - (null) - Removing outdated records from table 'AggregatedCounter'...
2018-01-30 01:40:05,042 [Hangfire.SqlServer.ExpirationManager] Hangfire.SqlServer.ExpirationManager - (null) - Removing outdated records from table 'Job'...
2018-01-30 01:40:05,132 [Hangfire.SqlServer.ExpirationManager] Hangfire.SqlServer.ExpirationManager - (null) - Removing outdated records from table 'List'...
2018-01-30 01:40:05,220 [Hangfire.SqlServer.ExpirationManager] Hangfire.SqlServer.ExpirationManager - (null) - Removing outdated records from table 'Set'...
2018-01-30 01:40:05,309 [Hangfire.SqlServer.ExpirationManager] Hangfire.SqlServer.ExpirationManager - (null) - Removing outdated records from table 'Hash'...
2018-01-30 01:45:03,897 [Hangfire.SqlServer.CountersAggregator] Hangfire.SqlServer.CountersAggregator - (null) - Aggregating records in 'Counter' table...
2018-01-30 01:50:03,930 [Hangfire.SqlServer.CountersAggregator] Hangfire.SqlServer.CountersAggregator - (null) - Aggregating records in 'Counter' table...
2018-01-30 01:55:03,964 [Hangfire.SqlServer.CountersAggregator] Hangfire.SqlServer.CountersAggregator - (null) - Aggregating records in 'Counter' table...
2018-01-30 02:00:03,999 [Hangfire.SqlServer.CountersAggregator] Hangfire.SqlServer.CountersAggregator - (null) - Aggregating records in 'Counter' table...
2018-01-30 02:05:04,033 [Hangfire.SqlServer.CountersAggregator] Hangfire.SqlServer.CountersAggregator - (null) - Aggregating records in 'Counter' table...
2018-01-30 02:10:04,067 [Hangfire.SqlServer.CountersAggregator] Hangfire.SqlServer.CountersAggregator - (null) - Aggregating records in 'Counter' table...
2018-01-30 02:15:04,102 [Hangfire.SqlServer.CountersAggregator] Hangfire.SqlServer.CountersAggregator - (null) - Aggregating records in 'Counter' table...
2018-01-30 02:20:04,136 [Hangfire.SqlServer.CountersAggregator] Hangfire.SqlServer.CountersAggregator - (null) - Aggregating records in 'Counter' table...
2018-01-30 02:25:04,170 [Hangfire.SqlServer.CountersAggregator] Hangfire.SqlServer.CountersAggregator - (null) - Aggregating records in 'Counter' table...
2018-01-30 02:30:04,203 [Hangfire.SqlServer.CountersAggregator] Hangfire.SqlServer.CountersAggregator - (null) - Aggregating records in 'Counter' table...
2018-01-30 02:35:04,236 [Hangfire.SqlServer.CountersAggregator] Hangfire.SqlServer.CountersAggregator - (null) - Aggregating records in 'Counter' table...
2018-01-30 02:40:04,270 [Hangfire.SqlServer.CountersAggregator] Hangfire.SqlServer.CountersAggregator - (null) - Aggregating records in 'Counter' table...
2018-01-30 02:40:05,400 [Hangfire.SqlServer.ExpirationManager] Hangfire.SqlServer.ExpirationManager - (null) - Removing outdated records from table 'AggregatedCounter'...
2018-01-30 02:40:05,488 [Hangfire.SqlServer.ExpirationManager] Hangfire.SqlServer.ExpirationManager - (null) - Removing outdated records from table 'Job'...
2018-01-30 02:40:05,576 [Hangfire.SqlServer.ExpirationManager] Hangfire.SqlServer.ExpirationManager - (null) - Removing outdated records from table 'List'...
2018-01-30 02:40:05,662 [Hangfire.SqlServer.ExpirationManager] Hangfire.SqlServer.ExpirationManager - (null) - Removing outdated records from table 'Set'...
2018-01-30 02:40:05,749 [Hangfire.SqlServer.ExpirationManager] Hangfire.SqlServer.ExpirationManager - (null) - Removing outdated records from table 'Hash'...
2018-01-30 02:45:04,304 [Hangfire.SqlServer.CountersAggregator] Hangfire.SqlServer.CountersAggregator - (null) - Aggregating records in 'Counter' table...
2018-01-30 02:50:04,339 [Hangfire.SqlServer.CountersAggregator] Hangfire.SqlServer.CountersAggregator - (null) - Aggregating records in 'Counter' table...
2018-01-30 02:55:04,373 [Hangfire.SqlServer.CountersAggregator] Hangfire.SqlServer.CountersAggregator - (null) - Aggregating records in 'Counter' table...
2018-01-30 03:00:04,405 [Hangfire.SqlServer.CountersAggregator] Hangfire.SqlServer.CountersAggregator - (null) - Aggregating records in 'Counter' table...
2018-01-30 03:05:04,439 [Hangfire.SqlServer.CountersAggregator] Hangfire.SqlServer.CountersAggregator - (null) - Aggregating records in 'Counter' table...
2018-01-30 03:10:04,473 [Hangfire.SqlServer.CountersAggregator] Hangfire.SqlServer.CountersAggregator - (null) - Aggregating records in 'Counter' table...
2018-01-30 03:15:04,506 [Hangfire.SqlServer.CountersAggregator] Hangfire.SqlServer.CountersAggregator - (null) - Aggregating records in 'Counter' table...
2018-01-30 03:20:04,541 [Hangfire.SqlServer.CountersAggregator] Hangfire.SqlServer.CountersAggregator - (null) - Aggregating records in 'Counter' table...
2018-01-30 03:25:04,575 [Hangfire.SqlServer.CountersAggregator] Hangfire.SqlServer.CountersAggregator - (null) - Aggregating records in 'Counter' table...
2018-01-30 03:30:04,608 [Hangfire.SqlServer.CountersAggregator] Hangfire.SqlServer.CountersAggregator - (null) - Aggregating records in 'Counter' table...
2018-01-30 03:35:04,648 [Hangfire.SqlServer.CountersAggregator] Hangfire.SqlServer.CountersAggregator - (null) - Aggregating records in 'Counter' table...
2018-01-30 03:40:04,681 [Hangfire.SqlServer.CountersAggregator] Hangfire.SqlServer.CountersAggregator - (null) - Aggregating records in 'Counter' table...
2018-01-30 03:40:05,839 [Hangfire.SqlServer.ExpirationManager] Hangfire.SqlServer.ExpirationManager - (null) - Removing outdated records from table 'AggregatedCounter'...
2018-01-30 03:40:05,927 [Hangfire.SqlServer.ExpirationManager] Hangfire.SqlServer.ExpirationManager - (null) - Removing outdated records from table 'Job'...
2018-01-30 03:40:06,015 [Hangfire.SqlServer.ExpirationManager] Hangfire.SqlServer.ExpirationManager - (null) - Removing outdated records from table 'List'...
2018-01-30 03:40:06,107 [Hangfire.SqlServer.ExpirationManager] Hangfire.SqlServer.ExpirationManager - (null) - Removing outdated records from table 'Set'...
2018-01-30 03:40:06,195 [Hangfire.SqlServer.ExpirationManager] Hangfire.SqlServer.ExpirationManager - (null) - Removing outdated records from table 'Hash'...
2018-01-30 03:45:04,716 [Hangfire.SqlServer.CountersAggregator] Hangfire.SqlServer.CountersAggregator - (null) - Aggregating records in 'Counter' table...
2018-01-30 03:50:04,751 [Hangfire.SqlServer.CountersAggregator] Hangfire.SqlServer.CountersAggregator - (null) - Aggregating records in 'Counter' table...
2018-01-30 03:55:04,806 [Hangfire.SqlServer.CountersAggregator] Hangfire.SqlServer.CountersAggregator - (null) - Aggregating records in 'Counter' table...
2018-01-30 04:00:04,838 [Hangfire.SqlServer.CountersAggregator] Hangfire.SqlServer.CountersAggregator - (null) - Aggregating records in 'Counter' table...
2018-01-30 04:05:04,870 [Hangfire.SqlServer.CountersAggregator] Hangfire.SqlServer.CountersAggregator - (null) - Aggregating records in 'Counter' table...
2018-01-30 04:10:04,905 [Hangfire.SqlServer.CountersAggregator] Hangfire.SqlServer.CountersAggregator - (null) - Aggregating records in 'Counter' table...
2018-01-30 04:15:04,940 [Hangfire.SqlServer.CountersAggregator] Hangfire.SqlServer.CountersAggregator - (null) - Aggregating records in 'Counter' table...
2018-01-30 04:20:04,975 [Hangfire.SqlServer.CountersAggregator] Hangfire.SqlServer.CountersAggregator - (null) - Aggregating records in 'Counter' table...
2018-01-30 04:25:05,007 [Hangfire.SqlServer.CountersAggregator] Hangfire.SqlServer.CountersAggregator - (null) - Aggregating records in 'Counter' table...
2018-01-30 04:30:05,041 [Hangfire.SqlServer.CountersAggregator] Hangfire.SqlServer.CountersAggregator - (null) - Aggregating records in 'Counter' table...
2018-01-30 04:35:05,073 [Hangfire.SqlServer.CountersAggregator] Hangfire.SqlServer.CountersAggregator - (null) - Aggregating records in 'Counter' table...
2018-01-30 04:40:05,105 [Hangfire.SqlServer.CountersAggregator] Hangfire.SqlServer.CountersAggregator - (null) - Aggregating records in 'Counter' table...
2018-01-30 04:40:06,285 [Hangfire.SqlServer.ExpirationManager] Hangfire.SqlServer.ExpirationManager - (null) - Removing outdated records from table 'AggregatedCounter'...
2018-01-30 04:40:06,374 [Hangfire.SqlServer.ExpirationManager] Hangfire.SqlServer.ExpirationManager - (null) - Removing outdated records from table 'Job'...
2018-01-30 04:40:06,463 [Hangfire.SqlServer.ExpirationManager] Hangfire.SqlServer.ExpirationManager - (null) - Removing outdated records from table 'List'...
2018-01-30 04:40:06,551 [Hangfire.SqlServer.ExpirationManager] Hangfire.SqlServer.ExpirationManager - (null) - Removing outdated records from table 'Set'...
2018-01-30 04:40:06,640 [Hangfire.SqlServer.ExpirationManager] Hangfire.SqlServer.ExpirationManager - (null) - Removing outdated records from table 'Hash'...
2018-01-30 04:45:05,139 [Hangfire.SqlServer.CountersAggregator] Hangfire.SqlServer.CountersAggregator - (null) - Aggregating records in 'Counter' table...
2018-01-30 04:50:05,173 [Hangfire.SqlServer.CountersAggregator] Hangfire.SqlServer.CountersAggregator - (null) - Aggregating records in 'Counter' table...
2018-01-30 04:55:05,209 [Hangfire.SqlServer.CountersAggregator] Hangfire.SqlServer.CountersAggregator - (null) - Aggregating records in 'Counter' table...
2018-01-30 05:00:05,243 [Hangfire.SqlServer.CountersAggregator] Hangfire.SqlServer.CountersAggregator - (null) - Aggregating records in 'Counter' table...
2018-01-30 05:05:05,277 [Hangfire.SqlServer.CountersAggregator] Hangfire.SqlServer.CountersAggregator - (null) - Aggregating records in 'Counter' table...
2018-01-30 05:10:05,310 [Hangfire.SqlServer.CountersAggregator] Hangfire.SqlServer.CountersAggregator - (null) - Aggregating records in 'Counter' table...
2018-01-30 05:15:05,342 [Hangfire.SqlServer.CountersAggregator] Hangfire.SqlServer.CountersAggregator - (null) - Aggregating records in 'Counter' table...
2018-01-30 05:20:05,375 [Hangfire.SqlServer.CountersAggregator] Hangfire.SqlServer.CountersAggregator - (null) - Aggregating records in 'Counter' table...
2018-01-30 05:25:05,408 [Hangfire.SqlServer.CountersAggregator] Hangfire.SqlServer.CountersAggregator - (null) - Aggregating records in 'Counter' table...
2018-01-30 05:30:05,441 [Hangfire.SqlServer.CountersAggregator] Hangfire.SqlServer.CountersAggregator - (null) - Aggregating records in 'Counter' table...
2018-01-30 05:35:05,476 [Hangfire.SqlServer.CountersAggregator] Hangfire.SqlServer.CountersAggregator - (null) - Aggregating records in 'Counter' table...
2018-01-30 05:40:05,508 [Hangfire.SqlServer.CountersAggregator] Hangfire.SqlServer.CountersAggregator - (null) - Aggregating records in 'Counter' table...
2018-01-30 05:40:06,735 [Hangfire.SqlServer.ExpirationManager] Hangfire.SqlServer.ExpirationManager - (null) - Removing outdated records from table 'AggregatedCounter'...
2018-01-30 05:40:06,823 [Hangfire.SqlServer.ExpirationManager] Hangfire.SqlServer.ExpirationManager - (null) - Removing outdated records from table 'Job'...
2018-01-30 05:40:06,911 [Hangfire.SqlServer.ExpirationManager] Hangfire.SqlServer.ExpirationManager - (null) - Removing outdated records from table 'List'...
2018-01-30 05:40:06,998 [Hangfire.SqlServer.ExpirationManager] Hangfire.SqlServer.ExpirationManager - (null) - Removing outdated records from table 'Set'...
2018-01-30 05:40:07,088 [Hangfire.SqlServer.ExpirationManager] Hangfire.SqlServer.ExpirationManager - (null) - Removing outdated records from table 'Hash'...
2018-01-30 05:45:05,541 [Hangfire.SqlServer.CountersAggregator] Hangfire.SqlServer.CountersAggregator - (null) - Aggregating records in 'Counter' table...
2018-01-30 05:50:05,575 [Hangfire.SqlServer.CountersAggregator] Hangfire.SqlServer.CountersAggregator - (null) - Aggregating records in 'Counter' table...
2018-01-30 05:55:05,610 [Hangfire.SqlServer.CountersAggregator] Hangfire.SqlServer.CountersAggregator - (null) - Aggregating records in 'Counter' table...
2018-01-30 06:00:05,645 [Hangfire.SqlServer.CountersAggregator] Hangfire.SqlServer.CountersAggregator - (null) - Aggregating records in 'Counter' table...
2018-01-30 06:05:05,676 [Hangfire.SqlServer.CountersAggregator] Hangfire.SqlServer.CountersAggregator - (null) - Aggregating records in 'Counter' table...
2018-01-30 06:10:05,707 [Hangfire.SqlServer.CountersAggregator] Hangfire.SqlServer.CountersAggregator - (null) - Aggregating records in 'Counter' table...
2018-01-30 06:15:05,739 [Hangfire.SqlServer.CountersAggregator] Hangfire.SqlServer.CountersAggregator - (null) - Aggregating records in 'Counter' table...
2018-01-30 06:20:05,771 [Hangfire.SqlServer.CountersAggregator] Hangfire.SqlServer.CountersAggregator - (null) - Aggregating records in 'Counter' table...
2018-01-30 06:25:05,805 [Hangfire.SqlServer.CountersAggregator] Hangfire.SqlServer.CountersAggregator - (null) - Aggregating records in 'Counter' table...
2018-01-30 06:30:05,839 [Hangfire.SqlServer.CountersAggregator] Hangfire.SqlServer.CountersAggregator - (null) - Aggregating records in 'Counter' table...
2018-01-30 06:35:05,872 [Hangfire.SqlServer.CountersAggregator] Hangfire.SqlServer.CountersAggregator - (null) - Aggregating records in 'Counter' table...
2018-01-30 06:40:05,905 [Hangfire.SqlServer.CountersAggregator] Hangfire.SqlServer.CountersAggregator - (null) - Aggregating records in 'Counter' table...
2018-01-30 06:40:07,178 [Hangfire.SqlServer.ExpirationManager] Hangfire.SqlServer.ExpirationManager - (null) - Removing outdated records from table 'AggregatedCounter'...
2018-01-30 06:40:07,269 [Hangfire.SqlServer.ExpirationManager] Hangfire.SqlServer.ExpirationManager - (null) - Removing outdated records from table 'Job'...
2018-01-30 06:40:07,358 [Hangfire.SqlServer.ExpirationManager] Hangfire.SqlServer.ExpirationManager - (null) - Removing outdated records from table 'List'...
2018-01-30 06:40:07,450 [Hangfire.SqlServer.ExpirationManager] Hangfire.SqlServer.ExpirationManager - (null) - Removing outdated records from table 'Set'...
2018-01-30 06:40:07,540 [Hangfire.SqlServer.ExpirationManager] Hangfire.SqlServer.ExpirationManager - (null) - Removing outdated records from table 'Hash'...
2018-01-30 06:45:05,938 [Hangfire.SqlServer.CountersAggregator] Hangfire.SqlServer.CountersAggregator - (null) - Aggregating records in 'Counter' table...
2018-01-30 06:50:05,973 [Hangfire.SqlServer.CountersAggregator] Hangfire.SqlServer.CountersAggregator - (null) - Aggregating records in 'Counter' table...
2018-01-30 06:55:06,007 [Hangfire.SqlServer.CountersAggregator] Hangfire.SqlServer.CountersAggregator - (null) - Aggregating records in 'Counter' table...
2018-01-30 07:00:06,041 [Hangfire.SqlServer.CountersAggregator] Hangfire.SqlServer.CountersAggregator - (null) - Aggregating records in 'Counter' table...
2018-01-30 07:05:06,073 [Hangfire.SqlServer.CountersAggregator] Hangfire.SqlServer.CountersAggregator - (null) - Aggregating records in 'Counter' table...
2018-01-30 07:10:06,106 [Hangfire.SqlServer.CountersAggregator] Hangfire.SqlServer.CountersAggregator - (null) - Aggregating records in 'Counter' table...
2018-01-30 07:15:06,138 [Hangfire.SqlServer.CountersAggregator] Hangfire.SqlServer.CountersAggregator - (null) - Aggregating records in 'Counter' table...
2018-01-30 07:20:06,172 [Hangfire.SqlServer.CountersAggregator] Hangfire.SqlServer.CountersAggregator - (null) - Aggregating records in 'Counter' table...
2018-01-30 07:25:06,203 [Hangfire.SqlServer.CountersAggregator] Hangfire.SqlServer.CountersAggregator - (null) - Aggregating records in 'Counter' table...
2018-01-30 07:30:06,239 [Hangfire.SqlServer.CountersAggregator] Hangfire.SqlServer.CountersAggregator - (null) - Aggregating records in 'Counter' table...
2018-01-30 07:35:06,272 [Hangfire.SqlServer.CountersAggregator] Hangfire.SqlServer.CountersAggregator - (null) - Aggregating records in 'Counter' table...
2018-01-30 07:40:06,306 [Hangfire.SqlServer.CountersAggregator] Hangfire.SqlServer.CountersAggregator - (null) - Aggregating records in 'Counter' table...
2018-01-30 07:40:07,630 [Hangfire.SqlServer.ExpirationManager] Hangfire.SqlServer.ExpirationManager - (null) - Removing outdated records from table 'AggregatedCounter'...
2018-01-30 07:40:07,720 [Hangfire.SqlServer.ExpirationManager] Hangfire.SqlServer.ExpirationManager - (null) - Removing outdated records from table 'Job'...
2018-01-30 07:40:07,809 [Hangfire.SqlServer.ExpirationManager] Hangfire.SqlServer.ExpirationManager - (null) - Removing outdated records from table 'List'...
2018-01-30 07:40:07,899 [Hangfire.SqlServer.ExpirationManager] Hangfire.SqlServer.ExpirationManager - (null) - Removing outdated records from table 'Set'...
2018-01-30 07:40:07,988 [Hangfire.SqlServer.ExpirationManager] Hangfire.SqlServer.ExpirationManager - (null) - Removing outdated records from table 'Hash'...
2018-01-30 07:45:06,339 [Hangfire.SqlServer.CountersAggregator] Hangfire.SqlServer.CountersAggregator - (null) - Aggregating records in 'Counter' table...
2018-01-30 07:50:06,371 [Hangfire.SqlServer.CountersAggregator] Hangfire.SqlServer.CountersAggregator - (null) - Aggregating records in 'Counter' table...
2018-01-30 07:55:06,406 [Hangfire.SqlServer.CountersAggregator] Hangfire.SqlServer.CountersAggregator - (null) - Aggregating records in 'Counter' table...
2018-01-30 08:00:06,440 [Hangfire.SqlServer.CountersAggregator] Hangfire.SqlServer.CountersAggregator - (null) - Aggregating records in 'Counter' table...
2018-01-30 08:05:06,474 [Hangfire.SqlServer.CountersAggregator] Hangfire.SqlServer.CountersAggregator - (null) - Aggregating records in 'Counter' table...
2018-01-30 08:10:06,512 [Hangfire.SqlServer.CountersAggregator] Hangfire.SqlServer.CountersAggregator - (null) - Aggregating records in 'Counter' table...
2018-01-30 08:15:06,545 [Hangfire.SqlServer.CountersAggregator] Hangfire.SqlServer.CountersAggregator - (null) - Aggregating records in 'Counter' table...
2018-01-30 08:20:06,579 [Hangfire.SqlServer.CountersAggregator] Hangfire.SqlServer.CountersAggregator - (null) - Aggregating records in 'Counter' table...
2018-01-30 08:25:06,613 [Hangfire.SqlServer.CountersAggregator] Hangfire.SqlServer.CountersAggregator - (null) - Aggregating records in 'Counter' table...
2018-01-30 08:30:06,648 [Hangfire.SqlServer.CountersAggregator] Hangfire.SqlServer.CountersAggregator - (null) - Aggregating records in 'Counter' table...
2018-01-30 08:35:06,681 [Hangfire.SqlServer.CountersAggregator] Hangfire.SqlServer.CountersAggregator - (null) - Aggregating records in 'Counter' table...
2018-01-30 08:40:06,715 [Hangfire.SqlServer.CountersAggregator] Hangfire.SqlServer.CountersAggregator - (null) - Aggregating records in 'Counter' table...
2018-01-30 08:40:08,078 [Hangfire.SqlServer.ExpirationManager] Hangfire.SqlServer.ExpirationManager - (null) - Removing outdated records from table 'AggregatedCounter'...
2018-01-30 08:40:08,168 [Hangfire.SqlServer.ExpirationManager] Hangfire.SqlServer.ExpirationManager - (null) - Removing outdated records from table 'Job'...
2018-01-30 08:40:08,258 [Hangfire.SqlServer.ExpirationManager] Hangfire.SqlServer.ExpirationManager - (null) - Removing outdated records from table 'List'...
2018-01-30 08:40:08,348 [Hangfire.SqlServer.ExpirationManager] Hangfire.SqlServer.ExpirationManager - (null) - Removing outdated records from table 'Set'...
2018-01-30 08:40:08,440 [Hangfire.SqlServer.ExpirationManager] Hangfire.SqlServer.ExpirationManager - (null) - Removing outdated records from table 'Hash'...
2018-01-30 08:45:06,748 [Hangfire.SqlServer.CountersAggregator] Hangfire.SqlServer.CountersAggregator - (null) - Aggregating records in 'Counter' table...
2018-01-30 08:50:06,780 [Hangfire.SqlServer.CountersAggregator] Hangfire.SqlServer.CountersAggregator - (null) - Aggregating records in 'Counter' table...
2018-01-30 08:55:06,812 [Hangfire.SqlServer.CountersAggregator] Hangfire.SqlServer.CountersAggregator - (null) - Aggregating records in 'Counter' table...
2018-01-30 09:00:06,846 [Hangfire.SqlServer.CountersAggregator] Hangfire.SqlServer.CountersAggregator - (null) - Aggregating records in 'Counter' table...
2018-01-30 09:05:06,878 [Hangfire.SqlServer.CountersAggregator] Hangfire.SqlServer.CountersAggregator - (null) - Aggregating records in 'Counter' table...
2018-01-30 09:10:06,911 [Hangfire.SqlServer.CountersAggregator] Hangfire.SqlServer.CountersAggregator - (null) - Aggregating records in 'Counter' table...
2018-01-30 09:15:06,945 [Hangfire.SqlServer.CountersAggregator] Hangfire.SqlServer.CountersAggregator - (null) - Aggregating records in 'Counter' table...
2018-01-30 09:20:06,980 [Hangfire.SqlServer.CountersAggregator] Hangfire.SqlServer.CountersAggregator - (null) - Aggregating records in 'Counter' table...
2018-01-30 09:25:07,013 [Hangfire.SqlServer.CountersAggregator] Hangfire.SqlServer.CountersAggregator - (null) - Aggregating records in 'Counter' table...
2018-01-30 09:30:07,048 [Hangfire.SqlServer.CountersAggregator] Hangfire.SqlServer.CountersAggregator - (null) - Aggregating records in 'Counter' table...
2018-01-30 09:35:07,080 [Hangfire.SqlServer.CountersAggregator] Hangfire.SqlServer.CountersAggregator - (null) - Aggregating records in 'Counter' table...
2018-01-30 09:36:39,430 [106] U.Logging.ULog4netLogger - (null) - Stop background worker£ºU.Hangfire.HangfireBackgroundJobManager
2018-01-30 09:36:39,432 [Hangfire.SqlServer.CountersAggregator] Hangfire.SqlServer.CountersAggregator - (null) - Background process 'Hangfire.SqlServer.CountersAggregator' stopped.
2018-01-30 09:36:39,432 [Worker #a3035fe0] Hangfire.Server.Worker - (null) - Background process 'Worker #a3035fe0' stopped.
2018-01-30 09:36:39,432 [ServerHeartbeat] Hangfire.Server.ServerHeartbeat - (null) - Background process 'ServerHeartbeat' stopped.
2018-01-30 09:36:39,432 [RecurringJobScheduler] Hangfire.Server.RecurringJobScheduler - (null) - Background process 'RecurringJobScheduler' stopped.
2018-01-30 09:36:39,432 [Worker #8a009cf4] Hangfire.Server.Worker - (null) - Background process 'Worker #8a009cf4' stopped.
2018-01-30 09:36:39,432 [Worker #214dbc1d] Hangfire.Server.Worker - (null) - Background process 'Worker #214dbc1d' stopped.
2018-01-30 09:36:39,442 [Worker #67df9833] Hangfire.Server.Worker - (null) - Background process 'Worker #67df9833' stopped.
2018-01-30 09:36:39,442 [Worker #cd127440] Hangfire.Server.Worker - (null) - Background process 'Worker #cd127440' stopped.
2018-01-30 09:36:39,433 [Worker #8717e4fa] Hangfire.Server.Worker - (null) - Background process 'Worker #8717e4fa' stopped.
2018-01-30 09:36:39,436 [Worker #d523420e] Hangfire.Server.Worker - (null) - Background process 'Worker #d523420e' stopped.
2018-01-30 09:36:39,434 [Worker #2fe8ac51] Hangfire.Server.Worker - (null) - Background process 'Worker #2fe8ac51' stopped.
2018-01-30 09:36:39,434 [Worker #a52e752b] Hangfire.Server.Worker - (null) - Background process 'Worker #a52e752b' stopped.
2018-01-30 09:36:39,433 [Worker #ba2b1488] Hangfire.Server.Worker - (null) - Background process 'Worker #ba2b1488' stopped.
2018-01-30 09:36:39,437 [Worker #0bff38ed] Hangfire.Server.Worker - (null) - Background process 'Worker #0bff38ed' stopped.
2018-01-30 09:36:39,435 [Worker #e5f996b0] Hangfire.Server.Worker - (null) - Background process 'Worker #e5f996b0' stopped.
2018-01-30 09:36:39,433 [Worker #39c481d6] Hangfire.Server.Worker - (null) - Background process 'Worker #39c481d6' stopped.
2018-01-30 09:36:39,434 [DelayedJobScheduler] Hangfire.Server.DelayedJobScheduler - (null) - Background process 'DelayedJobScheduler' stopped.
2018-01-30 09:36:39,435 [Worker #cfbe0181] Hangfire.Server.Worker - (null) - Background process 'Worker #cfbe0181' stopped.
2018-01-30 09:36:39,438 [Worker #c000893b] Hangfire.Server.Worker - (null) - Background process 'Worker #c000893b' stopped.
2018-01-30 09:36:39,434 [Worker #d79eeb97] Hangfire.Server.Worker - (null) - Background process 'Worker #d79eeb97' stopped.
2018-01-30 09:36:39,435 [Worker #e047b22d] Hangfire.Server.Worker - (null) - Background process 'Worker #e047b22d' stopped.
2018-01-30 09:36:39,432 [Worker #a2af8b63] Hangfire.Server.Worker - (null) - Background process 'Worker #a2af8b63' stopped.
2018-01-30 09:36:39,434 [Worker #9a24ab81] Hangfire.Server.Worker - (null) - Background process 'Worker #9a24ab81' stopped.
2018-01-30 09:36:39,434 [Worker #1519538a] Hangfire.Server.Worker - (null) - Background process 'Worker #1519538a' stopped.
2018-01-30 09:36:39,436 [Worker #86edfe55] Hangfire.Server.Worker - (null) - Background process 'Worker #86edfe55' stopped.
2018-01-30 09:36:39,433 [Worker #551c11c4] Hangfire.Server.Worker - (null) - Background process 'Worker #551c11c4' stopped.
2018-01-30 09:36:39,439 [Worker #b3a42b04] Hangfire.Server.Worker - (null) - Background process 'Worker #b3a42b04' stopped.
2018-01-30 09:36:39,437 [Worker #288d8f42] Hangfire.Server.Worker - (null) - Background process 'Worker #288d8f42' stopped.
2018-01-30 09:36:39,434 [Worker #7949469f] Hangfire.Server.Worker - (null) - Background process 'Worker #7949469f' stopped.
2018-01-30 09:36:39,433 [Worker #2a335dd1] Hangfire.Server.Worker - (null) - Background process 'Worker #2a335dd1' stopped.
2018-01-30 09:36:39,433 [Worker #ce168548] Hangfire.Server.Worker - (null) - Background process 'Worker #ce168548' stopped.
2018-01-30 09:36:39,452 [Worker #2e18cd45] Hangfire.Server.Worker - (null) - Background process 'Worker #2e18cd45' stopped.
2018-01-30 09:36:39,437 [Worker #d77d6491] Hangfire.Server.Worker - (null) - Background process 'Worker #d77d6491' stopped.
2018-01-30 09:36:39,438 [Worker #e7f3e237] Hangfire.Server.Worker - (null) - Background process 'Worker #e7f3e237' stopped.
2018-01-30 09:36:39,439 [Worker #eae48440] Hangfire.Server.Worker - (null) - Background process 'Worker #eae48440' stopped.
2018-01-30 09:36:39,438 [Worker #dba41fab] Hangfire.Server.Worker - (null) - Background process 'Worker #dba41fab' stopped.
2018-01-30 09:36:39,453 [Worker #a513f7ae] Hangfire.Server.Worker - (null) - Background process 'Worker #a513f7ae' stopped.
2018-01-30 09:36:39,437 [Worker #b719b025] Hangfire.Server.Worker - (null) - Background process 'Worker #b719b025' stopped.
2018-01-30 09:36:39,443 [ServerWatchdog] Hangfire.Server.ServerWatchdog - (null) - Background process 'ServerWatchdog' stopped.
2018-01-30 09:36:39,434 [Worker #4438d74c] Hangfire.Server.Worker - (null) - Background process 'Worker #4438d74c' stopped.
2018-01-30 09:36:39,440 [Worker #64b0d19e] Hangfire.Server.Worker - (null) - Background process 'Worker #64b0d19e' stopped.
2018-01-30 09:36:39,436 [Worker #de7cc182] Hangfire.Server.Worker - (null) - Background process 'Worker #de7cc182' stopped.
2018-01-30 09:36:39,435 [Worker #e95ab8f6] Hangfire.Server.Worker - (null) - Background process 'Worker #e95ab8f6' stopped.
2018-01-30 09:36:39,440 [Hangfire.SqlServer.ExpirationManager] Hangfire.SqlServer.ExpirationManager - (null) - Background process 'Hangfire.SqlServer.ExpirationManager' stopped.
2018-01-30 09:36:39,439 [Worker #9d67ed53] Hangfire.Server.Worker - (null) - Background process 'Worker #9d67ed53' stopped.
2018-01-30 09:36:39,436 [Worker #deca9874] Hangfire.Server.Worker - (null) - Background process 'Worker #deca9874' stopped.
2018-01-30 09:36:39,492 [BackgroundProcessingServer] Hangfire.Server.BackgroundProcessingServer - (null) - Background process 'BackgroundProcessingServer' stopped.
2018-01-30 09:36:39,493 [106] Hangfire.BackgroundJobServer - (null) - Hangfire Server stopped.
2018-01-30 09:36:39,493 [106] U.Logging.ULog4netLogger - (null) - WaitToStop background worker£ºU.Hangfire.HangfireBackgroundJobManager
