2018-02-09 00:01:09,830 [Hangfire.SqlServer.CountersAggregator] Hangfire.SqlServer.CountersAggregator - (null) - Aggregating records in 'Counter' table...
2018-02-09 00:06:09,868 [Hangfire.SqlServer.CountersAggregator] Hangfire.SqlServer.CountersAggregator - (null) - Aggregating records in 'Counter' table...
2018-02-09 00:11:09,905 [Hangfire.SqlServer.CountersAggregator] Hangfire.SqlServer.CountersAggregator - (null) - Aggregating records in 'Counter' table...
2018-02-09 00:16:09,939 [Hangfire.SqlServer.CountersAggregator] Hangfire.SqlServer.CountersAggregator - (null) - Aggregating records in 'Counter' table...
2018-02-09 00:21:09,974 [Hangfire.SqlServer.CountersAggregator] Hangfire.SqlServer.CountersAggregator - (null) - Aggregating records in 'Counter' table...
2018-02-09 00:26:10,009 [Hangfire.SqlServer.CountersAggregator] Hangfire.SqlServer.CountersAggregator - (null) - Aggregating records in 'Counter' table...
2018-02-09 00:31:10,043 [Hangfire.SqlServer.CountersAggregator] Hangfire.SqlServer.CountersAggregator - (null) - Aggregating records in 'Counter' table...
2018-02-09 00:36:10,077 [Hangfire.SqlServer.CountersAggregator] Hangfire.SqlServer.CountersAggregator - (null) - Aggregating records in 'Counter' table...
2018-02-09 00:41:10,113 [Hangfire.SqlServer.CountersAggregator] Hangfire.SqlServer.CountersAggregator - (null) - Aggregating records in 'Counter' table...
2018-02-09 00:46:10,147 [Hangfire.SqlServer.CountersAggregator] Hangfire.SqlServer.CountersAggregator - (null) - Aggregating records in 'Counter' table...
2018-02-09 00:51:10,182 [Hangfire.SqlServer.CountersAggregator] Hangfire.SqlServer.CountersAggregator - (null) - Aggregating records in 'Counter' table...
2018-02-09 00:51:10,232 [Hangfire.SqlServer.ExpirationManager] Hangfire.SqlServer.ExpirationManager - (null) - Removing outdated records from table 'AggregatedCounter'...
2018-02-09 00:51:10,321 [Hangfire.SqlServer.ExpirationManager] Hangfire.SqlServer.ExpirationManager - (null) - Removing outdated records from table 'Job'...
2018-02-09 00:51:10,410 [Hangfire.SqlServer.ExpirationManager] Hangfire.SqlServer.ExpirationManager - (null) - Removing outdated records from table 'List'...
2018-02-09 00:51:10,502 [Hangfire.SqlServer.ExpirationManager] Hangfire.SqlServer.ExpirationManager - (null) - Removing outdated records from table 'Set'...
2018-02-09 00:51:10,594 [Hangfire.SqlServer.ExpirationManager] Hangfire.SqlServer.ExpirationManager - (null) - Removing outdated records from table 'Hash'...
2018-02-09 00:56:10,219 [Hangfire.SqlServer.CountersAggregator] Hangfire.SqlServer.CountersAggregator - (null) - Aggregating records in 'Counter' table...
2018-02-09 01:01:10,254 [Hangfire.SqlServer.CountersAggregator] Hangfire.SqlServer.CountersAggregator - (null) - Aggregating records in 'Counter' table...
2018-02-09 01:06:10,286 [Hangfire.SqlServer.CountersAggregator] Hangfire.SqlServer.CountersAggregator - (null) - Aggregating records in 'Counter' table...
2018-02-09 01:11:10,321 [Hangfire.SqlServer.CountersAggregator] Hangfire.SqlServer.CountersAggregator - (null) - Aggregating records in 'Counter' table...
2018-02-09 01:16:10,356 [Hangfire.SqlServer.CountersAggregator] Hangfire.SqlServer.CountersAggregator - (null) - Aggregating records in 'Counter' table...
2018-02-09 01:21:10,396 [Hangfire.SqlServer.CountersAggregator] Hangfire.SqlServer.CountersAggregator - (null) - Aggregating records in 'Counter' table...
2018-02-09 01:26:10,431 [Hangfire.SqlServer.CountersAggregator] Hangfire.SqlServer.CountersAggregator - (null) - Aggregating records in 'Counter' table...
2018-02-09 01:31:10,464 [Hangfire.SqlServer.CountersAggregator] Hangfire.SqlServer.CountersAggregator - (null) - Aggregating records in 'Counter' table...
2018-02-09 01:36:10,497 [Hangfire.SqlServer.CountersAggregator] Hangfire.SqlServer.CountersAggregator - (null) - Aggregating records in 'Counter' table...
2018-02-09 01:41:10,531 [Hangfire.SqlServer.CountersAggregator] Hangfire.SqlServer.CountersAggregator - (null) - Aggregating records in 'Counter' table...
2018-02-09 01:46:10,565 [Hangfire.SqlServer.CountersAggregator] Hangfire.SqlServer.CountersAggregator - (null) - Aggregating records in 'Counter' table...
2018-02-09 01:51:10,599 [Hangfire.SqlServer.CountersAggregator] Hangfire.SqlServer.CountersAggregator - (null) - Aggregating records in 'Counter' table...
2018-02-09 01:51:10,684 [Hangfire.SqlServer.ExpirationManager] Hangfire.SqlServer.ExpirationManager - (null) - Removing outdated records from table 'AggregatedCounter'...
2018-02-09 01:51:10,774 [Hangfire.SqlServer.ExpirationManager] Hangfire.SqlServer.ExpirationManager - (null) - Removing outdated records from table 'Job'...
2018-02-09 01:51:10,865 [Hangfire.SqlServer.ExpirationManager] Hangfire.SqlServer.ExpirationManager - (null) - Removing outdated records from table 'List'...
2018-02-09 01:51:10,958 [Hangfire.SqlServer.ExpirationManager] Hangfire.SqlServer.ExpirationManager - (null) - Removing outdated records from table 'Set'...
2018-02-09 01:51:11,049 [Hangfire.SqlServer.ExpirationManager] Hangfire.SqlServer.ExpirationManager - (null) - Removing outdated records from table 'Hash'...
2018-02-09 01:56:10,633 [Hangfire.SqlServer.CountersAggregator] Hangfire.SqlServer.CountersAggregator - (null) - Aggregating records in 'Counter' table...
2018-02-09 02:01:10,671 [Hangfire.SqlServer.CountersAggregator] Hangfire.SqlServer.CountersAggregator - (null) - Aggregating records in 'Counter' table...
2018-02-09 02:06:10,705 [Hangfire.SqlServer.CountersAggregator] Hangfire.SqlServer.CountersAggregator - (null) - Aggregating records in 'Counter' table...
2018-02-09 02:11:10,738 [Hangfire.SqlServer.CountersAggregator] Hangfire.SqlServer.CountersAggregator - (null) - Aggregating records in 'Counter' table...
2018-02-09 02:16:10,772 [Hangfire.SqlServer.CountersAggregator] Hangfire.SqlServer.CountersAggregator - (null) - Aggregating records in 'Counter' table...
2018-02-09 02:21:10,806 [Hangfire.SqlServer.CountersAggregator] Hangfire.SqlServer.CountersAggregator - (null) - Aggregating records in 'Counter' table...
2018-02-09 02:26:10,840 [Hangfire.SqlServer.CountersAggregator] Hangfire.SqlServer.CountersAggregator - (null) - Aggregating records in 'Counter' table...
2018-02-09 02:31:10,874 [Hangfire.SqlServer.CountersAggregator] Hangfire.SqlServer.CountersAggregator - (null) - Aggregating records in 'Counter' table...
2018-02-09 02:36:10,908 [Hangfire.SqlServer.CountersAggregator] Hangfire.SqlServer.CountersAggregator - (null) - Aggregating records in 'Counter' table...
2018-02-09 02:41:10,941 [Hangfire.SqlServer.CountersAggregator] Hangfire.SqlServer.CountersAggregator - (null) - Aggregating records in 'Counter' table...
2018-02-09 02:46:10,976 [Hangfire.SqlServer.CountersAggregator] Hangfire.SqlServer.CountersAggregator - (null) - Aggregating records in 'Counter' table...
2018-02-09 02:51:11,011 [Hangfire.SqlServer.CountersAggregator] Hangfire.SqlServer.CountersAggregator - (null) - Aggregating records in 'Counter' table...
2018-02-09 02:51:11,141 [Hangfire.SqlServer.ExpirationManager] Hangfire.SqlServer.ExpirationManager - (null) - Removing outdated records from table 'AggregatedCounter'...
2018-02-09 02:51:11,235 [Hangfire.SqlServer.ExpirationManager] Hangfire.SqlServer.ExpirationManager - (null) - Removing outdated records from table 'Job'...
2018-02-09 02:51:11,329 [Hangfire.SqlServer.ExpirationManager] Hangfire.SqlServer.ExpirationManager - (null) - Removing outdated records from table 'List'...
2018-02-09 02:51:11,423 [Hangfire.SqlServer.ExpirationManager] Hangfire.SqlServer.ExpirationManager - (null) - Removing outdated records from table 'Set'...
2018-02-09 02:51:11,517 [Hangfire.SqlServer.ExpirationManager] Hangfire.SqlServer.ExpirationManager - (null) - Removing outdated records from table 'Hash'...
2018-02-09 02:56:11,045 [Hangfire.SqlServer.CountersAggregator] Hangfire.SqlServer.CountersAggregator - (null) - Aggregating records in 'Counter' table...
2018-02-09 03:01:11,083 [Hangfire.SqlServer.CountersAggregator] Hangfire.SqlServer.CountersAggregator - (null) - Aggregating records in 'Counter' table...
2018-02-09 03:06:11,120 [Hangfire.SqlServer.CountersAggregator] Hangfire.SqlServer.CountersAggregator - (null) - Aggregating records in 'Counter' table...
2018-02-09 03:11:11,158 [Hangfire.SqlServer.CountersAggregator] Hangfire.SqlServer.CountersAggregator - (null) - Aggregating records in 'Counter' table...
2018-02-09 03:16:11,657 [Hangfire.SqlServer.CountersAggregator] Hangfire.SqlServer.CountersAggregator - (null) - Aggregating records in 'Counter' table...
2018-02-09 03:21:11,691 [Hangfire.SqlServer.CountersAggregator] Hangfire.SqlServer.CountersAggregator - (null) - Aggregating records in 'Counter' table...
2018-02-09 03:26:11,726 [Hangfire.SqlServer.CountersAggregator] Hangfire.SqlServer.CountersAggregator - (null) - Aggregating records in 'Counter' table...
2018-02-09 03:31:11,766 [Hangfire.SqlServer.CountersAggregator] Hangfire.SqlServer.CountersAggregator - (null) - Aggregating records in 'Counter' table...
2018-02-09 03:36:11,799 [Hangfire.SqlServer.CountersAggregator] Hangfire.SqlServer.CountersAggregator - (null) - Aggregating records in 'Counter' table...
2018-02-09 03:41:11,832 [Hangfire.SqlServer.CountersAggregator] Hangfire.SqlServer.CountersAggregator - (null) - Aggregating records in 'Counter' table...
2018-02-09 03:46:13,713 [Hangfire.SqlServer.CountersAggregator] Hangfire.SqlServer.CountersAggregator - (null) - Aggregating records in 'Counter' table...
2018-02-09 03:51:11,611 [Hangfire.SqlServer.ExpirationManager] Hangfire.SqlServer.ExpirationManager - (null) - Removing outdated records from table 'AggregatedCounter'...
2018-02-09 03:51:11,702 [Hangfire.SqlServer.ExpirationManager] Hangfire.SqlServer.ExpirationManager - (null) - Removing outdated records from table 'Job'...
2018-02-09 03:51:11,793 [Hangfire.SqlServer.ExpirationManager] Hangfire.SqlServer.ExpirationManager - (null) - Removing outdated records from table 'List'...
2018-02-09 03:51:11,883 [Hangfire.SqlServer.ExpirationManager] Hangfire.SqlServer.ExpirationManager - (null) - Removing outdated records from table 'Set'...
2018-02-09 03:51:11,975 [Hangfire.SqlServer.ExpirationManager] Hangfire.SqlServer.ExpirationManager - (null) - Removing outdated records from table 'Hash'...
2018-02-09 03:51:13,749 [Hangfire.SqlServer.CountersAggregator] Hangfire.SqlServer.CountersAggregator - (null) - Aggregating records in 'Counter' table...
2018-02-09 03:56:13,784 [Hangfire.SqlServer.CountersAggregator] Hangfire.SqlServer.CountersAggregator - (null) - Aggregating records in 'Counter' table...
2018-02-09 04:01:13,818 [Hangfire.SqlServer.CountersAggregator] Hangfire.SqlServer.CountersAggregator - (null) - Aggregating records in 'Counter' table...
2018-02-09 04:06:13,853 [Hangfire.SqlServer.CountersAggregator] Hangfire.SqlServer.CountersAggregator - (null) - Aggregating records in 'Counter' table...
2018-02-09 04:11:13,888 [Hangfire.SqlServer.CountersAggregator] Hangfire.SqlServer.CountersAggregator - (null) - Aggregating records in 'Counter' table...
2018-02-09 04:16:13,929 [Hangfire.SqlServer.CountersAggregator] Hangfire.SqlServer.CountersAggregator - (null) - Aggregating records in 'Counter' table...
2018-02-09 04:21:13,964 [Hangfire.SqlServer.CountersAggregator] Hangfire.SqlServer.CountersAggregator - (null) - Aggregating records in 'Counter' table...
2018-02-09 04:26:13,997 [Hangfire.SqlServer.CountersAggregator] Hangfire.SqlServer.CountersAggregator - (null) - Aggregating records in 'Counter' table...
2018-02-09 04:31:14,030 [Hangfire.SqlServer.CountersAggregator] Hangfire.SqlServer.CountersAggregator - (null) - Aggregating records in 'Counter' table...
2018-02-09 04:36:14,064 [Hangfire.SqlServer.CountersAggregator] Hangfire.SqlServer.CountersAggregator - (null) - Aggregating records in 'Counter' table...
2018-02-09 04:41:14,098 [Hangfire.SqlServer.CountersAggregator] Hangfire.SqlServer.CountersAggregator - (null) - Aggregating records in 'Counter' table...
2018-02-09 04:46:14,132 [Hangfire.SqlServer.CountersAggregator] Hangfire.SqlServer.CountersAggregator - (null) - Aggregating records in 'Counter' table...
2018-02-09 04:51:12,068 [Hangfire.SqlServer.ExpirationManager] Hangfire.SqlServer.ExpirationManager - (null) - Removing outdated records from table 'AggregatedCounter'...
2018-02-09 04:51:12,162 [Hangfire.SqlServer.ExpirationManager] Hangfire.SqlServer.ExpirationManager - (null) - Removing outdated records from table 'Job'...
2018-02-09 04:51:12,253 [Hangfire.SqlServer.ExpirationManager] Hangfire.SqlServer.ExpirationManager - (null) - Removing outdated records from table 'List'...
2018-02-09 04:51:12,346 [Hangfire.SqlServer.ExpirationManager] Hangfire.SqlServer.ExpirationManager - (null) - Removing outdated records from table 'Set'...
2018-02-09 04:51:12,438 [Hangfire.SqlServer.ExpirationManager] Hangfire.SqlServer.ExpirationManager - (null) - Removing outdated records from table 'Hash'...
2018-02-09 04:51:14,166 [Hangfire.SqlServer.CountersAggregator] Hangfire.SqlServer.CountersAggregator - (null) - Aggregating records in 'Counter' table...
2018-02-09 04:56:14,201 [Hangfire.SqlServer.CountersAggregator] Hangfire.SqlServer.CountersAggregator - (null) - Aggregating records in 'Counter' table...
2018-02-09 05:01:14,236 [Hangfire.SqlServer.CountersAggregator] Hangfire.SqlServer.CountersAggregator - (null) - Aggregating records in 'Counter' table...
2018-02-09 05:06:14,271 [Hangfire.SqlServer.CountersAggregator] Hangfire.SqlServer.CountersAggregator - (null) - Aggregating records in 'Counter' table...
2018-02-09 05:11:14,305 [Hangfire.SqlServer.CountersAggregator] Hangfire.SqlServer.CountersAggregator - (null) - Aggregating records in 'Counter' table...
2018-02-09 05:16:14,338 [Hangfire.SqlServer.CountersAggregator] Hangfire.SqlServer.CountersAggregator - (null) - Aggregating records in 'Counter' table...
2018-02-09 05:21:14,372 [Hangfire.SqlServer.CountersAggregator] Hangfire.SqlServer.CountersAggregator - (null) - Aggregating records in 'Counter' table...
2018-02-09 05:26:14,407 [Hangfire.SqlServer.CountersAggregator] Hangfire.SqlServer.CountersAggregator - (null) - Aggregating records in 'Counter' table...
2018-02-09 05:31:14,444 [Hangfire.SqlServer.CountersAggregator] Hangfire.SqlServer.CountersAggregator - (null) - Aggregating records in 'Counter' table...
2018-02-09 05:36:14,479 [Hangfire.SqlServer.CountersAggregator] Hangfire.SqlServer.CountersAggregator - (null) - Aggregating records in 'Counter' table...
2018-02-09 05:41:14,516 [Hangfire.SqlServer.CountersAggregator] Hangfire.SqlServer.CountersAggregator - (null) - Aggregating records in 'Counter' table...
2018-02-09 05:46:14,551 [Hangfire.SqlServer.CountersAggregator] Hangfire.SqlServer.CountersAggregator - (null) - Aggregating records in 'Counter' table...
2018-02-09 05:51:12,533 [Hangfire.SqlServer.ExpirationManager] Hangfire.SqlServer.ExpirationManager - (null) - Removing outdated records from table 'AggregatedCounter'...
2018-02-09 05:51:12,633 [Hangfire.SqlServer.ExpirationManager] Hangfire.SqlServer.ExpirationManager - (null) - Removing outdated records from table 'Job'...
2018-02-09 05:51:12,721 [Hangfire.SqlServer.ExpirationManager] Hangfire.SqlServer.ExpirationManager - (null) - Removing outdated records from table 'List'...
2018-02-09 05:51:12,809 [Hangfire.SqlServer.ExpirationManager] Hangfire.SqlServer.ExpirationManager - (null) - Removing outdated records from table 'Set'...
2018-02-09 05:51:12,898 [Hangfire.SqlServer.ExpirationManager] Hangfire.SqlServer.ExpirationManager - (null) - Removing outdated records from table 'Hash'...
2018-02-09 05:51:14,588 [Hangfire.SqlServer.CountersAggregator] Hangfire.SqlServer.CountersAggregator - (null) - Aggregating records in 'Counter' table...
2018-02-09 05:56:14,622 [Hangfire.SqlServer.CountersAggregator] Hangfire.SqlServer.CountersAggregator - (null) - Aggregating records in 'Counter' table...
2018-02-09 06:01:14,660 [Hangfire.SqlServer.CountersAggregator] Hangfire.SqlServer.CountersAggregator - (null) - Aggregating records in 'Counter' table...
2018-02-09 06:06:14,693 [Hangfire.SqlServer.CountersAggregator] Hangfire.SqlServer.CountersAggregator - (null) - Aggregating records in 'Counter' table...
2018-02-09 06:11:14,726 [Hangfire.SqlServer.CountersAggregator] Hangfire.SqlServer.CountersAggregator - (null) - Aggregating records in 'Counter' table...
2018-02-09 06:16:14,760 [Hangfire.SqlServer.CountersAggregator] Hangfire.SqlServer.CountersAggregator - (null) - Aggregating records in 'Counter' table...
2018-02-09 06:21:14,793 [Hangfire.SqlServer.CountersAggregator] Hangfire.SqlServer.CountersAggregator - (null) - Aggregating records in 'Counter' table...
2018-02-09 06:26:14,828 [Hangfire.SqlServer.CountersAggregator] Hangfire.SqlServer.CountersAggregator - (null) - Aggregating records in 'Counter' table...
2018-02-09 06:31:14,863 [Hangfire.SqlServer.CountersAggregator] Hangfire.SqlServer.CountersAggregator - (null) - Aggregating records in 'Counter' table...
2018-02-09 06:36:14,898 [Hangfire.SqlServer.CountersAggregator] Hangfire.SqlServer.CountersAggregator - (null) - Aggregating records in 'Counter' table...
2018-02-09 06:41:14,931 [Hangfire.SqlServer.CountersAggregator] Hangfire.SqlServer.CountersAggregator - (null) - Aggregating records in 'Counter' table...
2018-02-09 06:46:14,966 [Hangfire.SqlServer.CountersAggregator] Hangfire.SqlServer.CountersAggregator - (null) - Aggregating records in 'Counter' table...
2018-02-09 06:51:12,988 [Hangfire.SqlServer.ExpirationManager] Hangfire.SqlServer.ExpirationManager - (null) - Removing outdated records from table 'AggregatedCounter'...
2018-02-09 06:51:13,079 [Hangfire.SqlServer.ExpirationManager] Hangfire.SqlServer.ExpirationManager - (null) - Removing outdated records from table 'Job'...
2018-02-09 06:51:13,168 [Hangfire.SqlServer.ExpirationManager] Hangfire.SqlServer.ExpirationManager - (null) - Removing outdated records from table 'List'...
2018-02-09 06:51:13,256 [Hangfire.SqlServer.ExpirationManager] Hangfire.SqlServer.ExpirationManager - (null) - Removing outdated records from table 'Set'...
2018-02-09 06:51:13,345 [Hangfire.SqlServer.ExpirationManager] Hangfire.SqlServer.ExpirationManager - (null) - Removing outdated records from table 'Hash'...
2018-02-09 06:51:15,000 [Hangfire.SqlServer.CountersAggregator] Hangfire.SqlServer.CountersAggregator - (null) - Aggregating records in 'Counter' table...
2018-02-09 06:56:15,033 [Hangfire.SqlServer.CountersAggregator] Hangfire.SqlServer.CountersAggregator - (null) - Aggregating records in 'Counter' table...
2018-02-09 07:01:15,067 [Hangfire.SqlServer.CountersAggregator] Hangfire.SqlServer.CountersAggregator - (null) - Aggregating records in 'Counter' table...
2018-02-09 07:06:15,100 [Hangfire.SqlServer.CountersAggregator] Hangfire.SqlServer.CountersAggregator - (null) - Aggregating records in 'Counter' table...
2018-02-09 07:11:15,134 [Hangfire.SqlServer.CountersAggregator] Hangfire.SqlServer.CountersAggregator - (null) - Aggregating records in 'Counter' table...
2018-02-09 07:16:15,169 [Hangfire.SqlServer.CountersAggregator] Hangfire.SqlServer.CountersAggregator - (null) - Aggregating records in 'Counter' table...
2018-02-09 07:21:15,204 [Hangfire.SqlServer.CountersAggregator] Hangfire.SqlServer.CountersAggregator - (null) - Aggregating records in 'Counter' table...
2018-02-09 07:26:15,240 [Hangfire.SqlServer.CountersAggregator] Hangfire.SqlServer.CountersAggregator - (null) - Aggregating records in 'Counter' table...
2018-02-09 07:31:15,274 [Hangfire.SqlServer.CountersAggregator] Hangfire.SqlServer.CountersAggregator - (null) - Aggregating records in 'Counter' table...
2018-02-09 07:36:15,308 [Hangfire.SqlServer.CountersAggregator] Hangfire.SqlServer.CountersAggregator - (null) - Aggregating records in 'Counter' table...
2018-02-09 07:41:15,342 [Hangfire.SqlServer.CountersAggregator] Hangfire.SqlServer.CountersAggregator - (null) - Aggregating records in 'Counter' table...
2018-02-09 07:46:15,377 [Hangfire.SqlServer.CountersAggregator] Hangfire.SqlServer.CountersAggregator - (null) - Aggregating records in 'Counter' table...
2018-02-09 07:51:13,445 [Hangfire.SqlServer.ExpirationManager] Hangfire.SqlServer.ExpirationManager - (null) - Removing outdated records from table 'AggregatedCounter'...
2018-02-09 07:51:13,546 [Hangfire.SqlServer.ExpirationManager] Hangfire.SqlServer.ExpirationManager - (null) - Removing outdated records from table 'Job'...
2018-02-09 07:51:13,640 [Hangfire.SqlServer.ExpirationManager] Hangfire.SqlServer.ExpirationManager - (null) - Removing outdated records from table 'List'...
2018-02-09 07:51:13,728 [Hangfire.SqlServer.ExpirationManager] Hangfire.SqlServer.ExpirationManager - (null) - Removing outdated records from table 'Set'...
2018-02-09 07:51:13,821 [Hangfire.SqlServer.ExpirationManager] Hangfire.SqlServer.ExpirationManager - (null) - Removing outdated records from table 'Hash'...
2018-02-09 07:51:15,410 [Hangfire.SqlServer.CountersAggregator] Hangfire.SqlServer.CountersAggregator - (null) - Aggregating records in 'Counter' table...
2018-02-09 07:56:15,443 [Hangfire.SqlServer.CountersAggregator] Hangfire.SqlServer.CountersAggregator - (null) - Aggregating records in 'Counter' table...
2018-02-09 08:01:15,477 [Hangfire.SqlServer.CountersAggregator] Hangfire.SqlServer.CountersAggregator - (null) - Aggregating records in 'Counter' table...
2018-02-09 08:06:15,511 [Hangfire.SqlServer.CountersAggregator] Hangfire.SqlServer.CountersAggregator - (null) - Aggregating records in 'Counter' table...
2018-02-09 08:11:15,545 [Hangfire.SqlServer.CountersAggregator] Hangfire.SqlServer.CountersAggregator - (null) - Aggregating records in 'Counter' table...
2018-02-09 08:16:15,579 [Hangfire.SqlServer.CountersAggregator] Hangfire.SqlServer.CountersAggregator - (null) - Aggregating records in 'Counter' table...
2018-02-09 08:21:15,614 [Hangfire.SqlServer.CountersAggregator] Hangfire.SqlServer.CountersAggregator - (null) - Aggregating records in 'Counter' table...
2018-02-09 08:26:15,647 [Hangfire.SqlServer.CountersAggregator] Hangfire.SqlServer.CountersAggregator - (null) - Aggregating records in 'Counter' table...
2018-02-09 08:31:15,681 [Hangfire.SqlServer.CountersAggregator] Hangfire.SqlServer.CountersAggregator - (null) - Aggregating records in 'Counter' table...
2018-02-09 08:36:15,715 [Hangfire.SqlServer.CountersAggregator] Hangfire.SqlServer.CountersAggregator - (null) - Aggregating records in 'Counter' table...
2018-02-09 08:41:15,749 [Hangfire.SqlServer.CountersAggregator] Hangfire.SqlServer.CountersAggregator - (null) - Aggregating records in 'Counter' table...
2018-02-09 08:46:15,782 [Hangfire.SqlServer.CountersAggregator] Hangfire.SqlServer.CountersAggregator - (null) - Aggregating records in 'Counter' table...
2018-02-09 08:51:13,913 [Hangfire.SqlServer.ExpirationManager] Hangfire.SqlServer.ExpirationManager - (null) - Removing outdated records from table 'AggregatedCounter'...
2018-02-09 08:51:14,006 [Hangfire.SqlServer.ExpirationManager] Hangfire.SqlServer.ExpirationManager - (null) - Removing outdated records from table 'Job'...
2018-02-09 08:51:14,095 [Hangfire.SqlServer.ExpirationManager] Hangfire.SqlServer.ExpirationManager - (null) - Removing outdated records from table 'List'...
2018-02-09 08:51:14,185 [Hangfire.SqlServer.ExpirationManager] Hangfire.SqlServer.ExpirationManager - (null) - Removing outdated records from table 'Set'...
2018-02-09 08:51:14,277 [Hangfire.SqlServer.ExpirationManager] Hangfire.SqlServer.ExpirationManager - (null) - Removing outdated records from table 'Hash'...
2018-02-09 08:51:15,817 [Hangfire.SqlServer.CountersAggregator] Hangfire.SqlServer.CountersAggregator - (null) - Aggregating records in 'Counter' table...
2018-02-09 17:31:08,357 [1] U.Logging.ULog4netLogger - (null) - Loading UPrimes...
2018-02-09 17:31:08,866 [1] U.Logging.ULog4netLogger - (null) - Found 10 UPrimes in total.
2018-02-09 17:31:08,872 [1] U.Logging.ULog4netLogger - (null) - Loaded UPrime: U.AutoMapper.UAutoMapperUPrime, U.AutoMapper, Version=0.6.11.11, Culture=neutral, PublicKeyToken=null
2018-02-09 17:31:08,873 [1] U.Logging.ULog4netLogger - (null) - Loaded UPrime: U.Web.UWebUPrime, U.Web, Version=0.6.11.11, Culture=neutral, PublicKeyToken=null
2018-02-09 17:31:08,873 [1] U.Logging.ULog4netLogger - (null) - Loaded UPrime: UZeroConsole.EntityFramework.UZeroConsoleEntityFrameworkUPrime, UZeroConsole.EntityFramework, Version=0.3.8.3, Culture=neutral, PublicKeyToken=null
2018-02-09 17:31:08,874 [1] U.Logging.ULog4netLogger - (null) - Loaded UPrime: U.Hangfire.UHangfireUPrime, U.HangFire, Version=0.6.11.11, Culture=neutral, PublicKeyToken=null
2018-02-09 17:31:08,875 [1] U.Logging.ULog4netLogger - (null) - Loaded UPrime: U.FakeMvc.UFakeMvcUPrime, U.FakeMvc, Version=0.6.11.11, Culture=neutral, PublicKeyToken=null
2018-02-09 17:31:08,875 [1] U.Logging.ULog4netLogger - (null) - Loaded UPrime: U.WebApi.UWebApiUPrime, U.Web.Api, Version=0.6.11.11, Culture=neutral, PublicKeyToken=null
2018-02-09 17:31:08,876 [1] U.Logging.ULog4netLogger - (null) - Loaded UPrime: U.EntityFramework.UEntityFrameworkUPrime, U.EntityFramework, Version=0.6.11.11, Culture=neutral, PublicKeyToken=null
2018-02-09 17:31:08,876 [1] U.Logging.ULog4netLogger - (null) - Loaded UPrime: U.ULeadershipUPrime, U, Version=0.6.11.11, Culture=neutral, PublicKeyToken=null
2018-02-09 17:31:08,877 [1] U.Logging.ULog4netLogger - (null) - Loaded UPrime: UZeroConsole.UZeroConsoleUPrime, UZeroConsole, Version=0.3.8.3, Culture=neutral, PublicKeyToken=null
2018-02-09 17:31:08,878 [1] U.Logging.ULog4netLogger - (null) - Loaded UPrime: UZeroConsole.Web.UZeroConsoleWebUPrime, UZeroConsole.Web, Version=0.3.8.3, Culture=neutral, PublicKeyToken=null
2018-02-09 17:31:08,881 [1] U.Logging.ULog4netLogger - (null) - 10 UPrime loaded.
2018-02-09 17:31:09,073 [1] Hangfire.SqlServer.SqlServerStorage - (null) - Start installing Hangfire SQL objects...
2018-02-09 17:31:09,241 [1] Hangfire.SqlServer.SqlServerStorage - (null) - Hangfire SQL objects installed.
2018-02-09 17:31:09,611 [1] U.Logging.ULog4netLogger - (null) - Start background worker£ºU.Hangfire.HangfireBackgroundJobManager
2018-02-09 17:31:09,622 [1] Hangfire.BackgroundJobServer - (null) - Starting Hangfire Server
2018-02-09 17:31:09,626 [1] Hangfire.BackgroundJobServer - (null) - Using job storage: 'SQL Server: 120.132.57.7,1444@UZeroConsole.Tests'.
2018-02-09 17:31:09,627 [1] Hangfire.BackgroundJobServer - (null) - Using the following options for SQL Server job storage:
2018-02-09 17:31:09,627 [1] Hangfire.BackgroundJobServer - (null) -     Queue poll interval: 00:00:15.
2018-02-09 17:31:09,627 [1] Hangfire.BackgroundJobServer - (null) - Using the following options for Hangfire Server:
2018-02-09 17:31:09,628 [1] Hangfire.BackgroundJobServer - (null) -     Worker count: 40.
2018-02-09 17:31:09,629 [1] Hangfire.BackgroundJobServer - (null) -     Listening queues: 'default'.
2018-02-09 17:31:09,629 [1] Hangfire.BackgroundJobServer - (null) -     Shutdown timeout: 00:00:15.
2018-02-09 17:31:09,630 [1] Hangfire.BackgroundJobServer - (null) -     Schedule polling interval: 00:00:15.
2018-02-09 17:31:09,636 [BackgroundProcessingServer] Hangfire.Server.BackgroundProcessingServer - (null) - Background process 'BackgroundProcessingServer' started.
2018-02-09 17:31:09,686 [ServerHeartbeat] Hangfire.Server.ServerHeartbeat - (null) - Background process 'ServerHeartbeat' started.
2018-02-09 17:31:09,686 [ServerWatchdog] Hangfire.Server.ServerWatchdog - (null) - Background process 'ServerWatchdog' started.
2018-02-09 17:31:09,688 [Hangfire.SqlServer.ExpirationManager] Hangfire.SqlServer.ExpirationManager - (null) - Background process 'Hangfire.SqlServer.ExpirationManager' started.
2018-02-09 17:31:09,688 [Hangfire.SqlServer.CountersAggregator] Hangfire.SqlServer.CountersAggregator - (null) - Background process 'Hangfire.SqlServer.CountersAggregator' started.
2018-02-09 17:31:09,690 [Hangfire.SqlServer.CountersAggregator] Hangfire.SqlServer.CountersAggregator - (null) - Aggregating records in 'Counter' table...
2018-02-09 17:31:09,691 [Hangfire.SqlServer.ExpirationManager] Hangfire.SqlServer.ExpirationManager - (null) - Removing outdated records from table 'AggregatedCounter'...
2018-02-09 17:31:09,692 [Worker #fe8f9393] Hangfire.Server.Worker - (null) - Background process 'Worker #fe8f9393' started.
2018-02-09 17:31:09,693 [Worker #d7b15cf4] Hangfire.Server.Worker - (null) - Background process 'Worker #d7b15cf4' started.
2018-02-09 17:31:09,696 [Worker #213f497e] Hangfire.Server.Worker - (null) - Background process 'Worker #213f497e' started.
2018-02-09 17:31:09,697 [Worker #cbf3eaa5] Hangfire.Server.Worker - (null) - Background process 'Worker #cbf3eaa5' started.
2018-02-09 17:31:09,697 [Worker #65e7e23a] Hangfire.Server.Worker - (null) - Background process 'Worker #65e7e23a' started.
2018-02-09 17:31:09,699 [Worker #79ca46d6] Hangfire.Server.Worker - (null) - Background process 'Worker #79ca46d6' started.
2018-02-09 17:31:09,699 [Worker #55d16c2a] Hangfire.Server.Worker - (null) - Background process 'Worker #55d16c2a' started.
2018-02-09 17:31:09,700 [Worker #fc12986a] Hangfire.Server.Worker - (null) - Background process 'Worker #fc12986a' started.
2018-02-09 17:31:09,701 [Worker #879f4267] Hangfire.Server.Worker - (null) - Background process 'Worker #879f4267' started.
2018-02-09 17:31:09,702 [Worker #f671e28d] Hangfire.Server.Worker - (null) - Background process 'Worker #f671e28d' started.
2018-02-09 17:31:09,702 [Worker #be1ff8df] Hangfire.Server.Worker - (null) - Background process 'Worker #be1ff8df' started.
2018-02-09 17:31:09,702 [Worker #321d08bf] Hangfire.Server.Worker - (null) - Background process 'Worker #321d08bf' started.
2018-02-09 17:31:09,703 [Worker #1b58bb74] Hangfire.Server.Worker - (null) - Background process 'Worker #1b58bb74' started.
2018-02-09 17:31:09,703 [Worker #4069e076] Hangfire.Server.Worker - (null) - Background process 'Worker #4069e076' started.
2018-02-09 17:31:09,704 [Worker #5a9535c3] Hangfire.Server.Worker - (null) - Background process 'Worker #5a9535c3' started.
2018-02-09 17:31:09,706 [Worker #9e3564df] Hangfire.Server.Worker - (null) - Background process 'Worker #9e3564df' started.
2018-02-09 17:31:09,707 [Worker #4417f3c7] Hangfire.Server.Worker - (null) - Background process 'Worker #4417f3c7' started.
2018-02-09 17:31:09,708 [Worker #b8b607c4] Hangfire.Server.Worker - (null) - Background process 'Worker #b8b607c4' started.
2018-02-09 17:31:09,708 [Worker #3cd4c35a] Hangfire.Server.Worker - (null) - Background process 'Worker #3cd4c35a' started.
2018-02-09 17:31:09,708 [Worker #4bd349c9] Hangfire.Server.Worker - (null) - Background process 'Worker #4bd349c9' started.
2018-02-09 17:31:09,709 [Worker #f850ea4f] Hangfire.Server.Worker - (null) - Background process 'Worker #f850ea4f' started.
2018-02-09 17:31:09,710 [Worker #914cd562] Hangfire.Server.Worker - (null) - Background process 'Worker #914cd562' started.
2018-02-09 17:31:09,710 [Worker #f17938e1] Hangfire.Server.Worker - (null) - Background process 'Worker #f17938e1' started.
2018-02-09 17:31:09,711 [Worker #b2b7b41d] Hangfire.Server.Worker - (null) - Background process 'Worker #b2b7b41d' started.
2018-02-09 17:31:09,712 [Worker #726a297a] Hangfire.Server.Worker - (null) - Background process 'Worker #726a297a' started.
2018-02-09 17:31:09,712 [Worker #dc8868fe] Hangfire.Server.Worker - (null) - Background process 'Worker #dc8868fe' started.
2018-02-09 17:31:09,713 [Worker #a981db8a] Hangfire.Server.Worker - (null) - Background process 'Worker #a981db8a' started.
2018-02-09 17:31:09,713 [Worker #93d70714] Hangfire.Server.Worker - (null) - Background process 'Worker #93d70714' started.
2018-02-09 17:31:09,714 [Worker #f130b649] Hangfire.Server.Worker - (null) - Background process 'Worker #f130b649' started.
2018-02-09 17:31:09,714 [Worker #becf05a2] Hangfire.Server.Worker - (null) - Background process 'Worker #becf05a2' started.
2018-02-09 17:31:09,715 [Worker #8817c1d1] Hangfire.Server.Worker - (null) - Background process 'Worker #8817c1d1' started.
2018-02-09 17:31:09,715 [Worker #599297bb] Hangfire.Server.Worker - (null) - Background process 'Worker #599297bb' started.
2018-02-09 17:31:09,715 [Worker #45fb589e] Hangfire.Server.Worker - (null) - Background process 'Worker #45fb589e' started.
2018-02-09 17:31:09,716 [Worker #75830222] Hangfire.Server.Worker - (null) - Background process 'Worker #75830222' started.
2018-02-09 17:31:09,716 [Worker #50343a76] Hangfire.Server.Worker - (null) - Background process 'Worker #50343a76' started.
2018-02-09 17:31:09,717 [Worker #ffbb1edb] Hangfire.Server.Worker - (null) - Background process 'Worker #ffbb1edb' started.
2018-02-09 17:31:09,717 [Worker #a2aed000] Hangfire.Server.Worker - (null) - Background process 'Worker #a2aed000' started.
2018-02-09 17:31:09,718 [Worker #a5ca85ac] Hangfire.Server.Worker - (null) - Background process 'Worker #a5ca85ac' started.
2018-02-09 17:31:09,718 [Worker #350d0628] Hangfire.Server.Worker - (null) - Background process 'Worker #350d0628' started.
2018-02-09 17:31:09,719 [Worker #191bd30c] Hangfire.Server.Worker - (null) - Background process 'Worker #191bd30c' started.
2018-02-09 17:31:09,720 [DelayedJobScheduler] Hangfire.Server.DelayedJobScheduler - (null) - Background process 'DelayedJobScheduler' started.
2018-02-09 17:31:09,720 [RecurringJobScheduler] Hangfire.Server.RecurringJobScheduler - (null) - Background process 'RecurringJobScheduler' started.
2018-02-09 17:31:09,844 [Hangfire.SqlServer.ExpirationManager] Hangfire.SqlServer.ExpirationManager - (null) - Removing outdated records from table 'Job'...
2018-02-09 17:31:09,937 [1] U.Logging.ULog4netLogger - (null) - Found 0 classes defines auto mapping attributes
2018-02-09 17:31:09,938 [1] U.Logging.ULog4netLogger - (null) - (^_^)(^_^)(^_^) UStarter startup completed.
2018-02-09 17:31:10,624 [Hangfire.SqlServer.ExpirationManager] Hangfire.SqlServer.ExpirationManager - (null) - Removing outdated records from table 'List'...
2018-02-09 17:31:10,712 [Hangfire.SqlServer.ExpirationManager] Hangfire.SqlServer.ExpirationManager - (null) - Removing outdated records from table 'Set'...
2018-02-09 17:31:10,801 [Hangfire.SqlServer.ExpirationManager] Hangfire.SqlServer.ExpirationManager - (null) - Removing outdated records from table 'Hash'...
2018-02-09 17:36:09,750 [Hangfire.SqlServer.CountersAggregator] Hangfire.SqlServer.CountersAggregator - (null) - Aggregating records in 'Counter' table...
2018-02-09 17:41:09,806 [Hangfire.SqlServer.CountersAggregator] Hangfire.SqlServer.CountersAggregator - (null) - Aggregating records in 'Counter' table...
2018-02-09 17:46:09,872 [Hangfire.SqlServer.CountersAggregator] Hangfire.SqlServer.CountersAggregator - (null) - Aggregating records in 'Counter' table...
2018-02-09 17:51:09,951 [Hangfire.SqlServer.CountersAggregator] Hangfire.SqlServer.CountersAggregator - (null) - Aggregating records in 'Counter' table...
2018-02-09 17:56:10,051 [Hangfire.SqlServer.CountersAggregator] Hangfire.SqlServer.CountersAggregator - (null) - Aggregating records in 'Counter' table...
2018-02-09 18:01:10,129 [Hangfire.SqlServer.CountersAggregator] Hangfire.SqlServer.CountersAggregator - (null) - Aggregating records in 'Counter' table...
2018-02-09 18:06:10,203 [Hangfire.SqlServer.CountersAggregator] Hangfire.SqlServer.CountersAggregator - (null) - Aggregating records in 'Counter' table...
2018-02-09 18:11:10,240 [Hangfire.SqlServer.CountersAggregator] Hangfire.SqlServer.CountersAggregator - (null) - Aggregating records in 'Counter' table...
2018-02-09 18:16:10,272 [Hangfire.SqlServer.CountersAggregator] Hangfire.SqlServer.CountersAggregator - (null) - Aggregating records in 'Counter' table...
2018-02-09 18:21:10,310 [Hangfire.SqlServer.CountersAggregator] Hangfire.SqlServer.CountersAggregator - (null) - Aggregating records in 'Counter' table...
