2017-10-19 10:24:39,239 [1] U.Logging.ULog4netLogger - (null) - Loading UPrimes...
2017-10-19 10:24:39,578 [1] U.Logging.ULog4netLogger - (null) - Found 11 UPrimes in total.
2017-10-19 10:24:39,584 [1] U.Logging.ULog4netLogger - (null) - Loaded UPrime: UZeroConsole.UZeroConsoleUPrime, UZeroConsole, Version=0.1.4.2, Culture=neutral, PublicKeyToken=null
2017-10-19 10:24:39,585 [1] U.Logging.ULog4netLogger - (null) - Loaded UPrime: U.ULeadershipUPrime, U, Version=0.5.7.4, Culture=neutral, PublicKeyToken=null
2017-10-19 10:24:39,585 [1] U.Logging.ULog4netLogger - (null) - Loaded UPrime: UZeroConsole.Web.UZeroConsoleWebUPrime, UZeroConsole.Web, Version=0.1.4.2, Culture=neutral, PublicKeyToken=null
2017-10-19 10:24:39,586 [1] U.Logging.ULog4netLogger - (null) - Loaded UPrime: U.FakeMvc.UFakeMvcUPrime, U.FakeMvc, Version=0.5.7.4, Culture=neutral, PublicKeyToken=null
2017-10-19 10:24:39,587 [1] U.Logging.ULog4netLogger - (null) - Loaded UPrime: U.Hangfire.UHangfireUPrime, U.HangFire, Version=0.5.7.4, Culture=neutral, PublicKeyToken=null
2017-10-19 10:24:39,587 [1] U.Logging.ULog4netLogger - (null) - Loaded UPrime: UZeroConsole.Logging.UZeroConsoleLoggingUPrime, UZeroConsole.Logging, Version=0.1.4.2, Culture=neutral, PublicKeyToken=null
2017-10-19 10:24:39,588 [1] U.Logging.ULog4netLogger - (null) - Loaded UPrime: U.Web.UWebUPrime, U.Web, Version=0.5.7.4, Culture=neutral, PublicKeyToken=null
2017-10-19 10:24:39,589 [1] U.Logging.ULog4netLogger - (null) - Loaded UPrime: U.EntityFramework.UEntityFrameworkUPrime, U.EntityFramework, Version=0.5.7.4, Culture=neutral, PublicKeyToken=null
2017-10-19 10:24:39,590 [1] U.Logging.ULog4netLogger - (null) - Loaded UPrime: U.AutoMapper.UAutoMapperUPrime, U.AutoMapper, Version=0.5.7.4, Culture=neutral, PublicKeyToken=null
2017-10-19 10:24:39,591 [1] U.Logging.ULog4netLogger - (null) - Loaded UPrime: U.WebApi.UWebApiUPrime, U.Web.Api, Version=0.5.7.4, Culture=neutral, PublicKeyToken=null
2017-10-19 10:24:39,591 [1] U.Logging.ULog4netLogger - (null) - Loaded UPrime: UZeroConsole.EntityFramework.UZeroConsoleEntityFrameworkUPrime, UZeroConsole.EntityFramework, Version=0.1.4.2, Culture=neutral, PublicKeyToken=null
2017-10-19 10:24:39,594 [1] U.Logging.ULog4netLogger - (null) - 11 UPrime loaded.
2017-10-19 10:24:39,806 [1] Hangfire.SqlServer.SqlServerStorage - (null) - Start installing Hangfire SQL objects...
2017-10-19 10:24:40,055 [1] Hangfire.SqlServer.SqlServerStorage - (null) - Hangfire SQL objects installed.
2017-10-19 10:24:40,277 [1] U.Logging.ULog4netLogger - (null) - Start background worker£ºU.Hangfire.HangfireBackgroundJobManager
2017-10-19 10:24:40,285 [1] Hangfire.BackgroundJobServer - (null) - Starting Hangfire Server
2017-10-19 10:24:40,288 [1] Hangfire.BackgroundJobServer - (null) - Using job storage: 'SQL Server: 120.132.57.7,1444@UZeroConsole.Tests'.
2017-10-19 10:24:40,289 [1] Hangfire.BackgroundJobServer - (null) - Using the following options for SQL Server job storage:
2017-10-19 10:24:40,289 [1] Hangfire.BackgroundJobServer - (null) -     Queue poll interval: 00:00:15.
2017-10-19 10:24:40,290 [1] Hangfire.BackgroundJobServer - (null) - Using the following options for Hangfire Server:
2017-10-19 10:24:40,290 [1] Hangfire.BackgroundJobServer - (null) -     Worker count: 40.
2017-10-19 10:24:40,290 [1] Hangfire.BackgroundJobServer - (null) -     Listening queues: 'default'.
2017-10-19 10:24:40,291 [1] Hangfire.BackgroundJobServer - (null) -     Shutdown timeout: 00:00:15.
2017-10-19 10:24:40,291 [1] Hangfire.BackgroundJobServer - (null) -     Schedule polling interval: 00:00:15.
2017-10-19 10:24:40,298 [BackgroundProcessingServer] Hangfire.Server.BackgroundProcessingServer - (null) - Background process 'BackgroundProcessingServer' started.
2017-10-19 10:24:40,349 [ServerHeartbeat] Hangfire.Server.ServerHeartbeat - (null) - Background process 'ServerHeartbeat' started.
2017-10-19 10:24:40,350 [ServerWatchdog] Hangfire.Server.ServerWatchdog - (null) - Background process 'ServerWatchdog' started.
2017-10-19 10:24:40,351 [Hangfire.SqlServer.ExpirationManager] Hangfire.SqlServer.ExpirationManager - (null) - Background process 'Hangfire.SqlServer.ExpirationManager' started.
2017-10-19 10:24:40,352 [Hangfire.SqlServer.CountersAggregator] Hangfire.SqlServer.CountersAggregator - (null) - Background process 'Hangfire.SqlServer.CountersAggregator' started.
2017-10-19 10:24:40,353 [Worker #abc2ce77] Hangfire.Server.Worker - (null) - Background process 'Worker #abc2ce77' started.
2017-10-19 10:24:40,353 [Hangfire.SqlServer.ExpirationManager] Hangfire.SqlServer.ExpirationManager - (null) - Removing outdated records from table 'AggregatedCounter'...
2017-10-19 10:24:40,354 [Hangfire.SqlServer.CountersAggregator] Hangfire.SqlServer.CountersAggregator - (null) - Aggregating records in 'Counter' table...
2017-10-19 10:24:40,355 [Worker #10012e11] Hangfire.Server.Worker - (null) - Background process 'Worker #10012e11' started.
2017-10-19 10:24:40,356 [Worker #a9da62ff] Hangfire.Server.Worker - (null) - Background process 'Worker #a9da62ff' started.
2017-10-19 10:24:40,357 [Worker #a709c9a3] Hangfire.Server.Worker - (null) - Background process 'Worker #a709c9a3' started.
2017-10-19 10:24:40,358 [Worker #446c0c0c] Hangfire.Server.Worker - (null) - Background process 'Worker #446c0c0c' started.
2017-10-19 10:24:40,358 [Worker #7fd801cc] Hangfire.Server.Worker - (null) - Background process 'Worker #7fd801cc' started.
2017-10-19 10:24:40,359 [Worker #3e530d5d] Hangfire.Server.Worker - (null) - Background process 'Worker #3e530d5d' started.
2017-10-19 10:24:40,359 [Worker #32669624] Hangfire.Server.Worker - (null) - Background process 'Worker #32669624' started.
2017-10-19 10:24:40,360 [Worker #53759cb8] Hangfire.Server.Worker - (null) - Background process 'Worker #53759cb8' started.
2017-10-19 10:24:40,360 [Worker #60480606] Hangfire.Server.Worker - (null) - Background process 'Worker #60480606' started.
2017-10-19 10:24:40,360 [Worker #01209f61] Hangfire.Server.Worker - (null) - Background process 'Worker #01209f61' started.
2017-10-19 10:24:40,361 [Worker #c464bf87] Hangfire.Server.Worker - (null) - Background process 'Worker #c464bf87' started.
2017-10-19 10:24:40,361 [Worker #e0097acb] Hangfire.Server.Worker - (null) - Background process 'Worker #e0097acb' started.
2017-10-19 10:24:40,362 [Worker #ebc03d1a] Hangfire.Server.Worker - (null) - Background process 'Worker #ebc03d1a' started.
2017-10-19 10:24:40,362 [Worker #ef20673b] Hangfire.Server.Worker - (null) - Background process 'Worker #ef20673b' started.
2017-10-19 10:24:40,363 [Worker #8ea5ffd8] Hangfire.Server.Worker - (null) - Background process 'Worker #8ea5ffd8' started.
2017-10-19 10:24:40,364 [Worker #5dc8d8ac] Hangfire.Server.Worker - (null) - Background process 'Worker #5dc8d8ac' started.
2017-10-19 10:24:40,364 [Worker #52c6ef93] Hangfire.Server.Worker - (null) - Background process 'Worker #52c6ef93' started.
2017-10-19 10:24:40,365 [Worker #774e03ab] Hangfire.Server.Worker - (null) - Background process 'Worker #774e03ab' started.
2017-10-19 10:24:40,365 [Worker #09f85709] Hangfire.Server.Worker - (null) - Background process 'Worker #09f85709' started.
2017-10-19 10:24:40,366 [Worker #b7662e5c] Hangfire.Server.Worker - (null) - Background process 'Worker #b7662e5c' started.
2017-10-19 10:24:40,366 [Worker #da5ee0fd] Hangfire.Server.Worker - (null) - Background process 'Worker #da5ee0fd' started.
2017-10-19 10:24:40,366 [Worker #91924c30] Hangfire.Server.Worker - (null) - Background process 'Worker #91924c30' started.
2017-10-19 10:24:40,367 [Worker #c4d7460d] Hangfire.Server.Worker - (null) - Background process 'Worker #c4d7460d' started.
2017-10-19 10:24:40,367 [Worker #fa9e7e5b] Hangfire.Server.Worker - (null) - Background process 'Worker #fa9e7e5b' started.
2017-10-19 10:24:40,368 [Worker #b3752e5c] Hangfire.Server.Worker - (null) - Background process 'Worker #b3752e5c' started.
2017-10-19 10:24:40,368 [Worker #209cc90d] Hangfire.Server.Worker - (null) - Background process 'Worker #209cc90d' started.
2017-10-19 10:24:40,369 [Worker #7f1a0b77] Hangfire.Server.Worker - (null) - Background process 'Worker #7f1a0b77' started.
2017-10-19 10:24:40,370 [Worker #92cb46f8] Hangfire.Server.Worker - (null) - Background process 'Worker #92cb46f8' started.
2017-10-19 10:24:40,371 [Worker #d477eaae] Hangfire.Server.Worker - (null) - Background process 'Worker #d477eaae' started.
2017-10-19 10:24:40,371 [Worker #a020975b] Hangfire.Server.Worker - (null) - Background process 'Worker #a020975b' started.
2017-10-19 10:24:40,372 [Worker #35b69306] Hangfire.Server.Worker - (null) - Background process 'Worker #35b69306' started.
2017-10-19 10:24:40,372 [Worker #1fe19e01] Hangfire.Server.Worker - (null) - Background process 'Worker #1fe19e01' started.
2017-10-19 10:24:40,374 [Worker #af797471] Hangfire.Server.Worker - (null) - Background process 'Worker #af797471' started.
2017-10-19 10:24:40,375 [Worker #22c21c8e] Hangfire.Server.Worker - (null) - Background process 'Worker #22c21c8e' started.
2017-10-19 10:24:40,376 [Worker #e61afeef] Hangfire.Server.Worker - (null) - Background process 'Worker #e61afeef' started.
2017-10-19 10:24:40,376 [Worker #a0ba1e73] Hangfire.Server.Worker - (null) - Background process 'Worker #a0ba1e73' started.
2017-10-19 10:24:40,377 [Worker #ba5b5d28] Hangfire.Server.Worker - (null) - Background process 'Worker #ba5b5d28' started.
2017-10-19 10:24:40,377 [Worker #84d10750] Hangfire.Server.Worker - (null) - Background process 'Worker #84d10750' started.
2017-10-19 10:24:40,378 [Worker #97925c4f] Hangfire.Server.Worker - (null) - Background process 'Worker #97925c4f' started.
2017-10-19 10:24:40,378 [DelayedJobScheduler] Hangfire.Server.DelayedJobScheduler - (null) - Background process 'DelayedJobScheduler' started.
2017-10-19 10:24:40,379 [RecurringJobScheduler] Hangfire.Server.RecurringJobScheduler - (null) - Background process 'RecurringJobScheduler' started.
2017-10-19 10:24:40,519 [ServerWatchdog] Hangfire.Server.ServerWatchdog - (null) - 1 servers were removed due to timeout
2017-10-19 10:24:40,519 [Hangfire.SqlServer.ExpirationManager] Hangfire.SqlServer.ExpirationManager - (null) - Removing outdated records from table 'Job'...
2017-10-19 10:24:40,611 [1] U.Logging.ULog4netLogger - (null) - Found 0 classes defines auto mapping attributes
2017-10-19 10:24:40,613 [1] U.Logging.ULog4netLogger - (null) - (^_^)(^_^)(^_^) UStarter startup completed.
2017-10-19 10:24:41,361 [Hangfire.SqlServer.ExpirationManager] Hangfire.SqlServer.ExpirationManager - (null) - Removing outdated records from table 'List'...
2017-10-19 10:24:41,455 [Hangfire.SqlServer.ExpirationManager] Hangfire.SqlServer.ExpirationManager - (null) - Removing outdated records from table 'Set'...
2017-10-19 10:24:41,549 [Hangfire.SqlServer.ExpirationManager] Hangfire.SqlServer.ExpirationManager - (null) - Removing outdated records from table 'Hash'...
2017-10-19 10:29:40,660 [Hangfire.SqlServer.CountersAggregator] Hangfire.SqlServer.CountersAggregator - (null) - Aggregating records in 'Counter' table...
2017-10-19 10:34:40,696 [Hangfire.SqlServer.CountersAggregator] Hangfire.SqlServer.CountersAggregator - (null) - Aggregating records in 'Counter' table...
2017-10-19 10:39:40,793 [Hangfire.SqlServer.CountersAggregator] Hangfire.SqlServer.CountersAggregator - (null) - Aggregating records in 'Counter' table...
2017-10-19 10:44:40,826 [Hangfire.SqlServer.CountersAggregator] Hangfire.SqlServer.CountersAggregator - (null) - Aggregating records in 'Counter' table...
2017-10-19 10:49:40,863 [Hangfire.SqlServer.CountersAggregator] Hangfire.SqlServer.CountersAggregator - (null) - Aggregating records in 'Counter' table...
2017-10-19 10:54:40,899 [Hangfire.SqlServer.CountersAggregator] Hangfire.SqlServer.CountersAggregator - (null) - Aggregating records in 'Counter' table...
2017-10-19 10:59:40,934 [Hangfire.SqlServer.CountersAggregator] Hangfire.SqlServer.CountersAggregator - (null) - Aggregating records in 'Counter' table...
2017-10-19 11:04:40,971 [Hangfire.SqlServer.CountersAggregator] Hangfire.SqlServer.CountersAggregator - (null) - Aggregating records in 'Counter' table...
2017-10-19 11:09:41,004 [Hangfire.SqlServer.CountersAggregator] Hangfire.SqlServer.CountersAggregator - (null) - Aggregating records in 'Counter' table...
2017-10-19 11:14:41,041 [Hangfire.SqlServer.CountersAggregator] Hangfire.SqlServer.CountersAggregator - (null) - Aggregating records in 'Counter' table...
2017-10-19 11:19:41,085 [Hangfire.SqlServer.CountersAggregator] Hangfire.SqlServer.CountersAggregator - (null) - Aggregating records in 'Counter' table...
2017-10-19 11:24:41,119 [Hangfire.SqlServer.CountersAggregator] Hangfire.SqlServer.CountersAggregator - (null) - Aggregating records in 'Counter' table...
2017-10-19 11:24:41,643 [Hangfire.SqlServer.ExpirationManager] Hangfire.SqlServer.ExpirationManager - (null) - Removing outdated records from table 'AggregatedCounter'...
2017-10-19 11:24:41,742 [Hangfire.SqlServer.ExpirationManager] Hangfire.SqlServer.ExpirationManager - (null) - Removing outdated records from table 'Job'...
2017-10-19 11:24:41,841 [Hangfire.SqlServer.ExpirationManager] Hangfire.SqlServer.ExpirationManager - (null) - Removing outdated records from table 'List'...
2017-10-19 11:24:41,941 [Hangfire.SqlServer.ExpirationManager] Hangfire.SqlServer.ExpirationManager - (null) - Removing outdated records from table 'Set'...
2017-10-19 11:24:42,040 [Hangfire.SqlServer.ExpirationManager] Hangfire.SqlServer.ExpirationManager - (null) - Removing outdated records from table 'Hash'...
2017-10-19 11:29:41,155 [Hangfire.SqlServer.CountersAggregator] Hangfire.SqlServer.CountersAggregator - (null) - Aggregating records in 'Counter' table...
2017-10-19 11:34:41,190 [Hangfire.SqlServer.CountersAggregator] Hangfire.SqlServer.CountersAggregator - (null) - Aggregating records in 'Counter' table...
2017-10-19 11:39:41,222 [Hangfire.SqlServer.CountersAggregator] Hangfire.SqlServer.CountersAggregator - (null) - Aggregating records in 'Counter' table...
2017-10-19 11:44:41,259 [Hangfire.SqlServer.CountersAggregator] Hangfire.SqlServer.CountersAggregator - (null) - Aggregating records in 'Counter' table...
2017-10-19 11:49:41,294 [Hangfire.SqlServer.CountersAggregator] Hangfire.SqlServer.CountersAggregator - (null) - Aggregating records in 'Counter' table...
2017-10-19 11:54:41,327 [Hangfire.SqlServer.CountersAggregator] Hangfire.SqlServer.CountersAggregator - (null) - Aggregating records in 'Counter' table...
2017-10-19 11:59:41,363 [Hangfire.SqlServer.CountersAggregator] Hangfire.SqlServer.CountersAggregator - (null) - Aggregating records in 'Counter' table...
2017-10-19 12:04:41,430 [Hangfire.SqlServer.CountersAggregator] Hangfire.SqlServer.CountersAggregator - (null) - Aggregating records in 'Counter' table...
2017-10-19 12:09:41,466 [Hangfire.SqlServer.CountersAggregator] Hangfire.SqlServer.CountersAggregator - (null) - Aggregating records in 'Counter' table...
2017-10-19 12:14:41,501 [Hangfire.SqlServer.CountersAggregator] Hangfire.SqlServer.CountersAggregator - (null) - Aggregating records in 'Counter' table...
2017-10-19 12:19:41,534 [Hangfire.SqlServer.CountersAggregator] Hangfire.SqlServer.CountersAggregator - (null) - Aggregating records in 'Counter' table...
2017-10-19 12:24:41,568 [Hangfire.SqlServer.CountersAggregator] Hangfire.SqlServer.CountersAggregator - (null) - Aggregating records in 'Counter' table...
2017-10-19 12:24:42,141 [Hangfire.SqlServer.ExpirationManager] Hangfire.SqlServer.ExpirationManager - (null) - Removing outdated records from table 'AggregatedCounter'...
2017-10-19 12:24:42,231 [Hangfire.SqlServer.ExpirationManager] Hangfire.SqlServer.ExpirationManager - (null) - Removing outdated records from table 'Job'...
2017-10-19 12:24:42,322 [Hangfire.SqlServer.ExpirationManager] Hangfire.SqlServer.ExpirationManager - (null) - Removing outdated records from table 'List'...
2017-10-19 12:24:42,416 [Hangfire.SqlServer.ExpirationManager] Hangfire.SqlServer.ExpirationManager - (null) - Removing outdated records from table 'Set'...
2017-10-19 12:24:42,507 [Hangfire.SqlServer.ExpirationManager] Hangfire.SqlServer.ExpirationManager - (null) - Removing outdated records from table 'Hash'...
2017-10-19 12:29:41,605 [Hangfire.SqlServer.CountersAggregator] Hangfire.SqlServer.CountersAggregator - (null) - Aggregating records in 'Counter' table...
2017-10-19 12:34:41,643 [Hangfire.SqlServer.CountersAggregator] Hangfire.SqlServer.CountersAggregator - (null) - Aggregating records in 'Counter' table...
2017-10-19 12:39:41,681 [Hangfire.SqlServer.CountersAggregator] Hangfire.SqlServer.CountersAggregator - (null) - Aggregating records in 'Counter' table...
2017-10-19 12:44:41,715 [Hangfire.SqlServer.CountersAggregator] Hangfire.SqlServer.CountersAggregator - (null) - Aggregating records in 'Counter' table...
2017-10-19 12:49:41,751 [Hangfire.SqlServer.CountersAggregator] Hangfire.SqlServer.CountersAggregator - (null) - Aggregating records in 'Counter' table...
2017-10-19 12:54:41,788 [Hangfire.SqlServer.CountersAggregator] Hangfire.SqlServer.CountersAggregator - (null) - Aggregating records in 'Counter' table...
2017-10-19 12:59:41,826 [Hangfire.SqlServer.CountersAggregator] Hangfire.SqlServer.CountersAggregator - (null) - Aggregating records in 'Counter' table...
2017-10-19 13:04:41,860 [Hangfire.SqlServer.CountersAggregator] Hangfire.SqlServer.CountersAggregator - (null) - Aggregating records in 'Counter' table...
2017-10-19 13:09:41,893 [Hangfire.SqlServer.CountersAggregator] Hangfire.SqlServer.CountersAggregator - (null) - Aggregating records in 'Counter' table...
2017-10-19 13:14:41,927 [Hangfire.SqlServer.CountersAggregator] Hangfire.SqlServer.CountersAggregator - (null) - Aggregating records in 'Counter' table...
2017-10-19 13:19:41,962 [Hangfire.SqlServer.CountersAggregator] Hangfire.SqlServer.CountersAggregator - (null) - Aggregating records in 'Counter' table...
2017-10-19 13:24:41,998 [Hangfire.SqlServer.CountersAggregator] Hangfire.SqlServer.CountersAggregator - (null) - Aggregating records in 'Counter' table...
2017-10-19 13:24:42,601 [Hangfire.SqlServer.ExpirationManager] Hangfire.SqlServer.ExpirationManager - (null) - Removing outdated records from table 'AggregatedCounter'...
2017-10-19 13:24:42,691 [Hangfire.SqlServer.ExpirationManager] Hangfire.SqlServer.ExpirationManager - (null) - Removing outdated records from table 'Job'...
2017-10-19 13:24:42,782 [Hangfire.SqlServer.ExpirationManager] Hangfire.SqlServer.ExpirationManager - (null) - Removing outdated records from table 'List'...
2017-10-19 13:24:42,872 [Hangfire.SqlServer.ExpirationManager] Hangfire.SqlServer.ExpirationManager - (null) - Removing outdated records from table 'Set'...
2017-10-19 13:24:42,962 [Hangfire.SqlServer.ExpirationManager] Hangfire.SqlServer.ExpirationManager - (null) - Removing outdated records from table 'Hash'...
2017-10-19 13:29:42,030 [Hangfire.SqlServer.CountersAggregator] Hangfire.SqlServer.CountersAggregator - (null) - Aggregating records in 'Counter' table...
2017-10-19 13:34:42,068 [Hangfire.SqlServer.CountersAggregator] Hangfire.SqlServer.CountersAggregator - (null) - Aggregating records in 'Counter' table...
2017-10-19 13:39:42,101 [Hangfire.SqlServer.CountersAggregator] Hangfire.SqlServer.CountersAggregator - (null) - Aggregating records in 'Counter' table...
2017-10-19 13:44:42,135 [Hangfire.SqlServer.CountersAggregator] Hangfire.SqlServer.CountersAggregator - (null) - Aggregating records in 'Counter' table...
2017-10-19 13:49:42,174 [Hangfire.SqlServer.CountersAggregator] Hangfire.SqlServer.CountersAggregator - (null) - Aggregating records in 'Counter' table...
2017-10-19 13:54:42,208 [Hangfire.SqlServer.CountersAggregator] Hangfire.SqlServer.CountersAggregator - (null) - Aggregating records in 'Counter' table...
2017-10-19 13:59:42,258 [Hangfire.SqlServer.CountersAggregator] Hangfire.SqlServer.CountersAggregator - (null) - Aggregating records in 'Counter' table...
2017-10-19 14:04:42,296 [Hangfire.SqlServer.CountersAggregator] Hangfire.SqlServer.CountersAggregator - (null) - Aggregating records in 'Counter' table...
2017-10-19 14:09:42,333 [Hangfire.SqlServer.CountersAggregator] Hangfire.SqlServer.CountersAggregator - (null) - Aggregating records in 'Counter' table...
2017-10-19 14:14:42,371 [Hangfire.SqlServer.CountersAggregator] Hangfire.SqlServer.CountersAggregator - (null) - Aggregating records in 'Counter' table...
2017-10-19 14:19:42,409 [Hangfire.SqlServer.CountersAggregator] Hangfire.SqlServer.CountersAggregator - (null) - Aggregating records in 'Counter' table...
2017-10-19 14:24:42,442 [Hangfire.SqlServer.CountersAggregator] Hangfire.SqlServer.CountersAggregator - (null) - Aggregating records in 'Counter' table...
2017-10-19 14:24:43,054 [Hangfire.SqlServer.ExpirationManager] Hangfire.SqlServer.ExpirationManager - (null) - Removing outdated records from table 'AggregatedCounter'...
2017-10-19 14:24:43,157 [Hangfire.SqlServer.ExpirationManager] Hangfire.SqlServer.ExpirationManager - (null) - Removing outdated records from table 'Job'...
2017-10-19 14:24:43,260 [Hangfire.SqlServer.ExpirationManager] Hangfire.SqlServer.ExpirationManager - (null) - Removing outdated records from table 'List'...
2017-10-19 14:24:43,364 [Hangfire.SqlServer.ExpirationManager] Hangfire.SqlServer.ExpirationManager - (null) - Removing outdated records from table 'Set'...
2017-10-19 14:24:43,465 [Hangfire.SqlServer.ExpirationManager] Hangfire.SqlServer.ExpirationManager - (null) - Removing outdated records from table 'Hash'...
2017-10-19 14:29:42,479 [Hangfire.SqlServer.CountersAggregator] Hangfire.SqlServer.CountersAggregator - (null) - Aggregating records in 'Counter' table...
2017-10-19 14:34:42,516 [Hangfire.SqlServer.CountersAggregator] Hangfire.SqlServer.CountersAggregator - (null) - Aggregating records in 'Counter' table...
2017-10-19 14:39:42,554 [Hangfire.SqlServer.CountersAggregator] Hangfire.SqlServer.CountersAggregator - (null) - Aggregating records in 'Counter' table...
2017-10-19 14:44:42,590 [Hangfire.SqlServer.CountersAggregator] Hangfire.SqlServer.CountersAggregator - (null) - Aggregating records in 'Counter' table...
2017-10-19 14:49:42,625 [Hangfire.SqlServer.CountersAggregator] Hangfire.SqlServer.CountersAggregator - (null) - Aggregating records in 'Counter' table...
2017-10-19 14:54:42,660 [Hangfire.SqlServer.CountersAggregator] Hangfire.SqlServer.CountersAggregator - (null) - Aggregating records in 'Counter' table...
2017-10-19 14:59:42,697 [Hangfire.SqlServer.CountersAggregator] Hangfire.SqlServer.CountersAggregator - (null) - Aggregating records in 'Counter' table...
2017-10-19 15:04:42,729 [Hangfire.SqlServer.CountersAggregator] Hangfire.SqlServer.CountersAggregator - (null) - Aggregating records in 'Counter' table...
2017-10-19 15:09:42,772 [Hangfire.SqlServer.CountersAggregator] Hangfire.SqlServer.CountersAggregator - (null) - Aggregating records in 'Counter' table...
2017-10-19 15:14:42,805 [Hangfire.SqlServer.CountersAggregator] Hangfire.SqlServer.CountersAggregator - (null) - Aggregating records in 'Counter' table...
2017-10-19 15:19:42,843 [Hangfire.SqlServer.CountersAggregator] Hangfire.SqlServer.CountersAggregator - (null) - Aggregating records in 'Counter' table...
2017-10-19 15:24:42,876 [Hangfire.SqlServer.CountersAggregator] Hangfire.SqlServer.CountersAggregator - (null) - Aggregating records in 'Counter' table...
2017-10-19 15:24:43,574 [Hangfire.SqlServer.ExpirationManager] Hangfire.SqlServer.ExpirationManager - (null) - Removing outdated records from table 'AggregatedCounter'...
2017-10-19 15:24:43,673 [Hangfire.SqlServer.ExpirationManager] Hangfire.SqlServer.ExpirationManager - (null) - Removing outdated records from table 'Job'...
2017-10-19 15:24:43,772 [Hangfire.SqlServer.ExpirationManager] Hangfire.SqlServer.ExpirationManager - (null) - Removing outdated records from table 'List'...
2017-10-19 15:24:43,872 [Hangfire.SqlServer.ExpirationManager] Hangfire.SqlServer.ExpirationManager - (null) - Removing outdated records from table 'Set'...
2017-10-19 15:24:43,972 [Hangfire.SqlServer.ExpirationManager] Hangfire.SqlServer.ExpirationManager - (null) - Removing outdated records from table 'Hash'...
2017-10-19 15:29:42,911 [Hangfire.SqlServer.CountersAggregator] Hangfire.SqlServer.CountersAggregator - (null) - Aggregating records in 'Counter' table...
2017-10-19 15:34:42,944 [Hangfire.SqlServer.CountersAggregator] Hangfire.SqlServer.CountersAggregator - (null) - Aggregating records in 'Counter' table...
2017-10-19 15:39:42,980 [Hangfire.SqlServer.CountersAggregator] Hangfire.SqlServer.CountersAggregator - (null) - Aggregating records in 'Counter' table...
2017-10-19 15:44:43,015 [Hangfire.SqlServer.CountersAggregator] Hangfire.SqlServer.CountersAggregator - (null) - Aggregating records in 'Counter' table...
2017-10-19 15:49:43,050 [Hangfire.SqlServer.CountersAggregator] Hangfire.SqlServer.CountersAggregator - (null) - Aggregating records in 'Counter' table...
2017-10-19 15:54:43,087 [Hangfire.SqlServer.CountersAggregator] Hangfire.SqlServer.CountersAggregator - (null) - Aggregating records in 'Counter' table...
2017-10-19 15:59:43,122 [Hangfire.SqlServer.CountersAggregator] Hangfire.SqlServer.CountersAggregator - (null) - Aggregating records in 'Counter' table...
2017-10-19 16:04:43,156 [Hangfire.SqlServer.CountersAggregator] Hangfire.SqlServer.CountersAggregator - (null) - Aggregating records in 'Counter' table...
2017-10-19 16:09:43,192 [Hangfire.SqlServer.CountersAggregator] Hangfire.SqlServer.CountersAggregator - (null) - Aggregating records in 'Counter' table...
2017-10-19 16:14:43,225 [Hangfire.SqlServer.CountersAggregator] Hangfire.SqlServer.CountersAggregator - (null) - Aggregating records in 'Counter' table...
2017-10-19 16:19:43,260 [Hangfire.SqlServer.CountersAggregator] Hangfire.SqlServer.CountersAggregator - (null) - Aggregating records in 'Counter' table...
2017-10-19 16:24:43,294 [Hangfire.SqlServer.CountersAggregator] Hangfire.SqlServer.CountersAggregator - (null) - Aggregating records in 'Counter' table...
2017-10-19 16:24:44,075 [Hangfire.SqlServer.ExpirationManager] Hangfire.SqlServer.ExpirationManager - (null) - Removing outdated records from table 'AggregatedCounter'...
2017-10-19 16:24:44,180 [Hangfire.SqlServer.ExpirationManager] Hangfire.SqlServer.ExpirationManager - (null) - Removing outdated records from table 'Job'...
2017-10-19 16:24:44,288 [Hangfire.SqlServer.ExpirationManager] Hangfire.SqlServer.ExpirationManager - (null) - Removing outdated records from table 'List'...
2017-10-19 16:24:44,393 [Hangfire.SqlServer.ExpirationManager] Hangfire.SqlServer.ExpirationManager - (null) - Removing outdated records from table 'Set'...
2017-10-19 16:24:44,501 [Hangfire.SqlServer.ExpirationManager] Hangfire.SqlServer.ExpirationManager - (null) - Removing outdated records from table 'Hash'...
2017-10-19 16:29:43,328 [Hangfire.SqlServer.CountersAggregator] Hangfire.SqlServer.CountersAggregator - (null) - Aggregating records in 'Counter' table...
2017-10-19 16:34:43,361 [Hangfire.SqlServer.CountersAggregator] Hangfire.SqlServer.CountersAggregator - (null) - Aggregating records in 'Counter' table...
2017-10-19 16:39:43,394 [Hangfire.SqlServer.CountersAggregator] Hangfire.SqlServer.CountersAggregator - (null) - Aggregating records in 'Counter' table...
2017-10-19 16:44:43,426 [Hangfire.SqlServer.CountersAggregator] Hangfire.SqlServer.CountersAggregator - (null) - Aggregating records in 'Counter' table...
2017-10-19 16:49:43,459 [Hangfire.SqlServer.CountersAggregator] Hangfire.SqlServer.CountersAggregator - (null) - Aggregating records in 'Counter' table...
2017-10-19 16:54:43,497 [Hangfire.SqlServer.CountersAggregator] Hangfire.SqlServer.CountersAggregator - (null) - Aggregating records in 'Counter' table...
2017-10-19 16:59:43,533 [Hangfire.SqlServer.CountersAggregator] Hangfire.SqlServer.CountersAggregator - (null) - Aggregating records in 'Counter' table...
2017-10-19 17:04:43,567 [Hangfire.SqlServer.CountersAggregator] Hangfire.SqlServer.CountersAggregator - (null) - Aggregating records in 'Counter' table...
2017-10-19 17:09:43,600 [Hangfire.SqlServer.CountersAggregator] Hangfire.SqlServer.CountersAggregator - (null) - Aggregating records in 'Counter' table...
2017-10-19 17:14:43,638 [Hangfire.SqlServer.CountersAggregator] Hangfire.SqlServer.CountersAggregator - (null) - Aggregating records in 'Counter' table...
2017-10-19 17:19:43,674 [Hangfire.SqlServer.CountersAggregator] Hangfire.SqlServer.CountersAggregator - (null) - Aggregating records in 'Counter' table...
2017-10-19 17:24:43,725 [Hangfire.SqlServer.CountersAggregator] Hangfire.SqlServer.CountersAggregator - (null) - Aggregating records in 'Counter' table...
2017-10-19 17:24:44,608 [Hangfire.SqlServer.ExpirationManager] Hangfire.SqlServer.ExpirationManager - (null) - Removing outdated records from table 'AggregatedCounter'...
2017-10-19 17:24:44,702 [Hangfire.SqlServer.ExpirationManager] Hangfire.SqlServer.ExpirationManager - (null) - Removing outdated records from table 'Job'...
2017-10-19 17:24:44,797 [Hangfire.SqlServer.ExpirationManager] Hangfire.SqlServer.ExpirationManager - (null) - Removing outdated records from table 'List'...
2017-10-19 17:24:44,891 [Hangfire.SqlServer.ExpirationManager] Hangfire.SqlServer.ExpirationManager - (null) - Removing outdated records from table 'Set'...
2017-10-19 17:24:44,987 [Hangfire.SqlServer.ExpirationManager] Hangfire.SqlServer.ExpirationManager - (null) - Removing outdated records from table 'Hash'...
2017-10-19 17:29:43,759 [Hangfire.SqlServer.CountersAggregator] Hangfire.SqlServer.CountersAggregator - (null) - Aggregating records in 'Counter' table...
2017-10-19 17:34:43,791 [Hangfire.SqlServer.CountersAggregator] Hangfire.SqlServer.CountersAggregator - (null) - Aggregating records in 'Counter' table...
2017-10-19 17:39:43,826 [Hangfire.SqlServer.CountersAggregator] Hangfire.SqlServer.CountersAggregator - (null) - Aggregating records in 'Counter' table...
2017-10-19 17:44:43,860 [Hangfire.SqlServer.CountersAggregator] Hangfire.SqlServer.CountersAggregator - (null) - Aggregating records in 'Counter' table...
2017-10-19 17:49:43,892 [Hangfire.SqlServer.CountersAggregator] Hangfire.SqlServer.CountersAggregator - (null) - Aggregating records in 'Counter' table...
2017-10-19 17:54:43,928 [Hangfire.SqlServer.CountersAggregator] Hangfire.SqlServer.CountersAggregator - (null) - Aggregating records in 'Counter' table...
2017-10-19 17:59:43,963 [Hangfire.SqlServer.CountersAggregator] Hangfire.SqlServer.CountersAggregator - (null) - Aggregating records in 'Counter' table...
