2018-01-31 17:32:32,042 [1] U.Logging.ULog4netLogger - (null) - Loading UPrimes...
2018-01-31 17:32:32,359 [1] U.Logging.ULog4netLogger - (null) - Found 10 UPrimes in total.
2018-01-31 17:32:32,365 [1] U.Logging.ULog4netLogger - (null) - Loaded UPrime: U.ULeadershipUPrime, U, Version=0.6.11.11, Culture=neutral, PublicKeyToken=null
2018-01-31 17:32:32,366 [1] U.Logging.ULog4netLogger - (null) - Loaded UPrime: UZeroConsole.EntityFramework.UZeroConsoleEntityFrameworkUPrime, UZeroConsole.EntityFramework, Version=0.2.7.3, Culture=neutral, PublicKeyToken=null
2018-01-31 17:32:32,366 [1] U.Logging.ULog4netLogger - (null) - Loaded UPrime: U.FakeMvc.UFakeMvcUPrime, U.FakeMvc, Version=0.6.11.11, Culture=neutral, PublicKeyToken=null
2018-01-31 17:32:32,367 [1] U.Logging.ULog4netLogger - (null) - Loaded UPrime: U.Hangfire.UHangfireUPrime, U.HangFire, Version=0.6.11.11, Culture=neutral, PublicKeyToken=null
2018-01-31 17:32:32,367 [1] U.Logging.ULog4netLogger - (null) - Loaded UPrime: U.Web.UWebUPrime, U.Web, Version=0.6.11.11, Culture=neutral, PublicKeyToken=null
2018-01-31 17:32:32,368 [1] U.Logging.ULog4netLogger - (null) - Loaded UPrime: U.WebApi.UWebApiUPrime, U.Web.Api, Version=0.6.11.11, Culture=neutral, PublicKeyToken=null
2018-01-31 17:32:32,369 [1] U.Logging.ULog4netLogger - (null) - Loaded UPrime: U.AutoMapper.UAutoMapperUPrime, U.AutoMapper, Version=0.6.11.11, Culture=neutral, PublicKeyToken=null
2018-01-31 17:32:32,369 [1] U.Logging.ULog4netLogger - (null) - Loaded UPrime: U.EntityFramework.UEntityFrameworkUPrime, U.EntityFramework, Version=0.6.11.11, Culture=neutral, PublicKeyToken=null
2018-01-31 17:32:32,370 [1] U.Logging.ULog4netLogger - (null) - Loaded UPrime: UZeroConsole.UZeroConsoleUPrime, UZeroConsole, Version=0.2.7.3, Culture=neutral, PublicKeyToken=null
2018-01-31 17:32:32,371 [1] U.Logging.ULog4netLogger - (null) - Loaded UPrime: UZeroConsole.Web.UZeroConsoleWebUPrime, UZeroConsole.Web, Version=0.2.7.3, Culture=neutral, PublicKeyToken=null
2018-01-31 17:32:32,373 [1] U.Logging.ULog4netLogger - (null) - 10 UPrime loaded.
2018-01-31 17:32:32,574 [1] Hangfire.SqlServer.SqlServerStorage - (null) - Start installing Hangfire SQL objects...
2018-01-31 17:32:32,741 [1] Hangfire.SqlServer.SqlServerStorage - (null) - Hangfire SQL objects installed.
2018-01-31 17:32:33,041 [1] U.Logging.ULog4netLogger - (null) - Start background worker£ºU.Hangfire.HangfireBackgroundJobManager
2018-01-31 17:32:33,048 [1] Hangfire.BackgroundJobServer - (null) - Starting Hangfire Server
2018-01-31 17:32:33,051 [1] Hangfire.BackgroundJobServer - (null) - Using job storage: 'SQL Server: 120.132.57.7,1444@UZeroConsole.Tests'.
2018-01-31 17:32:33,051 [1] Hangfire.BackgroundJobServer - (null) - Using the following options for SQL Server job storage:
2018-01-31 17:32:33,051 [1] Hangfire.BackgroundJobServer - (null) -     Queue poll interval: 00:00:15.
2018-01-31 17:32:33,052 [1] Hangfire.BackgroundJobServer - (null) - Using the following options for Hangfire Server:
2018-01-31 17:32:33,052 [1] Hangfire.BackgroundJobServer - (null) -     Worker count: 40.
2018-01-31 17:32:33,052 [1] Hangfire.BackgroundJobServer - (null) -     Listening queues: 'default'.
2018-01-31 17:32:33,053 [1] Hangfire.BackgroundJobServer - (null) -     Shutdown timeout: 00:00:15.
2018-01-31 17:32:33,053 [1] Hangfire.BackgroundJobServer - (null) -     Schedule polling interval: 00:00:15.
2018-01-31 17:32:33,060 [BackgroundProcessingServer] Hangfire.Server.BackgroundProcessingServer - (null) - Background process 'BackgroundProcessingServer' started.
2018-01-31 17:32:33,106 [ServerHeartbeat] Hangfire.Server.ServerHeartbeat - (null) - Background process 'ServerHeartbeat' started.
2018-01-31 17:32:33,108 [ServerWatchdog] Hangfire.Server.ServerWatchdog - (null) - Background process 'ServerWatchdog' started.
2018-01-31 17:32:33,109 [Hangfire.SqlServer.ExpirationManager] Hangfire.SqlServer.ExpirationManager - (null) - Background process 'Hangfire.SqlServer.ExpirationManager' started.
2018-01-31 17:32:33,110 [Hangfire.SqlServer.ExpirationManager] Hangfire.SqlServer.ExpirationManager - (null) - Removing outdated records from table 'AggregatedCounter'...
2018-01-31 17:32:33,110 [Hangfire.SqlServer.CountersAggregator] Hangfire.SqlServer.CountersAggregator - (null) - Background process 'Hangfire.SqlServer.CountersAggregator' started.
2018-01-31 17:32:33,111 [Worker #d2077144] Hangfire.Server.Worker - (null) - Background process 'Worker #d2077144' started.
2018-01-31 17:32:33,111 [Hangfire.SqlServer.CountersAggregator] Hangfire.SqlServer.CountersAggregator - (null) - Aggregating records in 'Counter' table...
2018-01-31 17:32:33,112 [Worker #ae753756] Hangfire.Server.Worker - (null) - Background process 'Worker #ae753756' started.
2018-01-31 17:32:33,114 [Worker #e8994156] Hangfire.Server.Worker - (null) - Background process 'Worker #e8994156' started.
2018-01-31 17:32:33,115 [Worker #a33fb53e] Hangfire.Server.Worker - (null) - Background process 'Worker #a33fb53e' started.
2018-01-31 17:32:33,115 [Worker #2c8a689f] Hangfire.Server.Worker - (null) - Background process 'Worker #2c8a689f' started.
2018-01-31 17:32:33,116 [Worker #a959e106] Hangfire.Server.Worker - (null) - Background process 'Worker #a959e106' started.
2018-01-31 17:32:33,116 [Worker #cfc9573e] Hangfire.Server.Worker - (null) - Background process 'Worker #cfc9573e' started.
2018-01-31 17:32:33,116 [Worker #15d343a1] Hangfire.Server.Worker - (null) - Background process 'Worker #15d343a1' started.
2018-01-31 17:32:33,117 [Worker #06887a3b] Hangfire.Server.Worker - (null) - Background process 'Worker #06887a3b' started.
2018-01-31 17:32:33,117 [Worker #a8c9f4df] Hangfire.Server.Worker - (null) - Background process 'Worker #a8c9f4df' started.
2018-01-31 17:32:33,118 [Worker #87a5bf40] Hangfire.Server.Worker - (null) - Background process 'Worker #87a5bf40' started.
2018-01-31 17:32:33,118 [Worker #0d4c1ab0] Hangfire.Server.Worker - (null) - Background process 'Worker #0d4c1ab0' started.
2018-01-31 17:32:33,119 [Worker #d9dd0169] Hangfire.Server.Worker - (null) - Background process 'Worker #d9dd0169' started.
2018-01-31 17:32:33,119 [Worker #c908e22b] Hangfire.Server.Worker - (null) - Background process 'Worker #c908e22b' started.
2018-01-31 17:32:33,119 [Worker #67acd800] Hangfire.Server.Worker - (null) - Background process 'Worker #67acd800' started.
2018-01-31 17:32:33,120 [Worker #0e94e628] Hangfire.Server.Worker - (null) - Background process 'Worker #0e94e628' started.
2018-01-31 17:32:33,120 [Worker #55e6da91] Hangfire.Server.Worker - (null) - Background process 'Worker #55e6da91' started.
2018-01-31 17:32:33,121 [Worker #851c9db6] Hangfire.Server.Worker - (null) - Background process 'Worker #851c9db6' started.
2018-01-31 17:32:33,121 [Worker #05d222bc] Hangfire.Server.Worker - (null) - Background process 'Worker #05d222bc' started.
2018-01-31 17:32:33,122 [Worker #345069d6] Hangfire.Server.Worker - (null) - Background process 'Worker #345069d6' started.
2018-01-31 17:32:33,123 [Worker #01039528] Hangfire.Server.Worker - (null) - Background process 'Worker #01039528' started.
2018-01-31 17:32:33,124 [Worker #2a8d9d6a] Hangfire.Server.Worker - (null) - Background process 'Worker #2a8d9d6a' started.
2018-01-31 17:32:33,125 [Worker #6197cbdd] Hangfire.Server.Worker - (null) - Background process 'Worker #6197cbdd' started.
2018-01-31 17:32:33,124 [Worker #dd7548b1] Hangfire.Server.Worker - (null) - Background process 'Worker #dd7548b1' started.
2018-01-31 17:32:33,126 [Worker #c3c1328a] Hangfire.Server.Worker - (null) - Background process 'Worker #c3c1328a' started.
2018-01-31 17:32:33,127 [Worker #3d9dc1b8] Hangfire.Server.Worker - (null) - Background process 'Worker #3d9dc1b8' started.
2018-01-31 17:32:33,127 [Worker #8af8d5ee] Hangfire.Server.Worker - (null) - Background process 'Worker #8af8d5ee' started.
2018-01-31 17:32:33,128 [Worker #0b25074a] Hangfire.Server.Worker - (null) - Background process 'Worker #0b25074a' started.
2018-01-31 17:32:33,125 [Worker #f569a431] Hangfire.Server.Worker - (null) - Background process 'Worker #f569a431' started.
2018-01-31 17:32:33,129 [Worker #2a44fbf7] Hangfire.Server.Worker - (null) - Background process 'Worker #2a44fbf7' started.
2018-01-31 17:32:33,128 [Worker #994398f0] Hangfire.Server.Worker - (null) - Background process 'Worker #994398f0' started.
2018-01-31 17:32:33,130 [Worker #d9bb8f34] Hangfire.Server.Worker - (null) - Background process 'Worker #d9bb8f34' started.
2018-01-31 17:32:33,131 [Worker #c0cc48c9] Hangfire.Server.Worker - (null) - Background process 'Worker #c0cc48c9' started.
2018-01-31 17:32:33,132 [Worker #de43a757] Hangfire.Server.Worker - (null) - Background process 'Worker #de43a757' started.
2018-01-31 17:32:33,131 [Worker #52909e53] Hangfire.Server.Worker - (null) - Background process 'Worker #52909e53' started.
2018-01-31 17:32:33,132 [Worker #dab111b8] Hangfire.Server.Worker - (null) - Background process 'Worker #dab111b8' started.
2018-01-31 17:32:33,133 [Worker #4c26acad] Hangfire.Server.Worker - (null) - Background process 'Worker #4c26acad' started.
2018-01-31 17:32:33,133 [Worker #cbb8bd28] Hangfire.Server.Worker - (null) - Background process 'Worker #cbb8bd28' started.
2018-01-31 17:32:33,134 [Worker #d927854e] Hangfire.Server.Worker - (null) - Background process 'Worker #d927854e' started.
2018-01-31 17:32:33,134 [Worker #8e378fe3] Hangfire.Server.Worker - (null) - Background process 'Worker #8e378fe3' started.
2018-01-31 17:32:33,134 [DelayedJobScheduler] Hangfire.Server.DelayedJobScheduler - (null) - Background process 'DelayedJobScheduler' started.
2018-01-31 17:32:33,135 [RecurringJobScheduler] Hangfire.Server.RecurringJobScheduler - (null) - Background process 'RecurringJobScheduler' started.
2018-01-31 17:32:33,230 [Hangfire.SqlServer.ExpirationManager] Hangfire.SqlServer.ExpirationManager - (null) - Removing outdated records from table 'Job'...
2018-01-31 17:32:33,332 [1] U.Logging.ULog4netLogger - (null) - Found 0 classes defines auto mapping attributes
2018-01-31 17:32:33,333 [1] U.Logging.ULog4netLogger - (null) - (^_^)(^_^)(^_^) UStarter startup completed.
2018-01-31 17:32:34,162 [Hangfire.SqlServer.ExpirationManager] Hangfire.SqlServer.ExpirationManager - (null) - Removing outdated records from table 'List'...
2018-01-31 17:32:34,249 [Hangfire.SqlServer.ExpirationManager] Hangfire.SqlServer.ExpirationManager - (null) - Removing outdated records from table 'Set'...
2018-01-31 17:32:34,337 [Hangfire.SqlServer.ExpirationManager] Hangfire.SqlServer.ExpirationManager - (null) - Removing outdated records from table 'Hash'...
2018-01-31 17:34:24,052 [60] U.Logging.ULog4netLogger - (null) - Stop background worker£ºU.Hangfire.HangfireBackgroundJobManager
2018-01-31 17:34:24,275 [ServerHeartbeat] Hangfire.Server.ServerHeartbeat - (null) - Background process 'ServerHeartbeat' stopped.
2018-01-31 17:34:24,276 [RecurringJobScheduler] Hangfire.Server.RecurringJobScheduler - (null) - Background process 'RecurringJobScheduler' stopped.
2018-01-31 17:34:24,275 [Worker #8e378fe3] Hangfire.Server.Worker - (null) - Background process 'Worker #8e378fe3' stopped.
2018-01-31 17:34:24,278 [Worker #de43a757] Hangfire.Server.Worker - (null) - Background process 'Worker #de43a757' stopped.
2018-01-31 17:34:24,279 [Worker #dab111b8] Hangfire.Server.Worker - (null) - Background process 'Worker #dab111b8' stopped.
2018-01-31 17:34:24,278 [Worker #d927854e] Hangfire.Server.Worker - (null) - Background process 'Worker #d927854e' stopped.
2018-01-31 17:34:24,280 [Worker #4c26acad] Hangfire.Server.Worker - (null) - Background process 'Worker #4c26acad' stopped.
2018-01-31 17:34:24,279 [Worker #994398f0] Hangfire.Server.Worker - (null) - Background process 'Worker #994398f0' stopped.
2018-01-31 17:34:24,281 [Worker #c0cc48c9] Hangfire.Server.Worker - (null) - Background process 'Worker #c0cc48c9' stopped.
2018-01-31 17:34:24,280 [Worker #2a44fbf7] Hangfire.Server.Worker - (null) - Background process 'Worker #2a44fbf7' stopped.
2018-01-31 17:34:24,282 [Worker #6197cbdd] Hangfire.Server.Worker - (null) - Background process 'Worker #6197cbdd' stopped.
2018-01-31 17:34:24,281 [Worker #3d9dc1b8] Hangfire.Server.Worker - (null) - Background process 'Worker #3d9dc1b8' stopped.
2018-01-31 17:34:24,283 [Worker #0b25074a] Hangfire.Server.Worker - (null) - Background process 'Worker #0b25074a' stopped.
2018-01-31 17:34:24,283 [Worker #0e94e628] Hangfire.Server.Worker - (null) - Background process 'Worker #0e94e628' stopped.
2018-01-31 17:34:24,285 [Worker #2a8d9d6a] Hangfire.Server.Worker - (null) - Background process 'Worker #2a8d9d6a' stopped.
2018-01-31 17:34:24,284 [Worker #c3c1328a] Hangfire.Server.Worker - (null) - Background process 'Worker #c3c1328a' stopped.
2018-01-31 17:34:24,285 [Worker #dd7548b1] Hangfire.Server.Worker - (null) - Background process 'Worker #dd7548b1' stopped.
2018-01-31 17:34:24,286 [Worker #851c9db6] Hangfire.Server.Worker - (null) - Background process 'Worker #851c9db6' stopped.
2018-01-31 17:34:24,287 [Worker #01039528] Hangfire.Server.Worker - (null) - Background process 'Worker #01039528' stopped.
2018-01-31 17:34:24,288 [Worker #d9dd0169] Hangfire.Server.Worker - (null) - Background process 'Worker #d9dd0169' stopped.
2018-01-31 17:34:24,289 [Worker #c908e22b] Hangfire.Server.Worker - (null) - Background process 'Worker #c908e22b' stopped.
2018-01-31 17:34:24,289 [Worker #a8c9f4df] Hangfire.Server.Worker - (null) - Background process 'Worker #a8c9f4df' stopped.
2018-01-31 17:34:24,288 [Worker #55e6da91] Hangfire.Server.Worker - (null) - Background process 'Worker #55e6da91' stopped.
2018-01-31 17:34:24,290 [Worker #15d343a1] Hangfire.Server.Worker - (null) - Background process 'Worker #15d343a1' stopped.
2018-01-31 17:34:24,290 [Worker #0d4c1ab0] Hangfire.Server.Worker - (null) - Background process 'Worker #0d4c1ab0' stopped.
2018-01-31 17:34:24,292 [Worker #a959e106] Hangfire.Server.Worker - (null) - Background process 'Worker #a959e106' stopped.
2018-01-31 17:34:24,293 [Hangfire.SqlServer.CountersAggregator] Hangfire.SqlServer.CountersAggregator - (null) - Background process 'Hangfire.SqlServer.CountersAggregator' stopped.
2018-01-31 17:34:24,294 [Worker #cfc9573e] Hangfire.Server.Worker - (null) - Background process 'Worker #cfc9573e' stopped.
2018-01-31 17:34:24,292 [Worker #87a5bf40] Hangfire.Server.Worker - (null) - Background process 'Worker #87a5bf40' stopped.
2018-01-31 17:34:24,295 [Worker #e8994156] Hangfire.Server.Worker - (null) - Background process 'Worker #e8994156' stopped.
2018-01-31 17:34:24,275 [Worker #cbb8bd28] Hangfire.Server.Worker - (null) - Background process 'Worker #cbb8bd28' stopped.
2018-01-31 17:34:24,296 [Worker #ae753756] Hangfire.Server.Worker - (null) - Background process 'Worker #ae753756' stopped.
2018-01-31 17:34:24,286 [Worker #05d222bc] Hangfire.Server.Worker - (null) - Background process 'Worker #05d222bc' stopped.
2018-01-31 17:34:24,297 [Worker #a33fb53e] Hangfire.Server.Worker - (null) - Background process 'Worker #a33fb53e' stopped.
2018-01-31 17:34:24,297 [Hangfire.SqlServer.ExpirationManager] Hangfire.SqlServer.ExpirationManager - (null) - Background process 'Hangfire.SqlServer.ExpirationManager' stopped.
2018-01-31 17:34:24,298 [Worker #d2077144] Hangfire.Server.Worker - (null) - Background process 'Worker #d2077144' stopped.
2018-01-31 17:34:24,291 [Worker #67acd800] Hangfire.Server.Worker - (null) - Background process 'Worker #67acd800' stopped.
2018-01-31 17:34:24,277 [DelayedJobScheduler] Hangfire.Server.DelayedJobScheduler - (null) - Background process 'DelayedJobScheduler' stopped.
2018-01-31 17:34:24,294 [ServerWatchdog] Hangfire.Server.ServerWatchdog - (null) - Background process 'ServerWatchdog' stopped.
2018-01-31 17:34:24,282 [Worker #f569a431] Hangfire.Server.Worker - (null) - Background process 'Worker #f569a431' stopped.
2018-01-31 17:34:24,295 [Worker #2c8a689f] Hangfire.Server.Worker - (null) - Background process 'Worker #2c8a689f' stopped.
2018-01-31 17:34:24,275 [Worker #d9bb8f34] Hangfire.Server.Worker - (null) - Background process 'Worker #d9bb8f34' stopped.
2018-01-31 17:34:24,288 [Worker #345069d6] Hangfire.Server.Worker - (null) - Background process 'Worker #345069d6' stopped.
2018-01-31 17:34:24,279 [Worker #52909e53] Hangfire.Server.Worker - (null) - Background process 'Worker #52909e53' stopped.
2018-01-31 17:34:24,290 [Worker #06887a3b] Hangfire.Server.Worker - (null) - Background process 'Worker #06887a3b' stopped.
2018-01-31 17:34:24,285 [Worker #8af8d5ee] Hangfire.Server.Worker - (null) - Background process 'Worker #8af8d5ee' stopped.
2018-01-31 17:34:24,340 [BackgroundProcessingServer] Hangfire.Server.BackgroundProcessingServer - (null) - Background process 'BackgroundProcessingServer' stopped.
2018-01-31 17:34:24,340 [60] Hangfire.BackgroundJobServer - (null) - Hangfire Server stopped.
2018-01-31 17:34:24,340 [60] U.Logging.ULog4netLogger - (null) - WaitToStop background worker£ºU.Hangfire.HangfireBackgroundJobManager
2018-01-31 17:34:39,648 [62] U.Logging.ULog4netLogger - (null) - Loading UPrimes...
2018-01-31 17:34:40,152 [62] U.Logging.ULog4netLogger - (null) - Found 10 UPrimes in total.
2018-01-31 17:34:40,159 [62] U.Logging.ULog4netLogger - (null) - Loaded UPrime: U.Web.UWebUPrime, U.Web, Version=0.6.11.11, Culture=neutral, PublicKeyToken=null
2018-01-31 17:34:40,159 [62] U.Logging.ULog4netLogger - (null) - Loaded UPrime: UZeroConsole.UZeroConsoleUPrime, UZeroConsole, Version=0.2.7.3, Culture=neutral, PublicKeyToken=null
2018-01-31 17:34:40,160 [62] U.Logging.ULog4netLogger - (null) - Loaded UPrime: U.WebApi.UWebApiUPrime, U.Web.Api, Version=0.6.11.11, Culture=neutral, PublicKeyToken=null
2018-01-31 17:34:40,161 [62] U.Logging.ULog4netLogger - (null) - Loaded UPrime: UZeroConsole.Web.UZeroConsoleWebUPrime, UZeroConsole.Web, Version=0.2.7.3, Culture=neutral, PublicKeyToken=null
2018-01-31 17:34:40,162 [62] U.Logging.ULog4netLogger - (null) - Loaded UPrime: U.AutoMapper.UAutoMapperUPrime, U.AutoMapper, Version=0.6.11.11, Culture=neutral, PublicKeyToken=null
2018-01-31 17:34:40,162 [62] U.Logging.ULog4netLogger - (null) - Loaded UPrime: U.ULeadershipUPrime, U, Version=0.6.11.11, Culture=neutral, PublicKeyToken=null
2018-01-31 17:34:40,163 [62] U.Logging.ULog4netLogger - (null) - Loaded UPrime: U.Hangfire.UHangfireUPrime, U.HangFire, Version=0.6.11.11, Culture=neutral, PublicKeyToken=null
2018-01-31 17:34:40,164 [62] U.Logging.ULog4netLogger - (null) - Loaded UPrime: UZeroConsole.EntityFramework.UZeroConsoleEntityFrameworkUPrime, UZeroConsole.EntityFramework, Version=0.2.7.3, Culture=neutral, PublicKeyToken=null
2018-01-31 17:34:40,164 [62] U.Logging.ULog4netLogger - (null) - Loaded UPrime: U.FakeMvc.UFakeMvcUPrime, U.FakeMvc, Version=0.6.11.11, Culture=neutral, PublicKeyToken=null
2018-01-31 17:34:40,165 [62] U.Logging.ULog4netLogger - (null) - Loaded UPrime: U.EntityFramework.UEntityFrameworkUPrime, U.EntityFramework, Version=0.6.11.11, Culture=neutral, PublicKeyToken=null
2018-01-31 17:34:40,167 [62] U.Logging.ULog4netLogger - (null) - 10 UPrime loaded.
2018-01-31 17:34:40,422 [62] Hangfire.SqlServer.SqlServerStorage - (null) - Start installing Hangfire SQL objects...
2018-01-31 17:34:40,603 [62] Hangfire.SqlServer.SqlServerStorage - (null) - Hangfire SQL objects installed.
2018-01-31 17:34:40,903 [62] U.Logging.ULog4netLogger - (null) - Start background worker£ºU.Hangfire.HangfireBackgroundJobManager
2018-01-31 17:34:40,910 [62] Hangfire.BackgroundJobServer - (null) - Starting Hangfire Server
2018-01-31 17:34:40,912 [62] Hangfire.BackgroundJobServer - (null) - Using job storage: 'SQL Server: 120.132.57.7,1444@UZeroConsole.Tests'.
2018-01-31 17:34:40,913 [62] Hangfire.BackgroundJobServer - (null) - Using the following options for SQL Server job storage:
2018-01-31 17:34:40,913 [62] Hangfire.BackgroundJobServer - (null) -     Queue poll interval: 00:00:15.
2018-01-31 17:34:40,914 [62] Hangfire.BackgroundJobServer - (null) - Using the following options for Hangfire Server:
2018-01-31 17:34:40,914 [62] Hangfire.BackgroundJobServer - (null) -     Worker count: 40.
2018-01-31 17:34:40,914 [62] Hangfire.BackgroundJobServer - (null) -     Listening queues: 'default'.
2018-01-31 17:34:40,915 [62] Hangfire.BackgroundJobServer - (null) -     Shutdown timeout: 00:00:15.
2018-01-31 17:34:40,915 [62] Hangfire.BackgroundJobServer - (null) -     Schedule polling interval: 00:00:15.
2018-01-31 17:34:40,921 [BackgroundProcessingServer] Hangfire.Server.BackgroundProcessingServer - (null) - Background process 'BackgroundProcessingServer' started.
2018-01-31 17:34:40,998 [ServerHeartbeat] Hangfire.Server.ServerHeartbeat - (null) - Background process 'ServerHeartbeat' started.
2018-01-31 17:34:40,999 [ServerWatchdog] Hangfire.Server.ServerWatchdog - (null) - Background process 'ServerWatchdog' started.
2018-01-31 17:34:41,000 [Hangfire.SqlServer.ExpirationManager] Hangfire.SqlServer.ExpirationManager - (null) - Background process 'Hangfire.SqlServer.ExpirationManager' started.
2018-01-31 17:34:41,000 [Hangfire.SqlServer.CountersAggregator] Hangfire.SqlServer.CountersAggregator - (null) - Background process 'Hangfire.SqlServer.CountersAggregator' started.
2018-01-31 17:34:41,001 [Hangfire.SqlServer.ExpirationManager] Hangfire.SqlServer.ExpirationManager - (null) - Removing outdated records from table 'AggregatedCounter'...
2018-01-31 17:34:41,001 [Hangfire.SqlServer.CountersAggregator] Hangfire.SqlServer.CountersAggregator - (null) - Aggregating records in 'Counter' table...
2018-01-31 17:34:41,002 [Worker #c0fc9589] Hangfire.Server.Worker - (null) - Background process 'Worker #c0fc9589' started.
2018-01-31 17:34:41,002 [Worker #e9f69f80] Hangfire.Server.Worker - (null) - Background process 'Worker #e9f69f80' started.
2018-01-31 17:34:41,003 [Worker #f44e46e0] Hangfire.Server.Worker - (null) - Background process 'Worker #f44e46e0' started.
2018-01-31 17:34:41,005 [Worker #91ec15fd] Hangfire.Server.Worker - (null) - Background process 'Worker #91ec15fd' started.
2018-01-31 17:34:41,006 [Worker #ffeb2da0] Hangfire.Server.Worker - (null) - Background process 'Worker #ffeb2da0' started.
2018-01-31 17:34:41,006 [Worker #a3000b15] Hangfire.Server.Worker - (null) - Background process 'Worker #a3000b15' started.
2018-01-31 17:34:41,007 [Worker #816923e9] Hangfire.Server.Worker - (null) - Background process 'Worker #816923e9' started.
2018-01-31 17:34:41,007 [Worker #023fa07b] Hangfire.Server.Worker - (null) - Background process 'Worker #023fa07b' started.
2018-01-31 17:34:41,007 [Worker #18ef005a] Hangfire.Server.Worker - (null) - Background process 'Worker #18ef005a' started.
2018-01-31 17:34:41,008 [Worker #ad8aa58e] Hangfire.Server.Worker - (null) - Background process 'Worker #ad8aa58e' started.
2018-01-31 17:34:41,008 [Worker #6c8dbb53] Hangfire.Server.Worker - (null) - Background process 'Worker #6c8dbb53' started.
2018-01-31 17:34:41,009 [Worker #211c0137] Hangfire.Server.Worker - (null) - Background process 'Worker #211c0137' started.
2018-01-31 17:34:41,009 [Worker #c067b982] Hangfire.Server.Worker - (null) - Background process 'Worker #c067b982' started.
2018-01-31 17:34:41,010 [Worker #99f10ae5] Hangfire.Server.Worker - (null) - Background process 'Worker #99f10ae5' started.
2018-01-31 17:34:41,010 [Worker #ce972f50] Hangfire.Server.Worker - (null) - Background process 'Worker #ce972f50' started.
2018-01-31 17:34:41,011 [Worker #6a27b8d1] Hangfire.Server.Worker - (null) - Background process 'Worker #6a27b8d1' started.
2018-01-31 17:34:41,012 [Worker #b493341e] Hangfire.Server.Worker - (null) - Background process 'Worker #b493341e' started.
2018-01-31 17:34:41,012 [Worker #1af34a49] Hangfire.Server.Worker - (null) - Background process 'Worker #1af34a49' started.
2018-01-31 17:34:41,013 [Worker #107454c3] Hangfire.Server.Worker - (null) - Background process 'Worker #107454c3' started.
2018-01-31 17:34:41,014 [Worker #28e95c5e] Hangfire.Server.Worker - (null) - Background process 'Worker #28e95c5e' started.
2018-01-31 17:34:41,014 [Worker #c4c90bc4] Hangfire.Server.Worker - (null) - Background process 'Worker #c4c90bc4' started.
2018-01-31 17:34:41,015 [Worker #f4a4663e] Hangfire.Server.Worker - (null) - Background process 'Worker #f4a4663e' started.
2018-01-31 17:34:41,015 [Worker #960c900d] Hangfire.Server.Worker - (null) - Background process 'Worker #960c900d' started.
2018-01-31 17:34:41,015 [Worker #4e6bfc47] Hangfire.Server.Worker - (null) - Background process 'Worker #4e6bfc47' started.
2018-01-31 17:34:41,016 [Worker #fe89daa1] Hangfire.Server.Worker - (null) - Background process 'Worker #fe89daa1' started.
2018-01-31 17:34:41,016 [Worker #069df47e] Hangfire.Server.Worker - (null) - Background process 'Worker #069df47e' started.
2018-01-31 17:34:41,017 [Worker #ac98790e] Hangfire.Server.Worker - (null) - Background process 'Worker #ac98790e' started.
2018-01-31 17:34:41,017 [Worker #cdde6eec] Hangfire.Server.Worker - (null) - Background process 'Worker #cdde6eec' started.
2018-01-31 17:34:41,018 [Worker #1f84e5ed] Hangfire.Server.Worker - (null) - Background process 'Worker #1f84e5ed' started.
2018-01-31 17:34:41,018 [Worker #8723884f] Hangfire.Server.Worker - (null) - Background process 'Worker #8723884f' started.
2018-01-31 17:34:41,019 [Worker #f8535976] Hangfire.Server.Worker - (null) - Background process 'Worker #f8535976' started.
2018-01-31 17:34:41,019 [Worker #d4a7ec21] Hangfire.Server.Worker - (null) - Background process 'Worker #d4a7ec21' started.
2018-01-31 17:34:41,020 [Worker #12e66563] Hangfire.Server.Worker - (null) - Background process 'Worker #12e66563' started.
2018-01-31 17:34:41,020 [Worker #bdf2077d] Hangfire.Server.Worker - (null) - Background process 'Worker #bdf2077d' started.
2018-01-31 17:34:41,021 [Worker #e65feb5d] Hangfire.Server.Worker - (null) - Background process 'Worker #e65feb5d' started.
2018-01-31 17:34:41,021 [Worker #9b6d371d] Hangfire.Server.Worker - (null) - Background process 'Worker #9b6d371d' started.
2018-01-31 17:34:41,021 [Worker #73bffa03] Hangfire.Server.Worker - (null) - Background process 'Worker #73bffa03' started.
2018-01-31 17:34:41,022 [Worker #adb40fd0] Hangfire.Server.Worker - (null) - Background process 'Worker #adb40fd0' started.
2018-01-31 17:34:41,022 [Worker #8c953c59] Hangfire.Server.Worker - (null) - Background process 'Worker #8c953c59' started.
2018-01-31 17:34:41,023 [Worker #50f010a1] Hangfire.Server.Worker - (null) - Background process 'Worker #50f010a1' started.
2018-01-31 17:34:41,023 [DelayedJobScheduler] Hangfire.Server.DelayedJobScheduler - (null) - Background process 'DelayedJobScheduler' started.
2018-01-31 17:34:41,024 [RecurringJobScheduler] Hangfire.Server.RecurringJobScheduler - (null) - Background process 'RecurringJobScheduler' started.
2018-01-31 17:34:41,224 [Hangfire.SqlServer.ExpirationManager] Hangfire.SqlServer.ExpirationManager - (null) - Removing outdated records from table 'Job'...
2018-01-31 17:34:41,240 [62] U.Logging.ULog4netLogger - (null) - Found 0 classes defines auto mapping attributes
2018-01-31 17:34:41,240 [62] U.Logging.ULog4netLogger - (null) - (^_^)(^_^)(^_^) UStarter startup completed.
2018-01-31 17:34:42,066 [Hangfire.SqlServer.ExpirationManager] Hangfire.SqlServer.ExpirationManager - (null) - Removing outdated records from table 'List'...
2018-01-31 17:34:42,155 [Hangfire.SqlServer.ExpirationManager] Hangfire.SqlServer.ExpirationManager - (null) - Removing outdated records from table 'Set'...
2018-01-31 17:34:42,244 [Hangfire.SqlServer.ExpirationManager] Hangfire.SqlServer.ExpirationManager - (null) - Removing outdated records from table 'Hash'...
2018-01-31 17:39:41,071 [Hangfire.SqlServer.CountersAggregator] Hangfire.SqlServer.CountersAggregator - (null) - Aggregating records in 'Counter' table...
2018-01-31 17:42:05,803 [11] U.Logging.ULog4netLogger - (null) - Stop background worker£ºU.Hangfire.HangfireBackgroundJobManager
2018-01-31 17:42:05,904 [DelayedJobScheduler] Hangfire.Server.DelayedJobScheduler - (null) - Background process 'DelayedJobScheduler' stopped.
2018-01-31 17:42:05,904 [ServerHeartbeat] Hangfire.Server.ServerHeartbeat - (null) - Background process 'ServerHeartbeat' stopped.
2018-01-31 17:42:05,904 [Worker #8c953c59] Hangfire.Server.Worker - (null) - Background process 'Worker #8c953c59' stopped.
2018-01-31 17:42:05,904 [Worker #f8535976] Hangfire.Server.Worker - (null) - Background process 'Worker #f8535976' stopped.
2018-01-31 17:42:05,904 [Worker #73bffa03] Hangfire.Server.Worker - (null) - Background process 'Worker #73bffa03' stopped.
2018-01-31 17:42:05,905 [Worker #12e66563] Hangfire.Server.Worker - (null) - Background process 'Worker #12e66563' stopped.
2018-01-31 17:42:05,906 [Worker #069df47e] Hangfire.Server.Worker - (null) - Background process 'Worker #069df47e' stopped.
2018-01-31 17:42:05,906 [Worker #ac98790e] Hangfire.Server.Worker - (null) - Background process 'Worker #ac98790e' stopped.
2018-01-31 17:42:05,909 [Worker #816923e9] Hangfire.Server.Worker - (null) - Background process 'Worker #816923e9' stopped.
2018-01-31 17:42:05,905 [Worker #adb40fd0] Hangfire.Server.Worker - (null) - Background process 'Worker #adb40fd0' stopped.
2018-01-31 17:42:05,908 [Worker #b493341e] Hangfire.Server.Worker - (null) - Background process 'Worker #b493341e' stopped.
2018-01-31 17:42:05,907 [Worker #107454c3] Hangfire.Server.Worker - (null) - Background process 'Worker #107454c3' stopped.
2018-01-31 17:42:05,907 [Worker #8723884f] Hangfire.Server.Worker - (null) - Background process 'Worker #8723884f' stopped.
2018-01-31 17:42:05,908 [Worker #99f10ae5] Hangfire.Server.Worker - (null) - Background process 'Worker #99f10ae5' stopped.
2018-01-31 17:42:05,910 [Worker #c0fc9589] Hangfire.Server.Worker - (null) - Background process 'Worker #c0fc9589' stopped.
2018-01-31 17:42:05,906 [Worker #4e6bfc47] Hangfire.Server.Worker - (null) - Background process 'Worker #4e6bfc47' stopped.
2018-01-31 17:42:05,905 [Worker #1f84e5ed] Hangfire.Server.Worker - (null) - Background process 'Worker #1f84e5ed' stopped.
2018-01-31 17:42:05,912 [RecurringJobScheduler] Hangfire.Server.RecurringJobScheduler - (null) - Background process 'RecurringJobScheduler' stopped.
2018-01-31 17:42:05,908 [Worker #1af34a49] Hangfire.Server.Worker - (null) - Background process 'Worker #1af34a49' stopped.
2018-01-31 17:42:05,905 [Worker #9b6d371d] Hangfire.Server.Worker - (null) - Background process 'Worker #9b6d371d' stopped.
2018-01-31 17:42:05,911 [Worker #ffeb2da0] Hangfire.Server.Worker - (null) - Background process 'Worker #ffeb2da0' stopped.
2018-01-31 17:42:05,911 [Worker #91ec15fd] Hangfire.Server.Worker - (null) - Background process 'Worker #91ec15fd' stopped.
2018-01-31 17:42:05,907 [Worker #18ef005a] Hangfire.Server.Worker - (null) - Background process 'Worker #18ef005a' stopped.
2018-01-31 17:42:05,908 [Worker #ad8aa58e] Hangfire.Server.Worker - (null) - Background process 'Worker #ad8aa58e' stopped.
2018-01-31 17:42:05,907 [Worker #960c900d] Hangfire.Server.Worker - (null) - Background process 'Worker #960c900d' stopped.
2018-01-31 17:42:05,908 [Worker #28e95c5e] Hangfire.Server.Worker - (null) - Background process 'Worker #28e95c5e' stopped.
2018-01-31 17:42:05,910 [ServerWatchdog] Hangfire.Server.ServerWatchdog - (null) - Background process 'ServerWatchdog' stopped.
2018-01-31 17:42:05,905 [Worker #d4a7ec21] Hangfire.Server.Worker - (null) - Background process 'Worker #d4a7ec21' stopped.
2018-01-31 17:42:05,909 [Worker #c067b982] Hangfire.Server.Worker - (null) - Background process 'Worker #c067b982' stopped.
2018-01-31 17:42:05,906 [Worker #f4a4663e] Hangfire.Server.Worker - (null) - Background process 'Worker #f4a4663e' stopped.
2018-01-31 17:42:05,909 [Worker #a3000b15] Hangfire.Server.Worker - (null) - Background process 'Worker #a3000b15' stopped.
2018-01-31 17:42:05,910 [Worker #023fa07b] Hangfire.Server.Worker - (null) - Background process 'Worker #023fa07b' stopped.
2018-01-31 17:42:05,911 [Worker #f44e46e0] Hangfire.Server.Worker - (null) - Background process 'Worker #f44e46e0' stopped.
2018-01-31 17:42:05,905 [Worker #50f010a1] Hangfire.Server.Worker - (null) - Background process 'Worker #50f010a1' stopped.
2018-01-31 17:42:05,912 [Hangfire.SqlServer.ExpirationManager] Hangfire.SqlServer.ExpirationManager - (null) - Background process 'Hangfire.SqlServer.ExpirationManager' stopped.
2018-01-31 17:42:05,908 [Worker #c4c90bc4] Hangfire.Server.Worker - (null) - Background process 'Worker #c4c90bc4' stopped.
2018-01-31 17:42:05,912 [Hangfire.SqlServer.CountersAggregator] Hangfire.SqlServer.CountersAggregator - (null) - Background process 'Hangfire.SqlServer.CountersAggregator' stopped.
2018-01-31 17:42:05,911 [Worker #e9f69f80] Hangfire.Server.Worker - (null) - Background process 'Worker #e9f69f80' stopped.
2018-01-31 17:42:05,909 [Worker #ce972f50] Hangfire.Server.Worker - (null) - Background process 'Worker #ce972f50' stopped.
2018-01-31 17:42:05,906 [Worker #bdf2077d] Hangfire.Server.Worker - (null) - Background process 'Worker #bdf2077d' stopped.
2018-01-31 17:42:05,908 [Worker #6a27b8d1] Hangfire.Server.Worker - (null) - Background process 'Worker #6a27b8d1' stopped.
2018-01-31 17:42:05,909 [Worker #6c8dbb53] Hangfire.Server.Worker - (null) - Background process 'Worker #6c8dbb53' stopped.
2018-01-31 17:42:05,906 [Worker #cdde6eec] Hangfire.Server.Worker - (null) - Background process 'Worker #cdde6eec' stopped.
2018-01-31 17:42:05,910 [Worker #211c0137] Hangfire.Server.Worker - (null) - Background process 'Worker #211c0137' stopped.
2018-01-31 17:42:05,905 [Worker #e65feb5d] Hangfire.Server.Worker - (null) - Background process 'Worker #e65feb5d' stopped.
2018-01-31 17:42:05,907 [Worker #fe89daa1] Hangfire.Server.Worker - (null) - Background process 'Worker #fe89daa1' stopped.
2018-01-31 17:42:05,961 [BackgroundProcessingServer] Hangfire.Server.BackgroundProcessingServer - (null) - Background process 'BackgroundProcessingServer' stopped.
2018-01-31 17:42:05,962 [11] Hangfire.BackgroundJobServer - (null) - Hangfire Server stopped.
2018-01-31 17:42:05,963 [11] U.Logging.ULog4netLogger - (null) - WaitToStop background worker£ºU.Hangfire.HangfireBackgroundJobManager
2018-01-31 17:44:02,673 [62] U.Logging.ULog4netLogger - (null) - Loading UPrimes...
2018-01-31 17:44:03,090 [62] U.Logging.ULog4netLogger - (null) - Found 10 UPrimes in total.
2018-01-31 17:44:03,095 [62] U.Logging.ULog4netLogger - (null) - Loaded UPrime: U.Hangfire.UHangfireUPrime, U.HangFire, Version=0.6.11.11, Culture=neutral, PublicKeyToken=null
2018-01-31 17:44:03,096 [62] U.Logging.ULog4netLogger - (null) - Loaded UPrime: U.WebApi.UWebApiUPrime, U.Web.Api, Version=0.6.11.11, Culture=neutral, PublicKeyToken=null
2018-01-31 17:44:03,096 [62] U.Logging.ULog4netLogger - (null) - Loaded UPrime: UZeroConsole.UZeroConsoleUPrime, UZeroConsole, Version=0.2.7.3, Culture=neutral, PublicKeyToken=null
2018-01-31 17:44:03,097 [62] U.Logging.ULog4netLogger - (null) - Loaded UPrime: U.AutoMapper.UAutoMapperUPrime, U.AutoMapper, Version=0.6.11.11, Culture=neutral, PublicKeyToken=null
2018-01-31 17:44:03,098 [62] U.Logging.ULog4netLogger - (null) - Loaded UPrime: U.EntityFramework.UEntityFrameworkUPrime, U.EntityFramework, Version=0.6.11.11, Culture=neutral, PublicKeyToken=null
2018-01-31 17:44:03,098 [62] U.Logging.ULog4netLogger - (null) - Loaded UPrime: U.FakeMvc.UFakeMvcUPrime, U.FakeMvc, Version=0.6.11.11, Culture=neutral, PublicKeyToken=null
2018-01-31 17:44:03,099 [62] U.Logging.ULog4netLogger - (null) - Loaded UPrime: U.Web.UWebUPrime, U.Web, Version=0.6.11.11, Culture=neutral, PublicKeyToken=null
2018-01-31 17:44:03,100 [62] U.Logging.ULog4netLogger - (null) - Loaded UPrime: UZeroConsole.Web.UZeroConsoleWebUPrime, UZeroConsole.Web, Version=0.2.7.3, Culture=neutral, PublicKeyToken=null
2018-01-31 17:44:03,100 [62] U.Logging.ULog4netLogger - (null) - Loaded UPrime: U.ULeadershipUPrime, U, Version=0.6.11.11, Culture=neutral, PublicKeyToken=null
2018-01-31 17:44:03,101 [62] U.Logging.ULog4netLogger - (null) - Loaded UPrime: UZeroConsole.EntityFramework.UZeroConsoleEntityFrameworkUPrime, UZeroConsole.EntityFramework, Version=0.2.7.3, Culture=neutral, PublicKeyToken=null
2018-01-31 17:44:03,103 [62] U.Logging.ULog4netLogger - (null) - 10 UPrime loaded.
2018-01-31 17:44:03,342 [62] Hangfire.SqlServer.SqlServerStorage - (null) - Start installing Hangfire SQL objects...
2018-01-31 17:44:03,505 [62] Hangfire.SqlServer.SqlServerStorage - (null) - Hangfire SQL objects installed.
2018-01-31 17:44:03,777 [62] U.Logging.ULog4netLogger - (null) - Start background worker£ºU.Hangfire.HangfireBackgroundJobManager
2018-01-31 17:44:03,784 [62] Hangfire.BackgroundJobServer - (null) - Starting Hangfire Server
2018-01-31 17:44:03,786 [62] Hangfire.BackgroundJobServer - (null) - Using job storage: 'SQL Server: 120.132.57.7,1444@UZeroConsole.Tests'.
2018-01-31 17:44:03,787 [62] Hangfire.BackgroundJobServer - (null) - Using the following options for SQL Server job storage:
2018-01-31 17:44:03,787 [62] Hangfire.BackgroundJobServer - (null) -     Queue poll interval: 00:00:15.
2018-01-31 17:44:03,787 [62] Hangfire.BackgroundJobServer - (null) - Using the following options for Hangfire Server:
2018-01-31 17:44:03,788 [62] Hangfire.BackgroundJobServer - (null) -     Worker count: 40.
2018-01-31 17:44:03,788 [62] Hangfire.BackgroundJobServer - (null) -     Listening queues: 'default'.
2018-01-31 17:44:03,788 [62] Hangfire.BackgroundJobServer - (null) -     Shutdown timeout: 00:00:15.
2018-01-31 17:44:03,788 [62] Hangfire.BackgroundJobServer - (null) -     Schedule polling interval: 00:00:15.
2018-01-31 17:44:03,795 [BackgroundProcessingServer] Hangfire.Server.BackgroundProcessingServer - (null) - Background process 'BackgroundProcessingServer' started.
2018-01-31 17:44:03,863 [ServerHeartbeat] Hangfire.Server.ServerHeartbeat - (null) - Background process 'ServerHeartbeat' started.
2018-01-31 17:44:03,864 [ServerWatchdog] Hangfire.Server.ServerWatchdog - (null) - Background process 'ServerWatchdog' started.
2018-01-31 17:44:03,865 [Hangfire.SqlServer.ExpirationManager] Hangfire.SqlServer.ExpirationManager - (null) - Background process 'Hangfire.SqlServer.ExpirationManager' started.
2018-01-31 17:44:03,866 [Hangfire.SqlServer.CountersAggregator] Hangfire.SqlServer.CountersAggregator - (null) - Background process 'Hangfire.SqlServer.CountersAggregator' started.
2018-01-31 17:44:03,867 [Hangfire.SqlServer.ExpirationManager] Hangfire.SqlServer.ExpirationManager - (null) - Removing outdated records from table 'AggregatedCounter'...
2018-01-31 17:44:03,867 [Hangfire.SqlServer.CountersAggregator] Hangfire.SqlServer.CountersAggregator - (null) - Aggregating records in 'Counter' table...
2018-01-31 17:44:03,868 [Worker #5e3c13d2] Hangfire.Server.Worker - (null) - Background process 'Worker #5e3c13d2' started.
2018-01-31 17:44:03,868 [Worker #a791e505] Hangfire.Server.Worker - (null) - Background process 'Worker #a791e505' started.
2018-01-31 17:44:03,871 [Worker #19f5beeb] Hangfire.Server.Worker - (null) - Background process 'Worker #19f5beeb' started.
2018-01-31 17:44:03,871 [Worker #f05f2994] Hangfire.Server.Worker - (null) - Background process 'Worker #f05f2994' started.
2018-01-31 17:44:03,872 [Worker #96cdfbe6] Hangfire.Server.Worker - (null) - Background process 'Worker #96cdfbe6' started.
2018-01-31 17:44:03,872 [Worker #7fc336f1] Hangfire.Server.Worker - (null) - Background process 'Worker #7fc336f1' started.
2018-01-31 17:44:03,873 [Worker #ce1f3431] Hangfire.Server.Worker - (null) - Background process 'Worker #ce1f3431' started.
2018-01-31 17:44:03,873 [Worker #40161785] Hangfire.Server.Worker - (null) - Background process 'Worker #40161785' started.
2018-01-31 17:44:03,873 [Worker #3c2497f1] Hangfire.Server.Worker - (null) - Background process 'Worker #3c2497f1' started.
2018-01-31 17:44:03,874 [Worker #af96bd53] Hangfire.Server.Worker - (null) - Background process 'Worker #af96bd53' started.
2018-01-31 17:44:03,874 [Worker #0efda27a] Hangfire.Server.Worker - (null) - Background process 'Worker #0efda27a' started.
2018-01-31 17:44:03,875 [Worker #3fcad2cf] Hangfire.Server.Worker - (null) - Background process 'Worker #3fcad2cf' started.
2018-01-31 17:44:03,875 [Worker #6b7705b1] Hangfire.Server.Worker - (null) - Background process 'Worker #6b7705b1' started.
2018-01-31 17:44:03,876 [Worker #bf28d784] Hangfire.Server.Worker - (null) - Background process 'Worker #bf28d784' started.
2018-01-31 17:44:03,876 [Worker #453ae6cf] Hangfire.Server.Worker - (null) - Background process 'Worker #453ae6cf' started.
2018-01-31 17:44:03,877 [Worker #d4ca1ebc] Hangfire.Server.Worker - (null) - Background process 'Worker #d4ca1ebc' started.
2018-01-31 17:44:03,877 [Worker #e04c0fe6] Hangfire.Server.Worker - (null) - Background process 'Worker #e04c0fe6' started.
2018-01-31 17:44:03,877 [Worker #afba5001] Hangfire.Server.Worker - (null) - Background process 'Worker #afba5001' started.
2018-01-31 17:44:03,878 [Worker #9bdad363] Hangfire.Server.Worker - (null) - Background process 'Worker #9bdad363' started.
2018-01-31 17:44:03,878 [Worker #bd02a6b6] Hangfire.Server.Worker - (null) - Background process 'Worker #bd02a6b6' started.
2018-01-31 17:44:03,879 [Worker #105ff8eb] Hangfire.Server.Worker - (null) - Background process 'Worker #105ff8eb' started.
2018-01-31 17:44:03,879 [Worker #c8ac351c] Hangfire.Server.Worker - (null) - Background process 'Worker #c8ac351c' started.
2018-01-31 17:44:03,879 [Worker #b4ded404] Hangfire.Server.Worker - (null) - Background process 'Worker #b4ded404' started.
2018-01-31 17:44:03,880 [Worker #bfbd330b] Hangfire.Server.Worker - (null) - Background process 'Worker #bfbd330b' started.
2018-01-31 17:44:03,880 [Worker #7a4391dd] Hangfire.Server.Worker - (null) - Background process 'Worker #7a4391dd' started.
2018-01-31 17:44:03,881 [Worker #cc32980e] Hangfire.Server.Worker - (null) - Background process 'Worker #cc32980e' started.
2018-01-31 17:44:03,881 [Worker #8676416c] Hangfire.Server.Worker - (null) - Background process 'Worker #8676416c' started.
2018-01-31 17:44:03,882 [Worker #33db5640] Hangfire.Server.Worker - (null) - Background process 'Worker #33db5640' started.
2018-01-31 17:44:03,882 [Worker #9511c2ad] Hangfire.Server.Worker - (null) - Background process 'Worker #9511c2ad' started.
2018-01-31 17:44:03,883 [Worker #5574ca0f] Hangfire.Server.Worker - (null) - Background process 'Worker #5574ca0f' started.
2018-01-31 17:44:03,883 [Worker #1b94adf6] Hangfire.Server.Worker - (null) - Background process 'Worker #1b94adf6' started.
2018-01-31 17:44:03,884 [Worker #473cd940] Hangfire.Server.Worker - (null) - Background process 'Worker #473cd940' started.
2018-01-31 17:44:03,884 [Worker #b61fc3ff] Hangfire.Server.Worker - (null) - Background process 'Worker #b61fc3ff' started.
2018-01-31 17:44:03,884 [Worker #248e1cb0] Hangfire.Server.Worker - (null) - Background process 'Worker #248e1cb0' started.
2018-01-31 17:44:03,885 [Worker #a05e7921] Hangfire.Server.Worker - (null) - Background process 'Worker #a05e7921' started.
2018-01-31 17:44:03,885 [Worker #c3f7f0c7] Hangfire.Server.Worker - (null) - Background process 'Worker #c3f7f0c7' started.
2018-01-31 17:44:03,886 [Worker #5c4a522a] Hangfire.Server.Worker - (null) - Background process 'Worker #5c4a522a' started.
2018-01-31 17:44:03,886 [Worker #14788c51] Hangfire.Server.Worker - (null) - Background process 'Worker #14788c51' started.
2018-01-31 17:44:03,887 [Worker #d80c76f9] Hangfire.Server.Worker - (null) - Background process 'Worker #d80c76f9' started.
2018-01-31 17:44:03,887 [Worker #78d4d2cd] Hangfire.Server.Worker - (null) - Background process 'Worker #78d4d2cd' started.
2018-01-31 17:44:03,888 [DelayedJobScheduler] Hangfire.Server.DelayedJobScheduler - (null) - Background process 'DelayedJobScheduler' started.
2018-01-31 17:44:03,890 [RecurringJobScheduler] Hangfire.Server.RecurringJobScheduler - (null) - Background process 'RecurringJobScheduler' started.
2018-01-31 17:44:03,993 [Hangfire.SqlServer.ExpirationManager] Hangfire.SqlServer.ExpirationManager - (null) - Removing outdated records from table 'Job'...
2018-01-31 17:44:04,091 [62] U.Logging.ULog4netLogger - (null) - Found 0 classes defines auto mapping attributes
2018-01-31 17:44:04,092 [62] U.Logging.ULog4netLogger - (null) - (^_^)(^_^)(^_^) UStarter startup completed.
2018-01-31 17:44:04,792 [Hangfire.SqlServer.ExpirationManager] Hangfire.SqlServer.ExpirationManager - (null) - Removing outdated records from table 'List'...
2018-01-31 17:44:04,879 [Hangfire.SqlServer.ExpirationManager] Hangfire.SqlServer.ExpirationManager - (null) - Removing outdated records from table 'Set'...
2018-01-31 17:44:04,966 [Hangfire.SqlServer.ExpirationManager] Hangfire.SqlServer.ExpirationManager - (null) - Removing outdated records from table 'Hash'...
2018-01-31 17:45:21,631 [82] U.Logging.ULog4netLogger - (null) - Stop background worker£ºU.Hangfire.HangfireBackgroundJobManager
2018-01-31 17:45:21,730 [DelayedJobScheduler] Hangfire.Server.DelayedJobScheduler - (null) - Background process 'DelayedJobScheduler' stopped.
2018-01-31 17:45:21,731 [Worker #cc32980e] Hangfire.Server.Worker - (null) - Background process 'Worker #cc32980e' stopped.
2018-01-31 17:45:21,731 [RecurringJobScheduler] Hangfire.Server.RecurringJobScheduler - (null) - Background process 'RecurringJobScheduler' stopped.
2018-01-31 17:45:21,731 [Worker #473cd940] Hangfire.Server.Worker - (null) - Background process 'Worker #473cd940' stopped.
2018-01-31 17:45:21,731 [Worker #78d4d2cd] Hangfire.Server.Worker - (null) - Background process 'Worker #78d4d2cd' stopped.
2018-01-31 17:45:21,754 [Worker #19f5beeb] Hangfire.Server.Worker - (null) - Background process 'Worker #19f5beeb' stopped.
2018-01-31 17:45:21,746 [Worker #f05f2994] Hangfire.Server.Worker - (null) - Background process 'Worker #f05f2994' stopped.
2018-01-31 17:45:21,736 [Worker #33db5640] Hangfire.Server.Worker - (null) - Background process 'Worker #33db5640' stopped.
2018-01-31 17:45:21,754 [Hangfire.SqlServer.CountersAggregator] Hangfire.SqlServer.CountersAggregator - (null) - Background process 'Hangfire.SqlServer.CountersAggregator' stopped.
2018-01-31 17:45:21,736 [Worker #a791e505] Hangfire.Server.Worker - (null) - Background process 'Worker #a791e505' stopped.
2018-01-31 17:45:21,758 [Hangfire.SqlServer.ExpirationManager] Hangfire.SqlServer.ExpirationManager - (null) - Background process 'Hangfire.SqlServer.ExpirationManager' stopped.
2018-01-31 17:45:21,733 [Worker #3fcad2cf] Hangfire.Server.Worker - (null) - Background process 'Worker #3fcad2cf' stopped.
2018-01-31 17:45:21,748 [Worker #af96bd53] Hangfire.Server.Worker - (null) - Background process 'Worker #af96bd53' stopped.
2018-01-31 17:45:21,741 [Worker #bd02a6b6] Hangfire.Server.Worker - (null) - Background process 'Worker #bd02a6b6' stopped.
2018-01-31 17:45:21,736 [Worker #1b94adf6] Hangfire.Server.Worker - (null) - Background process 'Worker #1b94adf6' stopped.
2018-01-31 17:45:21,739 [Worker #453ae6cf] Hangfire.Server.Worker - (null) - Background process 'Worker #453ae6cf' stopped.
2018-01-31 17:45:21,739 [Worker #7a4391dd] Hangfire.Server.Worker - (null) - Background process 'Worker #7a4391dd' stopped.
2018-01-31 17:45:21,734 [Worker #b61fc3ff] Hangfire.Server.Worker - (null) - Background process 'Worker #b61fc3ff' stopped.
2018-01-31 17:45:21,745 [Worker #bfbd330b] Hangfire.Server.Worker - (null) - Background process 'Worker #bfbd330b' stopped.
2018-01-31 17:45:21,743 [Worker #ce1f3431] Hangfire.Server.Worker - (null) - Background process 'Worker #ce1f3431' stopped.
2018-01-31 17:45:21,750 [Worker #3c2497f1] Hangfire.Server.Worker - (null) - Background process 'Worker #3c2497f1' stopped.
2018-01-31 17:45:21,752 [Worker #5e3c13d2] Hangfire.Server.Worker - (null) - Background process 'Worker #5e3c13d2' stopped.
2018-01-31 17:45:21,733 [Worker #a05e7921] Hangfire.Server.Worker - (null) - Background process 'Worker #a05e7921' stopped.
2018-01-31 17:45:21,754 [ServerWatchdog] Hangfire.Server.ServerWatchdog - (null) - Background process 'ServerWatchdog' stopped.
2018-01-31 17:45:21,746 [Worker #e04c0fe6] Hangfire.Server.Worker - (null) - Background process 'Worker #e04c0fe6' stopped.
2018-01-31 17:45:21,737 [Worker #8676416c] Hangfire.Server.Worker - (null) - Background process 'Worker #8676416c' stopped.
2018-01-31 17:45:21,732 [Worker #c3f7f0c7] Hangfire.Server.Worker - (null) - Background process 'Worker #c3f7f0c7' stopped.
2018-01-31 17:45:21,732 [Worker #d80c76f9] Hangfire.Server.Worker - (null) - Background process 'Worker #d80c76f9' stopped.
2018-01-31 17:45:21,744 [Worker #9bdad363] Hangfire.Server.Worker - (null) - Background process 'Worker #9bdad363' stopped.
2018-01-31 17:45:21,752 [Worker #7fc336f1] Hangfire.Server.Worker - (null) - Background process 'Worker #7fc336f1' stopped.
2018-01-31 17:45:21,750 [Worker #96cdfbe6] Hangfire.Server.Worker - (null) - Background process 'Worker #96cdfbe6' stopped.
2018-01-31 17:45:21,739 [Worker #105ff8eb] Hangfire.Server.Worker - (null) - Background process 'Worker #105ff8eb' stopped.
2018-01-31 17:45:21,741 [Worker #d4ca1ebc] Hangfire.Server.Worker - (null) - Background process 'Worker #d4ca1ebc' stopped.
2018-01-31 17:45:21,738 [Worker #9511c2ad] Hangfire.Server.Worker - (null) - Background process 'Worker #9511c2ad' stopped.
2018-01-31 17:45:21,743 [Worker #0efda27a] Hangfire.Server.Worker - (null) - Background process 'Worker #0efda27a' stopped.
2018-01-31 17:45:21,734 [Worker #248e1cb0] Hangfire.Server.Worker - (null) - Background process 'Worker #248e1cb0' stopped.
2018-01-31 17:45:21,747 [Worker #c8ac351c] Hangfire.Server.Worker - (null) - Background process 'Worker #c8ac351c' stopped.
2018-01-31 17:45:21,750 [Worker #bf28d784] Hangfire.Server.Worker - (null) - Background process 'Worker #bf28d784' stopped.
2018-01-31 17:45:21,748 [Worker #40161785] Hangfire.Server.Worker - (null) - Background process 'Worker #40161785' stopped.
2018-01-31 17:45:21,756 [ServerHeartbeat] Hangfire.Server.ServerHeartbeat - (null) - Background process 'ServerHeartbeat' stopped.
2018-01-31 17:45:21,736 [Worker #5c4a522a] Hangfire.Server.Worker - (null) - Background process 'Worker #5c4a522a' stopped.
2018-01-31 17:45:21,741 [Worker #afba5001] Hangfire.Server.Worker - (null) - Background process 'Worker #afba5001' stopped.
2018-01-31 17:45:21,753 [Worker #6b7705b1] Hangfire.Server.Worker - (null) - Background process 'Worker #6b7705b1' stopped.
2018-01-31 17:45:21,733 [Worker #14788c51] Hangfire.Server.Worker - (null) - Background process 'Worker #14788c51' stopped.
2018-01-31 17:45:21,735 [Worker #b4ded404] Hangfire.Server.Worker - (null) - Background process 'Worker #b4ded404' stopped.
2018-01-31 17:45:21,741 [Worker #5574ca0f] Hangfire.Server.Worker - (null) - Background process 'Worker #5574ca0f' stopped.
2018-01-31 17:45:21,804 [BackgroundProcessingServer] Hangfire.Server.BackgroundProcessingServer - (null) - Background process 'BackgroundProcessingServer' stopped.
2018-01-31 17:45:21,805 [82] Hangfire.BackgroundJobServer - (null) - Hangfire Server stopped.
2018-01-31 17:45:21,805 [82] U.Logging.ULog4netLogger - (null) - WaitToStop background worker£ºU.Hangfire.HangfireBackgroundJobManager
2018-01-31 17:45:31,926 [62] U.Logging.ULog4netLogger - (null) - Loading UPrimes...
2018-01-31 17:45:32,190 [62] U.Logging.ULog4netLogger - (null) - Found 10 UPrimes in total.
2018-01-31 17:45:32,195 [62] U.Logging.ULog4netLogger - (null) - Loaded UPrime: U.Hangfire.UHangfireUPrime, U.HangFire, Version=0.6.11.11, Culture=neutral, PublicKeyToken=null
2018-01-31 17:45:32,196 [62] U.Logging.ULog4netLogger - (null) - Loaded UPrime: U.Web.UWebUPrime, U.Web, Version=0.6.11.11, Culture=neutral, PublicKeyToken=null
2018-01-31 17:45:32,196 [62] U.Logging.ULog4netLogger - (null) - Loaded UPrime: U.ULeadershipUPrime, U, Version=0.6.11.11, Culture=neutral, PublicKeyToken=null
2018-01-31 17:45:32,197 [62] U.Logging.ULog4netLogger - (null) - Loaded UPrime: UZeroConsole.UZeroConsoleUPrime, UZeroConsole, Version=0.2.7.3, Culture=neutral, PublicKeyToken=null
2018-01-31 17:45:32,198 [62] U.Logging.ULog4netLogger - (null) - Loaded UPrime: UZeroConsole.EntityFramework.UZeroConsoleEntityFrameworkUPrime, UZeroConsole.EntityFramework, Version=0.2.7.3, Culture=neutral, PublicKeyToken=null
2018-01-31 17:45:32,199 [62] U.Logging.ULog4netLogger - (null) - Loaded UPrime: U.EntityFramework.UEntityFrameworkUPrime, U.EntityFramework, Version=0.6.11.11, Culture=neutral, PublicKeyToken=null
2018-01-31 17:45:32,199 [62] U.Logging.ULog4netLogger - (null) - Loaded UPrime: UZeroConsole.Web.UZeroConsoleWebUPrime, UZeroConsole.Web, Version=0.2.7.3, Culture=neutral, PublicKeyToken=null
2018-01-31 17:45:32,200 [62] U.Logging.ULog4netLogger - (null) - Loaded UPrime: U.AutoMapper.UAutoMapperUPrime, U.AutoMapper, Version=0.6.11.11, Culture=neutral, PublicKeyToken=null
2018-01-31 17:45:32,201 [62] U.Logging.ULog4netLogger - (null) - Loaded UPrime: U.WebApi.UWebApiUPrime, U.Web.Api, Version=0.6.11.11, Culture=neutral, PublicKeyToken=null
2018-01-31 17:45:32,201 [62] U.Logging.ULog4netLogger - (null) - Loaded UPrime: U.FakeMvc.UFakeMvcUPrime, U.FakeMvc, Version=0.6.11.11, Culture=neutral, PublicKeyToken=null
2018-01-31 17:45:32,204 [62] U.Logging.ULog4netLogger - (null) - 10 UPrime loaded.
2018-01-31 17:45:32,357 [62] Hangfire.SqlServer.SqlServerStorage - (null) - Start installing Hangfire SQL objects...
2018-01-31 17:45:32,523 [62] Hangfire.SqlServer.SqlServerStorage - (null) - Hangfire SQL objects installed.
2018-01-31 17:45:32,785 [62] U.Logging.ULog4netLogger - (null) - Start background worker£ºU.Hangfire.HangfireBackgroundJobManager
2018-01-31 17:45:32,794 [62] Hangfire.BackgroundJobServer - (null) - Starting Hangfire Server
2018-01-31 17:45:32,796 [62] Hangfire.BackgroundJobServer - (null) - Using job storage: 'SQL Server: 120.132.57.7,1444@UZeroConsole.Tests'.
2018-01-31 17:45:32,796 [62] Hangfire.BackgroundJobServer - (null) - Using the following options for SQL Server job storage:
2018-01-31 17:45:32,797 [62] Hangfire.BackgroundJobServer - (null) -     Queue poll interval: 00:00:15.
2018-01-31 17:45:32,797 [62] Hangfire.BackgroundJobServer - (null) - Using the following options for Hangfire Server:
2018-01-31 17:45:32,797 [62] Hangfire.BackgroundJobServer - (null) -     Worker count: 40.
2018-01-31 17:45:32,798 [62] Hangfire.BackgroundJobServer - (null) -     Listening queues: 'default'.
2018-01-31 17:45:32,798 [62] Hangfire.BackgroundJobServer - (null) -     Shutdown timeout: 00:00:15.
2018-01-31 17:45:32,798 [62] Hangfire.BackgroundJobServer - (null) -     Schedule polling interval: 00:00:15.
2018-01-31 17:45:32,804 [BackgroundProcessingServer] Hangfire.Server.BackgroundProcessingServer - (null) - Background process 'BackgroundProcessingServer' started.
2018-01-31 17:45:32,849 [ServerHeartbeat] Hangfire.Server.ServerHeartbeat - (null) - Background process 'ServerHeartbeat' started.
2018-01-31 17:45:32,849 [ServerWatchdog] Hangfire.Server.ServerWatchdog - (null) - Background process 'ServerWatchdog' started.
2018-01-31 17:45:32,850 [Hangfire.SqlServer.ExpirationManager] Hangfire.SqlServer.ExpirationManager - (null) - Background process 'Hangfire.SqlServer.ExpirationManager' started.
2018-01-31 17:45:32,851 [Hangfire.SqlServer.CountersAggregator] Hangfire.SqlServer.CountersAggregator - (null) - Background process 'Hangfire.SqlServer.CountersAggregator' started.
2018-01-31 17:45:32,851 [Hangfire.SqlServer.ExpirationManager] Hangfire.SqlServer.ExpirationManager - (null) - Removing outdated records from table 'AggregatedCounter'...
2018-01-31 17:45:32,852 [Hangfire.SqlServer.CountersAggregator] Hangfire.SqlServer.CountersAggregator - (null) - Aggregating records in 'Counter' table...
2018-01-31 17:45:32,853 [Worker #3a09df4d] Hangfire.Server.Worker - (null) - Background process 'Worker #3a09df4d' started.
2018-01-31 17:45:32,853 [Worker #d382c3e0] Hangfire.Server.Worker - (null) - Background process 'Worker #d382c3e0' started.
2018-01-31 17:45:32,856 [Worker #83a6931a] Hangfire.Server.Worker - (null) - Background process 'Worker #83a6931a' started.
2018-01-31 17:45:32,857 [Worker #7e9892af] Hangfire.Server.Worker - (null) - Background process 'Worker #7e9892af' started.
2018-01-31 17:45:32,857 [Worker #04325d3c] Hangfire.Server.Worker - (null) - Background process 'Worker #04325d3c' started.
2018-01-31 17:45:32,858 [Worker #699cfce5] Hangfire.Server.Worker - (null) - Background process 'Worker #699cfce5' started.
2018-01-31 17:45:32,858 [Worker #4602c045] Hangfire.Server.Worker - (null) - Background process 'Worker #4602c045' started.
2018-01-31 17:45:32,859 [Worker #5836b8b7] Hangfire.Server.Worker - (null) - Background process 'Worker #5836b8b7' started.
2018-01-31 17:45:32,859 [Worker #8c873b62] Hangfire.Server.Worker - (null) - Background process 'Worker #8c873b62' started.
2018-01-31 17:45:32,859 [Worker #e50434f7] Hangfire.Server.Worker - (null) - Background process 'Worker #e50434f7' started.
2018-01-31 17:45:32,860 [Worker #220ae56b] Hangfire.Server.Worker - (null) - Background process 'Worker #220ae56b' started.
2018-01-31 17:45:32,860 [Worker #189adb38] Hangfire.Server.Worker - (null) - Background process 'Worker #189adb38' started.
2018-01-31 17:45:32,861 [Worker #2315b33b] Hangfire.Server.Worker - (null) - Background process 'Worker #2315b33b' started.
2018-01-31 17:45:32,861 [Worker #b54be5b8] Hangfire.Server.Worker - (null) - Background process 'Worker #b54be5b8' started.
2018-01-31 17:45:32,862 [Worker #cf32f044] Hangfire.Server.Worker - (null) - Background process 'Worker #cf32f044' started.
2018-01-31 17:45:32,862 [Worker #460b30a3] Hangfire.Server.Worker - (null) - Background process 'Worker #460b30a3' started.
2018-01-31 17:45:32,863 [Worker #bacab207] Hangfire.Server.Worker - (null) - Background process 'Worker #bacab207' started.
2018-01-31 17:45:32,863 [Worker #f864b7ab] Hangfire.Server.Worker - (null) - Background process 'Worker #f864b7ab' started.
2018-01-31 17:45:32,863 [Worker #fbccd955] Hangfire.Server.Worker - (null) - Background process 'Worker #fbccd955' started.
2018-01-31 17:45:32,864 [Worker #4e4d36a3] Hangfire.Server.Worker - (null) - Background process 'Worker #4e4d36a3' started.
2018-01-31 17:45:32,864 [Worker #ffa7d947] Hangfire.Server.Worker - (null) - Background process 'Worker #ffa7d947' started.
2018-01-31 17:45:32,865 [Worker #d05bb611] Hangfire.Server.Worker - (null) - Background process 'Worker #d05bb611' started.
2018-01-31 17:45:32,865 [Worker #8eafbcdd] Hangfire.Server.Worker - (null) - Background process 'Worker #8eafbcdd' started.
2018-01-31 17:45:32,866 [Worker #d95c47ee] Hangfire.Server.Worker - (null) - Background process 'Worker #d95c47ee' started.
2018-01-31 17:45:32,866 [Worker #a3b36a09] Hangfire.Server.Worker - (null) - Background process 'Worker #a3b36a09' started.
2018-01-31 17:45:32,867 [Worker #d7361c8d] Hangfire.Server.Worker - (null) - Background process 'Worker #d7361c8d' started.
2018-01-31 17:45:32,867 [Worker #77746f18] Hangfire.Server.Worker - (null) - Background process 'Worker #77746f18' started.
2018-01-31 17:45:32,867 [Worker #4c3aa291] Hangfire.Server.Worker - (null) - Background process 'Worker #4c3aa291' started.
2018-01-31 17:45:32,868 [Worker #a35f6979] Hangfire.Server.Worker - (null) - Background process 'Worker #a35f6979' started.
2018-01-31 17:45:32,868 [Worker #e7345ebc] Hangfire.Server.Worker - (null) - Background process 'Worker #e7345ebc' started.
2018-01-31 17:45:32,869 [Worker #f746d22c] Hangfire.Server.Worker - (null) - Background process 'Worker #f746d22c' started.
2018-01-31 17:45:32,870 [Worker #f34f8306] Hangfire.Server.Worker - (null) - Background process 'Worker #f34f8306' started.
2018-01-31 17:45:32,870 [Worker #685ed867] Hangfire.Server.Worker - (null) - Background process 'Worker #685ed867' started.
2018-01-31 17:45:32,870 [Worker #4511c9f4] Hangfire.Server.Worker - (null) - Background process 'Worker #4511c9f4' started.
2018-01-31 17:45:32,871 [Worker #fc529064] Hangfire.Server.Worker - (null) - Background process 'Worker #fc529064' started.
2018-01-31 17:45:32,872 [Worker #172c66b7] Hangfire.Server.Worker - (null) - Background process 'Worker #172c66b7' started.
2018-01-31 17:45:32,872 [Worker #ee441c86] Hangfire.Server.Worker - (null) - Background process 'Worker #ee441c86' started.
2018-01-31 17:45:32,873 [Worker #21134f41] Hangfire.Server.Worker - (null) - Background process 'Worker #21134f41' started.
2018-01-31 17:45:32,873 [Worker #bdfbc375] Hangfire.Server.Worker - (null) - Background process 'Worker #bdfbc375' started.
2018-01-31 17:45:32,873 [Worker #ee0caa6d] Hangfire.Server.Worker - (null) - Background process 'Worker #ee0caa6d' started.
2018-01-31 17:45:32,874 [DelayedJobScheduler] Hangfire.Server.DelayedJobScheduler - (null) - Background process 'DelayedJobScheduler' started.
2018-01-31 17:45:32,874 [RecurringJobScheduler] Hangfire.Server.RecurringJobScheduler - (null) - Background process 'RecurringJobScheduler' started.
2018-01-31 17:45:32,971 [Hangfire.SqlServer.ExpirationManager] Hangfire.SqlServer.ExpirationManager - (null) - Removing outdated records from table 'Job'...
2018-01-31 17:45:33,110 [62] U.Logging.ULog4netLogger - (null) - Found 0 classes defines auto mapping attributes
2018-01-31 17:45:33,111 [62] U.Logging.ULog4netLogger - (null) - (^_^)(^_^)(^_^) UStarter startup completed.
2018-01-31 17:45:33,907 [Hangfire.SqlServer.ExpirationManager] Hangfire.SqlServer.ExpirationManager - (null) - Removing outdated records from table 'List'...
2018-01-31 17:45:33,996 [Hangfire.SqlServer.ExpirationManager] Hangfire.SqlServer.ExpirationManager - (null) - Removing outdated records from table 'Set'...
2018-01-31 17:45:34,085 [Hangfire.SqlServer.ExpirationManager] Hangfire.SqlServer.ExpirationManager - (null) - Removing outdated records from table 'Hash'...
2018-01-31 17:50:33,123 [Hangfire.SqlServer.CountersAggregator] Hangfire.SqlServer.CountersAggregator - (null) - Aggregating records in 'Counter' table...
2018-01-31 17:55:33,191 [Hangfire.SqlServer.CountersAggregator] Hangfire.SqlServer.CountersAggregator - (null) - Aggregating records in 'Counter' table...
2018-01-31 17:58:06,001 [85] U.Logging.ULog4netLogger - (null) - Stop background worker£ºU.Hangfire.HangfireBackgroundJobManager
2018-01-31 17:58:06,126 [ServerHeartbeat] Hangfire.Server.ServerHeartbeat - (null) - Background process 'ServerHeartbeat' stopped.
2018-01-31 17:58:06,127 [Worker #e7345ebc] Hangfire.Server.Worker - (null) - Background process 'Worker #e7345ebc' stopped.
2018-01-31 17:58:06,126 [RecurringJobScheduler] Hangfire.Server.RecurringJobScheduler - (null) - Background process 'RecurringJobScheduler' stopped.
2018-01-31 17:58:06,126 [Worker #ee0caa6d] Hangfire.Server.Worker - (null) - Background process 'Worker #ee0caa6d' stopped.
2018-01-31 17:58:06,135 [Worker #d382c3e0] Hangfire.Server.Worker - (null) - Background process 'Worker #d382c3e0' stopped.
2018-01-31 17:58:06,136 [Worker #685ed867] Hangfire.Server.Worker - (null) - Background process 'Worker #685ed867' stopped.
2018-01-31 17:58:06,136 [Worker #fc529064] Hangfire.Server.Worker - (null) - Background process 'Worker #fc529064' stopped.
2018-01-31 17:58:06,137 [ServerWatchdog] Hangfire.Server.ServerWatchdog - (null) - Background process 'ServerWatchdog' stopped.
2018-01-31 17:58:06,137 [Worker #77746f18] Hangfire.Server.Worker - (null) - Background process 'Worker #77746f18' stopped.
2018-01-31 17:58:06,130 [Worker #fbccd955] Hangfire.Server.Worker - (null) - Background process 'Worker #fbccd955' stopped.
2018-01-31 17:58:06,139 [Worker #bacab207] Hangfire.Server.Worker - (null) - Background process 'Worker #bacab207' stopped.
2018-01-31 17:58:06,139 [Worker #ffa7d947] Hangfire.Server.Worker - (null) - Background process 'Worker #ffa7d947' stopped.
2018-01-31 17:58:06,128 [Worker #f746d22c] Hangfire.Server.Worker - (null) - Background process 'Worker #f746d22c' stopped.
2018-01-31 17:58:06,129 [Worker #d7361c8d] Hangfire.Server.Worker - (null) - Background process 'Worker #d7361c8d' stopped.
2018-01-31 17:58:06,130 [Worker #a35f6979] Hangfire.Server.Worker - (null) - Background process 'Worker #a35f6979' stopped.
2018-01-31 17:58:06,131 [Worker #2315b33b] Hangfire.Server.Worker - (null) - Background process 'Worker #2315b33b' stopped.
2018-01-31 17:58:06,142 [Worker #cf32f044] Hangfire.Server.Worker - (null) - Background process 'Worker #cf32f044' stopped.
2018-01-31 17:58:06,127 [Worker #4511c9f4] Hangfire.Server.Worker - (null) - Background process 'Worker #4511c9f4' stopped.
2018-01-31 17:58:06,142 [Worker #8c873b62] Hangfire.Server.Worker - (null) - Background process 'Worker #8c873b62' stopped.
2018-01-31 17:58:06,128 [Worker #d95c47ee] Hangfire.Server.Worker - (null) - Background process 'Worker #d95c47ee' stopped.
2018-01-31 17:58:06,129 [Worker #f864b7ab] Hangfire.Server.Worker - (null) - Background process 'Worker #f864b7ab' stopped.
2018-01-31 17:58:06,127 [Worker #4c3aa291] Hangfire.Server.Worker - (null) - Background process 'Worker #4c3aa291' stopped.
2018-01-31 17:58:06,133 [Worker #b54be5b8] Hangfire.Server.Worker - (null) - Background process 'Worker #b54be5b8' stopped.
2018-01-31 17:58:06,134 [Worker #04325d3c] Hangfire.Server.Worker - (null) - Background process 'Worker #04325d3c' stopped.
2018-01-31 17:58:06,130 [Worker #220ae56b] Hangfire.Server.Worker - (null) - Background process 'Worker #220ae56b' stopped.
2018-01-31 17:58:06,146 [Worker #699cfce5] Hangfire.Server.Worker - (null) - Background process 'Worker #699cfce5' stopped.
2018-01-31 17:58:06,129 [Worker #8eafbcdd] Hangfire.Server.Worker - (null) - Background process 'Worker #8eafbcdd' stopped.
2018-01-31 17:58:06,131 [Worker #460b30a3] Hangfire.Server.Worker - (null) - Background process 'Worker #460b30a3' stopped.
2018-01-31 17:58:06,146 [Worker #83a6931a] Hangfire.Server.Worker - (null) - Background process 'Worker #83a6931a' stopped.
2018-01-31 17:58:06,133 [Worker #4e4d36a3] Hangfire.Server.Worker - (null) - Background process 'Worker #4e4d36a3' stopped.
2018-01-31 17:58:06,134 [Worker #5836b8b7] Hangfire.Server.Worker - (null) - Background process 'Worker #5836b8b7' stopped.
2018-01-31 17:58:06,147 [Hangfire.SqlServer.CountersAggregator] Hangfire.SqlServer.CountersAggregator - (null) - Background process 'Hangfire.SqlServer.CountersAggregator' stopped.
2018-01-31 17:58:06,135 [Worker #4602c045] Hangfire.Server.Worker - (null) - Background process 'Worker #4602c045' stopped.
2018-01-31 17:58:06,147 [Hangfire.SqlServer.ExpirationManager] Hangfire.SqlServer.ExpirationManager - (null) - Background process 'Hangfire.SqlServer.ExpirationManager' stopped.
2018-01-31 17:58:06,127 [Worker #f34f8306] Hangfire.Server.Worker - (null) - Background process 'Worker #f34f8306' stopped.
2018-01-31 17:58:06,128 [DelayedJobScheduler] Hangfire.Server.DelayedJobScheduler - (null) - Background process 'DelayedJobScheduler' stopped.
2018-01-31 17:58:06,129 [Worker #ee441c86] Hangfire.Server.Worker - (null) - Background process 'Worker #ee441c86' stopped.
2018-01-31 17:58:06,130 [Worker #bdfbc375] Hangfire.Server.Worker - (null) - Background process 'Worker #bdfbc375' stopped.
2018-01-31 17:58:06,128 [Worker #21134f41] Hangfire.Server.Worker - (null) - Background process 'Worker #21134f41' stopped.
2018-01-31 17:58:06,131 [Worker #172c66b7] Hangfire.Server.Worker - (null) - Background process 'Worker #172c66b7' stopped.
2018-01-31 17:58:06,134 [Worker #189adb38] Hangfire.Server.Worker - (null) - Background process 'Worker #189adb38' stopped.
2018-01-31 17:58:06,140 [Worker #e50434f7] Hangfire.Server.Worker - (null) - Background process 'Worker #e50434f7' stopped.
2018-01-31 17:58:06,143 [Worker #7e9892af] Hangfire.Server.Worker - (null) - Background process 'Worker #7e9892af' stopped.
2018-01-31 17:58:06,132 [Worker #a3b36a09] Hangfire.Server.Worker - (null) - Background process 'Worker #a3b36a09' stopped.
2018-01-31 17:58:06,145 [Worker #3a09df4d] Hangfire.Server.Worker - (null) - Background process 'Worker #3a09df4d' stopped.
2018-01-31 17:58:06,133 [Worker #d05bb611] Hangfire.Server.Worker - (null) - Background process 'Worker #d05bb611' stopped.
2018-01-31 17:58:27,028 [1] U.Logging.ULog4netLogger - (null) - Loading UPrimes...
2018-01-31 17:58:27,535 [1] U.Logging.ULog4netLogger - (null) - Found 10 UPrimes in total.
2018-01-31 17:58:27,544 [1] U.Logging.ULog4netLogger - (null) - Loaded UPrime: U.ULeadershipUPrime, U, Version=0.6.11.11, Culture=neutral, PublicKeyToken=null
2018-01-31 17:58:27,545 [1] U.Logging.ULog4netLogger - (null) - Loaded UPrime: UZeroConsole.EntityFramework.UZeroConsoleEntityFrameworkUPrime, UZeroConsole.EntityFramework, Version=0.2.7.3, Culture=neutral, PublicKeyToken=null
2018-01-31 17:58:27,546 [1] U.Logging.ULog4netLogger - (null) - Loaded UPrime: U.FakeMvc.UFakeMvcUPrime, U.FakeMvc, Version=0.6.11.11, Culture=neutral, PublicKeyToken=null
2018-01-31 17:58:27,546 [1] U.Logging.ULog4netLogger - (null) - Loaded UPrime: U.Hangfire.UHangfireUPrime, U.HangFire, Version=0.6.11.11, Culture=neutral, PublicKeyToken=null
2018-01-31 17:58:27,547 [1] U.Logging.ULog4netLogger - (null) - Loaded UPrime: U.Web.UWebUPrime, U.Web, Version=0.6.11.11, Culture=neutral, PublicKeyToken=null
2018-01-31 17:58:27,548 [1] U.Logging.ULog4netLogger - (null) - Loaded UPrime: U.WebApi.UWebApiUPrime, U.Web.Api, Version=0.6.11.11, Culture=neutral, PublicKeyToken=null
2018-01-31 17:58:27,549 [1] U.Logging.ULog4netLogger - (null) - Loaded UPrime: U.AutoMapper.UAutoMapperUPrime, U.AutoMapper, Version=0.6.11.11, Culture=neutral, PublicKeyToken=null
2018-01-31 17:58:27,550 [1] U.Logging.ULog4netLogger - (null) - Loaded UPrime: U.EntityFramework.UEntityFrameworkUPrime, U.EntityFramework, Version=0.6.11.11, Culture=neutral, PublicKeyToken=null
2018-01-31 17:58:27,551 [1] U.Logging.ULog4netLogger - (null) - Loaded UPrime: UZeroConsole.UZeroConsoleUPrime, UZeroConsole, Version=0.2.7.3, Culture=neutral, PublicKeyToken=null
2018-01-31 17:58:27,552 [1] U.Logging.ULog4netLogger - (null) - Loaded UPrime: UZeroConsole.Web.UZeroConsoleWebUPrime, UZeroConsole.Web, Version=0.2.7.3, Culture=neutral, PublicKeyToken=null
2018-01-31 17:58:27,555 [1] U.Logging.ULog4netLogger - (null) - 10 UPrime loaded.
2018-01-31 17:58:27,816 [1] Hangfire.SqlServer.SqlServerStorage - (null) - Start installing Hangfire SQL objects...
2018-01-31 17:58:28,065 [1] Hangfire.SqlServer.SqlServerStorage - (null) - Hangfire SQL objects installed.
2018-01-31 17:58:28,483 [1] U.Logging.ULog4netLogger - (null) - Start background worker£ºU.Hangfire.HangfireBackgroundJobManager
2018-01-31 17:58:28,492 [1] Hangfire.BackgroundJobServer - (null) - Starting Hangfire Server
2018-01-31 17:58:28,494 [1] Hangfire.BackgroundJobServer - (null) - Using job storage: 'SQL Server: 120.132.57.7,1444@UZeroConsole.Tests'.
2018-01-31 17:58:28,495 [1] Hangfire.BackgroundJobServer - (null) - Using the following options for SQL Server job storage:
2018-01-31 17:58:28,495 [1] Hangfire.BackgroundJobServer - (null) -     Queue poll interval: 00:00:15.
2018-01-31 17:58:28,495 [1] Hangfire.BackgroundJobServer - (null) - Using the following options for Hangfire Server:
2018-01-31 17:58:28,496 [1] Hangfire.BackgroundJobServer - (null) -     Worker count: 40.
2018-01-31 17:58:28,496 [1] Hangfire.BackgroundJobServer - (null) -     Listening queues: 'default'.
2018-01-31 17:58:28,496 [1] Hangfire.BackgroundJobServer - (null) -     Shutdown timeout: 00:00:15.
2018-01-31 17:58:28,497 [1] Hangfire.BackgroundJobServer - (null) -     Schedule polling interval: 00:00:15.
2018-01-31 17:58:28,507 [BackgroundProcessingServer] Hangfire.Server.BackgroundProcessingServer - (null) - Background process 'BackgroundProcessingServer' started.
2018-01-31 17:58:28,595 [ServerHeartbeat] Hangfire.Server.ServerHeartbeat - (null) - Background process 'ServerHeartbeat' started.
2018-01-31 17:58:28,601 [ServerWatchdog] Hangfire.Server.ServerWatchdog - (null) - Background process 'ServerWatchdog' started.
2018-01-31 17:58:28,606 [Hangfire.SqlServer.ExpirationManager] Hangfire.SqlServer.ExpirationManager - (null) - Background process 'Hangfire.SqlServer.ExpirationManager' started.
2018-01-31 17:58:28,609 [Hangfire.SqlServer.CountersAggregator] Hangfire.SqlServer.CountersAggregator - (null) - Background process 'Hangfire.SqlServer.CountersAggregator' started.
2018-01-31 17:58:28,610 [Hangfire.SqlServer.ExpirationManager] Hangfire.SqlServer.ExpirationManager - (null) - Removing outdated records from table 'AggregatedCounter'...
2018-01-31 17:58:28,611 [Worker #8a827110] Hangfire.Server.Worker - (null) - Background process 'Worker #8a827110' started.
2018-01-31 17:58:28,611 [Hangfire.SqlServer.CountersAggregator] Hangfire.SqlServer.CountersAggregator - (null) - Aggregating records in 'Counter' table...
2018-01-31 17:58:28,617 [Worker #998d3489] Hangfire.Server.Worker - (null) - Background process 'Worker #998d3489' started.
2018-01-31 17:58:28,619 [Worker #006e5c88] Hangfire.Server.Worker - (null) - Background process 'Worker #006e5c88' started.
2018-01-31 17:58:28,624 [Worker #60a00889] Hangfire.Server.Worker - (null) - Background process 'Worker #60a00889' started.
2018-01-31 17:58:28,626 [Worker #eaff96e2] Hangfire.Server.Worker - (null) - Background process 'Worker #eaff96e2' started.
2018-01-31 17:58:28,628 [Worker #312aa8ab] Hangfire.Server.Worker - (null) - Background process 'Worker #312aa8ab' started.
2018-01-31 17:58:28,636 [Worker #3c129ae5] Hangfire.Server.Worker - (null) - Background process 'Worker #3c129ae5' started.
2018-01-31 17:58:28,638 [Worker #b589c47f] Hangfire.Server.Worker - (null) - Background process 'Worker #b589c47f' started.
2018-01-31 17:58:28,641 [Worker #93fb1d12] Hangfire.Server.Worker - (null) - Background process 'Worker #93fb1d12' started.
2018-01-31 17:58:28,649 [Worker #79396625] Hangfire.Server.Worker - (null) - Background process 'Worker #79396625' started.
2018-01-31 17:58:28,654 [Worker #79a50e83] Hangfire.Server.Worker - (null) - Background process 'Worker #79a50e83' started.
2018-01-31 17:58:28,659 [Worker #8982fc48] Hangfire.Server.Worker - (null) - Background process 'Worker #8982fc48' started.
2018-01-31 17:58:28,668 [Worker #1e6c1f1f] Hangfire.Server.Worker - (null) - Background process 'Worker #1e6c1f1f' started.
2018-01-31 17:58:28,678 [Worker #ccfaca02] Hangfire.Server.Worker - (null) - Background process 'Worker #ccfaca02' started.
2018-01-31 17:58:28,682 [Worker #30c31138] Hangfire.Server.Worker - (null) - Background process 'Worker #30c31138' started.
2018-01-31 17:58:28,684 [Worker #4915e2c2] Hangfire.Server.Worker - (null) - Background process 'Worker #4915e2c2' started.
2018-01-31 17:58:28,691 [Worker #aa2e4f82] Hangfire.Server.Worker - (null) - Background process 'Worker #aa2e4f82' started.
2018-01-31 17:58:28,696 [Worker #7aa78f54] Hangfire.Server.Worker - (null) - Background process 'Worker #7aa78f54' started.
2018-01-31 17:58:28,698 [Worker #22d90e40] Hangfire.Server.Worker - (null) - Background process 'Worker #22d90e40' started.
2018-01-31 17:58:28,704 [Worker #2612ebbd] Hangfire.Server.Worker - (null) - Background process 'Worker #2612ebbd' started.
2018-01-31 17:58:28,729 [Worker #aed50797] Hangfire.Server.Worker - (null) - Background process 'Worker #aed50797' started.
2018-01-31 17:58:28,729 [Worker #30bbb5c2] Hangfire.Server.Worker - (null) - Background process 'Worker #30bbb5c2' started.
2018-01-31 17:58:28,735 [Worker #e6d0019c] Hangfire.Server.Worker - (null) - Background process 'Worker #e6d0019c' started.
2018-01-31 17:58:28,750 [Worker #cd0a7e99] Hangfire.Server.Worker - (null) - Background process 'Worker #cd0a7e99' started.
2018-01-31 17:58:28,753 [Worker #290a67c2] Hangfire.Server.Worker - (null) - Background process 'Worker #290a67c2' started.
2018-01-31 17:58:28,757 [Worker #52e26019] Hangfire.Server.Worker - (null) - Background process 'Worker #52e26019' started.
2018-01-31 17:58:28,760 [Worker #714a46ae] Hangfire.Server.Worker - (null) - Background process 'Worker #714a46ae' started.
2018-01-31 17:58:28,769 [Worker #31394c2e] Hangfire.Server.Worker - (null) - Background process 'Worker #31394c2e' started.
2018-01-31 17:58:28,772 [Worker #66cbbd30] Hangfire.Server.Worker - (null) - Background process 'Worker #66cbbd30' started.
2018-01-31 17:58:28,776 [Worker #7ccaadd3] Hangfire.Server.Worker - (null) - Background process 'Worker #7ccaadd3' started.
2018-01-31 17:58:28,779 [Worker #1d86583d] Hangfire.Server.Worker - (null) - Background process 'Worker #1d86583d' started.
2018-01-31 17:58:28,781 [Worker #d11a0f50] Hangfire.Server.Worker - (null) - Background process 'Worker #d11a0f50' started.
2018-01-31 17:58:28,794 [Worker #cc5cdcf6] Hangfire.Server.Worker - (null) - Background process 'Worker #cc5cdcf6' started.
2018-01-31 17:58:28,797 [Worker #b2241c06] Hangfire.Server.Worker - (null) - Background process 'Worker #b2241c06' started.
2018-01-31 17:58:28,802 [Worker #a1c1962f] Hangfire.Server.Worker - (null) - Background process 'Worker #a1c1962f' started.
2018-01-31 17:58:28,808 [Worker #c33510ac] Hangfire.Server.Worker - (null) - Background process 'Worker #c33510ac' started.
2018-01-31 17:58:28,819 [Worker #db2af2e5] Hangfire.Server.Worker - (null) - Background process 'Worker #db2af2e5' started.
2018-01-31 17:58:28,822 [Worker #c1e9878a] Hangfire.Server.Worker - (null) - Background process 'Worker #c1e9878a' started.
2018-01-31 17:58:28,828 [Worker #263f5869] Hangfire.Server.Worker - (null) - Background process 'Worker #263f5869' started.
2018-01-31 17:58:28,833 [Worker #30ce452c] Hangfire.Server.Worker - (null) - Background process 'Worker #30ce452c' started.
2018-01-31 17:58:28,836 [DelayedJobScheduler] Hangfire.Server.DelayedJobScheduler - (null) - Background process 'DelayedJobScheduler' started.
2018-01-31 17:58:28,841 [RecurringJobScheduler] Hangfire.Server.RecurringJobScheduler - (null) - Background process 'RecurringJobScheduler' started.
2018-01-31 17:58:29,070 [1] U.Logging.ULog4netLogger - (null) - Found 0 classes defines auto mapping attributes
2018-01-31 17:58:29,071 [1] U.Logging.ULog4netLogger - (null) - (^_^)(^_^)(^_^) UStarter startup completed.
2018-01-31 17:58:29,466 [Hangfire.SqlServer.ExpirationManager] Hangfire.SqlServer.ExpirationManager - (null) - Removing outdated records from table 'Job'...
2018-01-31 17:58:29,587 [Hangfire.SqlServer.ExpirationManager] Hangfire.SqlServer.ExpirationManager - (null) - Removing outdated records from table 'List'...
2018-01-31 17:58:29,679 [Hangfire.SqlServer.ExpirationManager] Hangfire.SqlServer.ExpirationManager - (null) - Removing outdated records from table 'Set'...
2018-01-31 17:58:29,783 [Hangfire.SqlServer.ExpirationManager] Hangfire.SqlServer.ExpirationManager - (null) - Removing outdated records from table 'Hash'...
2018-01-31 18:03:29,532 [Hangfire.SqlServer.CountersAggregator] Hangfire.SqlServer.CountersAggregator - (null) - Aggregating records in 'Counter' table...
2018-01-31 18:08:29,591 [Hangfire.SqlServer.CountersAggregator] Hangfire.SqlServer.CountersAggregator - (null) - Aggregating records in 'Counter' table...
